{"total": {"lines":{"total":3194,"covered":1958,"skipped":0,"pct":61.3},"statements":{"total":3537,"covered":2150,"skipped":0,"pct":60.78},"functions":{"total":619,"covered":294,"skipped":0,"pct":47.49},"branches":{"total":1331,"covered":837,"skipped":0,"pct":62.88},"branchesTrue":{"total":0,"covered":0,"skipped":0,"pct":100}}
,"E:\\repos\\e-commerce_ob_1\\backend\\src\\app.module.ts": {"lines":{"total":41,"covered":0,"skipped":0,"pct":0},"functions":{"total":5,"covered":0,"skipped":0,"pct":0},"statements":{"total":43,"covered":0,"skipped":0,"pct":0},"branches":{"total":13,"covered":0,"skipped":0,"pct":0}}
,"E:\\repos\\e-commerce_ob_1\\backend\\src\\config.validation.ts": {"lines":{"total":4,"covered":4,"skipped":0,"pct":100},"functions":{"total":1,"covered":1,"skipped":0,"pct":100},"statements":{"total":4,"covered":4,"skipped":0,"pct":100},"branches":{"total":2,"covered":2,"skipped":0,"pct":100}}
,"E:\\repos\\e-commerce_ob_1\\backend\\src\\health.controller.ts": {"lines":{"total":28,"covered":28,"skipped":0,"pct":100},"functions":{"total":6,"covered":6,"skipped":0,"pct":100},"statements":{"total":31,"covered":31,"skipped":0,"pct":100},"branches":{"total":12,"covered":12,"skipped":0,"pct":100}}
,"E:\\repos\\e-commerce_ob_1\\backend\\src\\instrument.ts": {"lines":{"total":5,"covered":0,"skipped":0,"pct":0},"functions":{"total":0,"covered":0,"skipped":0,"pct":100},"statements":{"total":5,"covered":0,"skipped":0,"pct":0},"branches":{"total":8,"covered":0,"skipped":0,"pct":0}}
,"E:\\repos\\e-commerce_ob_1\\backend\\src\\common\\decorators\\session-id.decorator.ts": {"lines":{"total":9,"covered":3,"skipped":0,"pct":33.33},"functions":{"total":1,"covered":0,"skipped":0,"pct":0},"statements":{"total":10,"covered":3,"skipped":0,"pct":30},"branches":{"total":4,"covered":0,"skipped":0,"pct":0}}
,"E:\\repos\\e-commerce_ob_1\\backend\\src\\common\\guards\\turnstile.guard.ts": {"lines":{"total":11,"covered":11,"skipped":0,"pct":100},"functions":{"total":2,"covered":2,"skipped":0,"pct":100},"statements":{"total":16,"covered":16,"skipped":0,"pct":100},"branches":{"total":6,"covered":6,"skipped":0,"pct":100}}
,"E:\\repos\\e-commerce_ob_1\\backend\\src\\common\\interceptors\\timeout.interceptor.ts": {"lines":{"total":9,"covered":9,"skipped":0,"pct":100},"functions":{"total":5,"covered":5,"skipped":0,"pct":100},"statements":{"total":13,"covered":13,"skipped":0,"pct":100},"branches":{"total":3,"covered":3,"skipped":0,"pct":100}}
,"E:\\repos\\e-commerce_ob_1\\backend\\src\\modules\\admin\\admin.module.ts": {"lines":{"total":2,"covered":0,"skipped":0,"pct":0},"functions":{"total":0,"covered":0,"skipped":0,"pct":100},"statements":{"total":4,"covered":0,"skipped":0,"pct":0},"branches":{"total":0,"covered":0,"skipped":0,"pct":100}}
,"E:\\repos\\e-commerce_ob_1\\backend\\src\\modules\\admin\\admin.setup.ts": {"lines":{"total":166,"covered":13,"skipped":0,"pct":7.83},"functions":{"total":41,"covered":1,"skipped":0,"pct":2.43},"statements":{"total":175,"covered":13,"skipped":0,"pct":7.42},"branches":{"total":79,"covered":7,"skipped":0,"pct":8.86}}
,"E:\\repos\\e-commerce_ob_1\\backend\\src\\modules\\auth\\auth.constants.ts": {"lines":{"total":1,"covered":1,"skipped":0,"pct":100},"functions":{"total":0,"covered":0,"skipped":0,"pct":100},"statements":{"total":1,"covered":1,"skipped":0,"pct":100},"branches":{"total":0,"covered":0,"skipped":0,"pct":100}}
,"E:\\repos\\e-commerce_ob_1\\backend\\src\\modules\\auth\\auth.controller.ts": {"lines":{"total":79,"covered":67,"skipped":0,"pct":84.81},"functions":{"total":16,"covered":8,"skipped":0,"pct":50},"statements":{"total":81,"covered":69,"skipped":0,"pct":85.18},"branches":{"total":12,"covered":10,"skipped":0,"pct":83.33}}
,"E:\\repos\\e-commerce_ob_1\\backend\\src\\modules\\auth\\auth.module.ts": {"lines":{"total":13,"covered":0,"skipped":0,"pct":0},"functions":{"total":2,"covered":0,"skipped":0,"pct":0},"statements":{"total":15,"covered":0,"skipped":0,"pct":0},"branches":{"total":0,"covered":0,"skipped":0,"pct":100}}
,"E:\\repos\\e-commerce_ob_1\\backend\\src\\modules\\auth\\auth.service.ts": {"lines":{"total":164,"covered":159,"skipped":0,"pct":96.95},"functions":{"total":23,"covered":22,"skipped":0,"pct":95.65},"statements":{"total":178,"covered":173,"skipped":0,"pct":97.19},"branches":{"total":100,"covered":92,"skipped":0,"pct":92}}
,"E:\\repos\\e-commerce_ob_1\\backend\\src\\modules\\auth\\decorators\\current-user.decorator.ts": {"lines":{"total":4,"covered":2,"skipped":0,"pct":50},"functions":{"total":1,"covered":0,"skipped":0,"pct":0},"statements":{"total":4,"covered":2,"skipped":0,"pct":50},"branches":{"total":0,"covered":0,"skipped":0,"pct":100}}
,"E:\\repos\\e-commerce_ob_1\\backend\\src\\modules\\auth\\decorators\\public.decorator.ts": {"lines":{"total":3,"covered":3,"skipped":0,"pct":100},"functions":{"total":1,"covered":1,"skipped":0,"pct":100},"statements":{"total":5,"covered":5,"skipped":0,"pct":100},"branches":{"total":0,"covered":0,"skipped":0,"pct":100}}
,"E:\\repos\\e-commerce_ob_1\\backend\\src\\modules\\auth\\decorators\\roles.decorator.ts": {"lines":{"total":3,"covered":3,"skipped":0,"pct":100},"functions":{"total":1,"covered":1,"skipped":0,"pct":100},"statements":{"total":5,"covered":5,"skipped":0,"pct":100},"branches":{"total":0,"covered":0,"skipped":0,"pct":100}}
,"E:\\repos\\e-commerce_ob_1\\backend\\src\\modules\\auth\\dto\\exchange-token.dto.ts": {"lines":{"total":3,"covered":3,"skipped":0,"pct":100},"functions":{"total":0,"covered":0,"skipped":0,"pct":100},"statements":{"total":3,"covered":3,"skipped":0,"pct":100},"branches":{"total":0,"covered":0,"skipped":0,"pct":100}}
,"E:\\repos\\e-commerce_ob_1\\backend\\src\\modules\\auth\\dto\\forgot-password.dto.ts": {"lines":{"total":3,"covered":3,"skipped":0,"pct":100},"functions":{"total":0,"covered":0,"skipped":0,"pct":100},"statements":{"total":3,"covered":3,"skipped":0,"pct":100},"branches":{"total":0,"covered":0,"skipped":0,"pct":100}}
,"E:\\repos\\e-commerce_ob_1\\backend\\src\\modules\\auth\\dto\\login.dto.ts": {"lines":{"total":4,"covered":4,"skipped":0,"pct":100},"functions":{"total":0,"covered":0,"skipped":0,"pct":100},"statements":{"total":4,"covered":4,"skipped":0,"pct":100},"branches":{"total":0,"covered":0,"skipped":0,"pct":100}}
,"E:\\repos\\e-commerce_ob_1\\backend\\src\\modules\\auth\\dto\\magic-link.dto.ts": {"lines":{"total":5,"covered":5,"skipped":0,"pct":100},"functions":{"total":0,"covered":0,"skipped":0,"pct":100},"statements":{"total":5,"covered":5,"skipped":0,"pct":100},"branches":{"total":0,"covered":0,"skipped":0,"pct":100}}
,"E:\\repos\\e-commerce_ob_1\\backend\\src\\modules\\auth\\dto\\register.dto.ts": {"lines":{"total":6,"covered":6,"skipped":0,"pct":100},"functions":{"total":0,"covered":0,"skipped":0,"pct":100},"statements":{"total":6,"covered":6,"skipped":0,"pct":100},"branches":{"total":0,"covered":0,"skipped":0,"pct":100}}
,"E:\\repos\\e-commerce_ob_1\\backend\\src\\modules\\auth\\dto\\reset-password.dto.ts": {"lines":{"total":4,"covered":4,"skipped":0,"pct":100},"functions":{"total":0,"covered":0,"skipped":0,"pct":100},"statements":{"total":4,"covered":4,"skipped":0,"pct":100},"branches":{"total":0,"covered":0,"skipped":0,"pct":100}}
,"E:\\repos\\e-commerce_ob_1\\backend\\src\\modules\\auth\\dto\\verify-email.dto.ts": {"lines":{"total":3,"covered":3,"skipped":0,"pct":100},"functions":{"total":0,"covered":0,"skipped":0,"pct":100},"statements":{"total":3,"covered":3,"skipped":0,"pct":100},"branches":{"total":0,"covered":0,"skipped":0,"pct":100}}
,"E:\\repos\\e-commerce_ob_1\\backend\\src\\modules\\auth\\guards\\google-auth.guard.ts": {"lines":{"total":3,"covered":3,"skipped":0,"pct":100},"functions":{"total":0,"covered":0,"skipped":0,"pct":100},"statements":{"total":5,"covered":5,"skipped":0,"pct":100},"branches":{"total":0,"covered":0,"skipped":0,"pct":100}}
,"E:\\repos\\e-commerce_ob_1\\backend\\src\\modules\\auth\\guards\\jwt-auth.guard.ts": {"lines":{"total":10,"covered":7,"skipped":0,"pct":70},"functions":{"total":2,"covered":1,"skipped":0,"pct":50},"statements":{"total":13,"covered":9,"skipped":0,"pct":69.23},"branches":{"total":2,"covered":0,"skipped":0,"pct":0}}
,"E:\\repos\\e-commerce_ob_1\\backend\\src\\modules\\auth\\guards\\jwt-refresh.guard.ts": {"lines":{"total":11,"covered":4,"skipped":0,"pct":36.36},"functions":{"total":2,"covered":1,"skipped":0,"pct":50},"statements":{"total":15,"covered":6,"skipped":0,"pct":40},"branches":{"total":6,"covered":0,"skipped":0,"pct":0}}
,"E:\\repos\\e-commerce_ob_1\\backend\\src\\modules\\auth\\guards\\optional-jwt.guard.ts": {"lines":{"total":4,"covered":3,"skipped":0,"pct":75},"functions":{"total":1,"covered":0,"skipped":0,"pct":0},"statements":{"total":6,"covered":5,"skipped":0,"pct":83.33},"branches":{"total":0,"covered":0,"skipped":0,"pct":100}}
,"E:\\repos\\e-commerce_ob_1\\backend\\src\\modules\\auth\\guards\\roles.guard.ts": {"lines":{"total":9,"covered":9,"skipped":0,"pct":100},"functions":{"total":2,"covered":2,"skipped":0,"pct":100},"statements":{"total":12,"covered":12,"skipped":0,"pct":100},"branches":{"total":2,"covered":2,"skipped":0,"pct":100}}
,"E:\\repos\\e-commerce_ob_1\\backend\\src\\modules\\auth\\strategies\\google.strategy.ts": {"lines":{"total":14,"covered":14,"skipped":0,"pct":100},"functions":{"total":2,"covered":2,"skipped":0,"pct":100},"statements":{"total":17,"covered":17,"skipped":0,"pct":100},"branches":{"total":2,"covered":2,"skipped":0,"pct":100}}
,"E:\\repos\\e-commerce_ob_1\\backend\\src\\modules\\auth\\strategies\\jwt.strategy.ts": {"lines":{"total":17,"covered":17,"skipped":0,"pct":100},"functions":{"total":2,"covered":2,"skipped":0,"pct":100},"statements":{"total":20,"covered":20,"skipped":0,"pct":100},"branches":{"total":6,"covered":6,"skipped":0,"pct":100}}
,"E:\\repos\\e-commerce_ob_1\\backend\\src\\modules\\cart\\cart-cleanup.service.ts": {"lines":{"total":17,"covered":0,"skipped":0,"pct":0},"functions":{"total":3,"covered":0,"skipped":0,"pct":0},"statements":{"total":20,"covered":0,"skipped":0,"pct":0},"branches":{"total":2,"covered":0,"skipped":0,"pct":0}}
,"E:\\repos\\e-commerce_ob_1\\backend\\src\\modules\\cart\\cart.controller.ts": {"lines":{"total":22,"covered":0,"skipped":0,"pct":0},"functions":{"total":6,"covered":0,"skipped":0,"pct":0},"statements":{"total":25,"covered":0,"skipped":0,"pct":0},"branches":{"total":2,"covered":0,"skipped":0,"pct":0}}
,"E:\\repos\\e-commerce_ob_1\\backend\\src\\modules\\cart\\cart.module.ts": {"lines":{"total":5,"covered":0,"skipped":0,"pct":0},"functions":{"total":0,"covered":0,"skipped":0,"pct":100},"statements":{"total":7,"covered":0,"skipped":0,"pct":0},"branches":{"total":0,"covered":0,"skipped":0,"pct":100}}
,"E:\\repos\\e-commerce_ob_1\\backend\\src\\modules\\cart\\cart.service.ts": {"lines":{"total":63,"covered":61,"skipped":0,"pct":96.82},"functions":{"total":15,"covered":14,"skipped":0,"pct":93.33},"statements":{"total":74,"covered":72,"skipped":0,"pct":97.29},"branches":{"total":42,"covered":40,"skipped":0,"pct":95.23}}
,"E:\\repos\\e-commerce_ob_1\\backend\\src\\modules\\cart\\dto\\add-to-cart.dto.ts": {"lines":{"total":4,"covered":0,"skipped":0,"pct":0},"functions":{"total":0,"covered":0,"skipped":0,"pct":100},"statements":{"total":4,"covered":0,"skipped":0,"pct":0},"branches":{"total":0,"covered":0,"skipped":0,"pct":100}}
,"E:\\repos\\e-commerce_ob_1\\backend\\src\\modules\\cart\\dto\\update-cart-item.dto.ts": {"lines":{"total":3,"covered":0,"skipped":0,"pct":0},"functions":{"total":0,"covered":0,"skipped":0,"pct":100},"statements":{"total":3,"covered":0,"skipped":0,"pct":0},"branches":{"total":0,"covered":0,"skipped":0,"pct":100}}
,"E:\\repos\\e-commerce_ob_1\\backend\\src\\modules\\categories\\categories.controller.ts": {"lines":{"total":20,"covered":0,"skipped":0,"pct":0},"functions":{"total":6,"covered":0,"skipped":0,"pct":0},"statements":{"total":22,"covered":0,"skipped":0,"pct":0},"branches":{"total":0,"covered":0,"skipped":0,"pct":100}}
,"E:\\repos\\e-commerce_ob_1\\backend\\src\\modules\\categories\\categories.module.ts": {"lines":{"total":4,"covered":0,"skipped":0,"pct":0},"functions":{"total":0,"covered":0,"skipped":0,"pct":100},"statements":{"total":6,"covered":0,"skipped":0,"pct":0},"branches":{"total":0,"covered":0,"skipped":0,"pct":100}}
,"E:\\repos\\e-commerce_ob_1\\backend\\src\\modules\\categories\\categories.service.ts": {"lines":{"total":21,"covered":0,"skipped":0,"pct":0},"functions":{"total":7,"covered":0,"skipped":0,"pct":0},"statements":{"total":25,"covered":0,"skipped":0,"pct":0},"branches":{"total":10,"covered":0,"skipped":0,"pct":0}}
,"E:\\repos\\e-commerce_ob_1\\backend\\src\\modules\\categories\\dto\\category.dto.ts": {"lines":{"total":13,"covered":0,"skipped":0,"pct":0},"functions":{"total":0,"covered":0,"skipped":0,"pct":100},"statements":{"total":13,"covered":0,"skipped":0,"pct":0},"branches":{"total":0,"covered":0,"skipped":0,"pct":100}}
,"E:\\repos\\e-commerce_ob_1\\backend\\src\\modules\\correlation\\correlation-id.storage.ts": {"lines":{"total":3,"covered":3,"skipped":0,"pct":100},"functions":{"total":1,"covered":1,"skipped":0,"pct":100},"statements":{"total":5,"covered":5,"skipped":0,"pct":100},"branches":{"total":0,"covered":0,"skipped":0,"pct":100}}
,"E:\\repos\\e-commerce_ob_1\\backend\\src\\modules\\correlation\\correlation.middleware.ts": {"lines":{"total":8,"covered":8,"skipped":0,"pct":100},"functions":{"total":1,"covered":1,"skipped":0,"pct":100},"statements":{"total":10,"covered":10,"skipped":0,"pct":100},"branches":{"total":2,"covered":2,"skipped":0,"pct":100}}
,"E:\\repos\\e-commerce_ob_1\\backend\\src\\modules\\correlation\\correlation.module.ts": {"lines":{"total":4,"covered":0,"skipped":0,"pct":0},"functions":{"total":1,"covered":0,"skipped":0,"pct":0},"statements":{"total":6,"covered":0,"skipped":0,"pct":0},"branches":{"total":0,"covered":0,"skipped":0,"pct":100}}
,"E:\\repos\\e-commerce_ob_1\\backend\\src\\modules\\coupons\\coupon.controller.ts": {"lines":{"total":23,"covered":0,"skipped":0,"pct":0},"functions":{"total":6,"covered":0,"skipped":0,"pct":0},"statements":{"total":25,"covered":0,"skipped":0,"pct":0},"branches":{"total":6,"covered":0,"skipped":0,"pct":0}}
,"E:\\repos\\e-commerce_ob_1\\backend\\src\\modules\\coupons\\coupon.module.ts": {"lines":{"total":4,"covered":0,"skipped":0,"pct":0},"functions":{"total":0,"covered":0,"skipped":0,"pct":100},"statements":{"total":6,"covered":0,"skipped":0,"pct":0},"branches":{"total":0,"covered":0,"skipped":0,"pct":100}}
,"E:\\repos\\e-commerce_ob_1\\backend\\src\\modules\\coupons\\coupon.service.ts": {"lines":{"total":60,"covered":54,"skipped":0,"pct":90},"functions":{"total":11,"covered":9,"skipped":0,"pct":81.81},"statements":{"total":67,"covered":60,"skipped":0,"pct":89.55},"branches":{"total":80,"covered":71,"skipped":0,"pct":88.75}}
,"E:\\repos\\e-commerce_ob_1\\backend\\src\\modules\\coupons\\dto\\create-coupon.dto.ts": {"lines":{"total":19,"covered":0,"skipped":0,"pct":0},"functions":{"total":0,"covered":0,"skipped":0,"pct":100},"statements":{"total":19,"covered":0,"skipped":0,"pct":0},"branches":{"total":0,"covered":0,"skipped":0,"pct":100}}
,"E:\\repos\\e-commerce_ob_1\\backend\\src\\modules\\coupons\\dto\\validate-coupon.dto.ts": {"lines":{"total":5,"covered":0,"skipped":0,"pct":0},"functions":{"total":0,"covered":0,"skipped":0,"pct":100},"statements":{"total":5,"covered":0,"skipped":0,"pct":0},"branches":{"total":0,"covered":0,"skipped":0,"pct":100}}
,"E:\\repos\\e-commerce_ob_1\\backend\\src\\modules\\email\\email-queue.processor.ts": {"lines":{"total":47,"covered":43,"skipped":0,"pct":91.48},"functions":{"total":2,"covered":2,"skipped":0,"pct":100},"statements":{"total":49,"covered":45,"skipped":0,"pct":91.83},"branches":{"total":18,"covered":16,"skipped":0,"pct":88.88}}
,"E:\\repos\\e-commerce_ob_1\\backend\\src\\modules\\email\\email-queue.service.ts": {"lines":{"total":29,"covered":23,"skipped":0,"pct":79.31},"functions":{"total":19,"covered":13,"skipped":0,"pct":68.42},"statements":{"total":31,"covered":25,"skipped":0,"pct":80.64},"branches":{"total":0,"covered":0,"skipped":0,"pct":100}}
,"E:\\repos\\e-commerce_ob_1\\backend\\src\\modules\\email\\email-webhook.controller.ts": {"lines":{"total":35,"covered":35,"skipped":0,"pct":100},"functions":{"total":4,"covered":4,"skipped":0,"pct":100},"statements":{"total":37,"covered":37,"skipped":0,"pct":100},"branches":{"total":14,"covered":10,"skipped":0,"pct":71.42}}
,"E:\\repos\\e-commerce_ob_1\\backend\\src\\modules\\email\\email.module.ts": {"lines":{"total":8,"covered":0,"skipped":0,"pct":0},"functions":{"total":0,"covered":0,"skipped":0,"pct":100},"statements":{"total":10,"covered":0,"skipped":0,"pct":0},"branches":{"total":0,"covered":0,"skipped":0,"pct":100}}
,"E:\\repos\\e-commerce_ob_1\\backend\\src\\modules\\email\\email.service.ts": {"lines":{"total":97,"covered":21,"skipped":0,"pct":21.64},"functions":{"total":27,"covered":0,"skipped":0,"pct":0},"statements":{"total":102,"covered":23,"skipped":0,"pct":22.54},"branches":{"total":12,"covered":0,"skipped":0,"pct":0}}
,"E:\\repos\\e-commerce_ob_1\\backend\\src\\modules\\email\\templates\\back-in-stock.template.ts": {"lines":{"total":4,"covered":1,"skipped":0,"pct":25},"functions":{"total":1,"covered":0,"skipped":0,"pct":0},"statements":{"total":4,"covered":1,"skipped":0,"pct":25},"branches":{"total":2,"covered":0,"skipped":0,"pct":0}}
,"E:\\repos\\e-commerce_ob_1\\backend\\src\\modules\\email\\templates\\email-change.template.ts": {"lines":{"total":2,"covered":1,"skipped":0,"pct":50},"functions":{"total":1,"covered":0,"skipped":0,"pct":0},"statements":{"total":2,"covered":1,"skipped":0,"pct":50},"branches":{"total":0,"covered":0,"skipped":0,"pct":100}}
,"E:\\repos\\e-commerce_ob_1\\backend\\src\\modules\\email\\templates\\email-verification.template.ts": {"lines":{"total":2,"covered":1,"skipped":0,"pct":50},"functions":{"total":1,"covered":0,"skipped":0,"pct":0},"statements":{"total":2,"covered":1,"skipped":0,"pct":50},"branches":{"total":0,"covered":0,"skipped":0,"pct":100}}
,"E:\\repos\\e-commerce_ob_1\\backend\\src\\modules\\email\\templates\\invoice.template.ts": {"lines":{"total":6,"covered":1,"skipped":0,"pct":16.66},"functions":{"total":3,"covered":0,"skipped":0,"pct":0},"statements":{"total":6,"covered":1,"skipped":0,"pct":16.66},"branches":{"total":2,"covered":0,"skipped":0,"pct":0}}
,"E:\\repos\\e-commerce_ob_1\\backend\\src\\modules\\email\\templates\\low-stock-alert.template.ts": {"lines":{"total":14,"covered":1,"skipped":0,"pct":7.14},"functions":{"total":3,"covered":0,"skipped":0,"pct":0},"statements":{"total":15,"covered":1,"skipped":0,"pct":6.66},"branches":{"total":8,"covered":0,"skipped":0,"pct":0}}
,"E:\\repos\\e-commerce_ob_1\\backend\\src\\modules\\email\\templates\\magic-link.template.ts": {"lines":{"total":2,"covered":1,"skipped":0,"pct":50},"functions":{"total":1,"covered":0,"skipped":0,"pct":0},"statements":{"total":2,"covered":1,"skipped":0,"pct":50},"branches":{"total":0,"covered":0,"skipped":0,"pct":100}}
,"E:\\repos\\e-commerce_ob_1\\backend\\src\\modules\\email\\templates\\new-order-notification.template.ts": {"lines":{"total":8,"covered":1,"skipped":0,"pct":12.5},"functions":{"total":2,"covered":0,"skipped":0,"pct":0},"statements":{"total":8,"covered":1,"skipped":0,"pct":12.5},"branches":{"total":2,"covered":0,"skipped":0,"pct":0}}
,"E:\\repos\\e-commerce_ob_1\\backend\\src\\modules\\email\\templates\\order-cancellation.template.ts": {"lines":{"total":5,"covered":1,"skipped":0,"pct":20},"functions":{"total":2,"covered":0,"skipped":0,"pct":0},"statements":{"total":5,"covered":1,"skipped":0,"pct":20},"branches":{"total":6,"covered":0,"skipped":0,"pct":0}}
,"E:\\repos\\e-commerce_ob_1\\backend\\src\\modules\\email\\templates\\order-confirmation.template.ts": {"lines":{"total":7,"covered":7,"skipped":0,"pct":100},"functions":{"total":3,"covered":3,"skipped":0,"pct":100},"statements":{"total":7,"covered":7,"skipped":0,"pct":100},"branches":{"total":4,"covered":4,"skipped":0,"pct":100}}
,"E:\\repos\\e-commerce_ob_1\\backend\\src\\modules\\email\\templates\\password-reset.template.ts": {"lines":{"total":2,"covered":1,"skipped":0,"pct":50},"functions":{"total":1,"covered":0,"skipped":0,"pct":0},"statements":{"total":2,"covered":1,"skipped":0,"pct":50},"branches":{"total":0,"covered":0,"skipped":0,"pct":100}}
,"E:\\repos\\e-commerce_ob_1\\backend\\src\\modules\\email\\templates\\payment-confirmed.template.ts": {"lines":{"total":3,"covered":1,"skipped":0,"pct":33.33},"functions":{"total":2,"covered":0,"skipped":0,"pct":0},"statements":{"total":3,"covered":1,"skipped":0,"pct":33.33},"branches":{"total":0,"covered":0,"skipped":0,"pct":100}}
,"E:\\repos\\e-commerce_ob_1\\backend\\src\\modules\\email\\templates\\return-admin-notification.template.ts": {"lines":{"total":9,"covered":9,"skipped":0,"pct":100},"functions":{"total":2,"covered":2,"skipped":0,"pct":100},"statements":{"total":9,"covered":9,"skipped":0,"pct":100},"branches":{"total":22,"covered":21,"skipped":0,"pct":95.45}}
,"E:\\repos\\e-commerce_ob_1\\backend\\src\\modules\\email\\templates\\return-confirmation.template.ts": {"lines":{"total":8,"covered":8,"skipped":0,"pct":100},"functions":{"total":2,"covered":2,"skipped":0,"pct":100},"statements":{"total":8,"covered":8,"skipped":0,"pct":100},"branches":{"total":4,"covered":4,"skipped":0,"pct":100}}
,"E:\\repos\\e-commerce_ob_1\\backend\\src\\modules\\email\\templates\\return-status-update.template.ts": {"lines":{"total":7,"covered":1,"skipped":0,"pct":14.28},"functions":{"total":1,"covered":0,"skipped":0,"pct":0},"statements":{"total":7,"covered":1,"skipped":0,"pct":14.28},"branches":{"total":12,"covered":0,"skipped":0,"pct":0}}
,"E:\\repos\\e-commerce_ob_1\\backend\\src\\modules\\email\\templates\\review-request.template.ts": {"lines":{"total":6,"covered":1,"skipped":0,"pct":16.66},"functions":{"total":2,"covered":0,"skipped":0,"pct":0},"statements":{"total":6,"covered":1,"skipped":0,"pct":16.66},"branches":{"total":4,"covered":0,"skipped":0,"pct":0}}
,"E:\\repos\\e-commerce_ob_1\\backend\\src\\modules\\email\\templates\\shipping-notification.template.ts": {"lines":{"total":3,"covered":1,"skipped":0,"pct":33.33},"functions":{"total":1,"covered":0,"skipped":0,"pct":0},"statements":{"total":3,"covered":1,"skipped":0,"pct":33.33},"branches":{"total":2,"covered":0,"skipped":0,"pct":0}}
,"E:\\repos\\e-commerce_ob_1\\backend\\src\\modules\\invoice\\invoice.module.ts": {"lines":{"total":4,"covered":0,"skipped":0,"pct":0},"functions":{"total":0,"covered":0,"skipped":0,"pct":100},"statements":{"total":6,"covered":0,"skipped":0,"pct":0},"branches":{"total":0,"covered":0,"skipped":0,"pct":100}}
,"E:\\repos\\e-commerce_ob_1\\backend\\src\\modules\\invoice\\invoice.service.ts": {"lines":{"total":151,"covered":149,"skipped":0,"pct":98.67},"functions":{"total":16,"covered":15,"skipped":0,"pct":93.75},"statements":{"total":160,"covered":156,"skipped":0,"pct":97.5},"branches":{"total":30,"covered":24,"skipped":0,"pct":80}}
,"E:\\repos\\e-commerce_ob_1\\backend\\src\\modules\\location\\location.controller.ts": {"lines":{"total":20,"covered":20,"skipped":0,"pct":100},"functions":{"total":3,"covered":3,"skipped":0,"pct":100},"statements":{"total":26,"covered":26,"skipped":0,"pct":100},"branches":{"total":12,"covered":12,"skipped":0,"pct":100}}
,"E:\\repos\\e-commerce_ob_1\\backend\\src\\modules\\monitoring\\monitoring.module.ts": {"lines":{"total":4,"covered":0,"skipped":0,"pct":0},"functions":{"total":0,"covered":0,"skipped":0,"pct":100},"statements":{"total":6,"covered":0,"skipped":0,"pct":0},"branches":{"total":0,"covered":0,"skipped":0,"pct":100}}
,"E:\\repos\\e-commerce_ob_1\\backend\\src\\modules\\monitoring\\supabase-monitoring.service.ts": {"lines":{"total":33,"covered":33,"skipped":0,"pct":100},"functions":{"total":6,"covered":6,"skipped":0,"pct":100},"statements":{"total":37,"covered":37,"skipped":0,"pct":100},"branches":{"total":8,"covered":8,"skipped":0,"pct":100}}
,"E:\\repos\\e-commerce_ob_1\\backend\\src\\modules\\orders\\orders.controller.ts": {"lines":{"total":53,"covered":39,"skipped":0,"pct":73.58},"functions":{"total":17,"covered":3,"skipped":0,"pct":17.64},"statements":{"total":55,"covered":41,"skipped":0,"pct":74.54},"branches":{"total":4,"covered":4,"skipped":0,"pct":100}}
,"E:\\repos\\e-commerce_ob_1\\backend\\src\\modules\\orders\\orders.module.ts": {"lines":{"total":10,"covered":0,"skipped":0,"pct":0},"functions":{"total":0,"covered":0,"skipped":0,"pct":100},"statements":{"total":12,"covered":0,"skipped":0,"pct":0},"branches":{"total":0,"covered":0,"skipped":0,"pct":100}}
,"E:\\repos\\e-commerce_ob_1\\backend\\src\\modules\\orders\\orders.service.ts": {"lines":{"total":279,"covered":246,"skipped":0,"pct":88.17},"functions":{"total":54,"covered":45,"skipped":0,"pct":83.33},"statements":{"total":305,"covered":271,"skipped":0,"pct":88.85},"branches":{"total":192,"covered":172,"skipped":0,"pct":89.58}}
,"E:\\repos\\e-commerce_ob_1\\backend\\src\\modules\\orders\\dto\\admin-orders-query.dto.ts": {"lines":{"total":6,"covered":6,"skipped":0,"pct":100},"functions":{"total":0,"covered":0,"skipped":0,"pct":100},"statements":{"total":6,"covered":6,"skipped":0,"pct":100},"branches":{"total":0,"covered":0,"skipped":0,"pct":100}}
,"E:\\repos\\e-commerce_ob_1\\backend\\src\\modules\\orders\\dto\\cancel-items.dto.ts": {"lines":{"total":7,"covered":6,"skipped":0,"pct":85.71},"functions":{"total":1,"covered":0,"skipped":0,"pct":0},"statements":{"total":7,"covered":6,"skipped":0,"pct":85.71},"branches":{"total":0,"covered":0,"skipped":0,"pct":100}}
,"E:\\repos\\e-commerce_ob_1\\backend\\src\\modules\\orders\\dto\\create-order.dto.ts": {"lines":{"total":24,"covered":23,"skipped":0,"pct":95.83},"functions":{"total":1,"covered":0,"skipped":0,"pct":0},"statements":{"total":24,"covered":23,"skipped":0,"pct":95.83},"branches":{"total":0,"covered":0,"skipped":0,"pct":100}}
,"E:\\repos\\e-commerce_ob_1\\backend\\src\\modules\\orders\\dto\\update-order-status.dto.ts": {"lines":{"total":4,"covered":4,"skipped":0,"pct":100},"functions":{"total":0,"covered":0,"skipped":0,"pct":100},"statements":{"total":4,"covered":4,"skipped":0,"pct":100},"branches":{"total":0,"covered":0,"skipped":0,"pct":100}}
,"E:\\repos\\e-commerce_ob_1\\backend\\src\\modules\\orders\\dto\\user-orders-query.dto.ts": {"lines":{"total":4,"covered":4,"skipped":0,"pct":100},"functions":{"total":0,"covered":0,"skipped":0,"pct":100},"statements":{"total":4,"covered":4,"skipped":0,"pct":100},"branches":{"total":0,"covered":0,"skipped":0,"pct":100}}
,"E:\\repos\\e-commerce_ob_1\\backend\\src\\modules\\payments\\payments.controller.ts": {"lines":{"total":38,"covered":38,"skipped":0,"pct":100},"functions":{"total":6,"covered":5,"skipped":0,"pct":83.33},"statements":{"total":41,"covered":40,"skipped":0,"pct":97.56},"branches":{"total":8,"covered":8,"skipped":0,"pct":100}}
,"E:\\repos\\e-commerce_ob_1\\backend\\src\\modules\\payments\\payments.module.ts": {"lines":{"total":8,"covered":0,"skipped":0,"pct":0},"functions":{"total":0,"covered":0,"skipped":0,"pct":100},"statements":{"total":10,"covered":0,"skipped":0,"pct":0},"branches":{"total":0,"covered":0,"skipped":0,"pct":100}}
,"E:\\repos\\e-commerce_ob_1\\backend\\src\\modules\\payments\\payments.service.ts": {"lines":{"total":238,"covered":225,"skipped":0,"pct":94.53},"functions":{"total":39,"covered":32,"skipped":0,"pct":82.05},"statements":{"total":249,"covered":235,"skipped":0,"pct":94.37},"branches":{"total":127,"covered":116,"skipped":0,"pct":91.33}}
,"E:\\repos\\e-commerce_ob_1\\backend\\src\\modules\\payments\\stripe.client.ts": {"lines":{"total":30,"covered":22,"skipped":0,"pct":73.33},"functions":{"total":9,"covered":3,"skipped":0,"pct":33.33},"statements":{"total":32,"covered":24,"skipped":0,"pct":75},"branches":{"total":14,"covered":10,"skipped":0,"pct":71.42}}
,"E:\\repos\\e-commerce_ob_1\\backend\\src\\modules\\prisma\\prisma.module.ts": {"lines":{"total":3,"covered":0,"skipped":0,"pct":0},"functions":{"total":0,"covered":0,"skipped":0,"pct":100},"statements":{"total":5,"covered":0,"skipped":0,"pct":0},"branches":{"total":0,"covered":0,"skipped":0,"pct":100}}
,"E:\\repos\\e-commerce_ob_1\\backend\\src\\modules\\prisma\\prisma.service.ts": {"lines":{"total":13,"covered":4,"skipped":0,"pct":30.76},"functions":{"total":3,"covered":0,"skipped":0,"pct":0},"statements":{"total":15,"covered":6,"skipped":0,"pct":40},"branches":{"total":0,"covered":0,"skipped":0,"pct":100}}
,"E:\\repos\\e-commerce_ob_1\\backend\\src\\modules\\products\\products.controller.ts": {"lines":{"total":49,"covered":0,"skipped":0,"pct":0},"functions":{"total":16,"covered":0,"skipped":0,"pct":0},"statements":{"total":52,"covered":0,"skipped":0,"pct":0},"branches":{"total":9,"covered":0,"skipped":0,"pct":0}}
,"E:\\repos\\e-commerce_ob_1\\backend\\src\\modules\\products\\products.module.ts": {"lines":{"total":12,"covered":0,"skipped":0,"pct":0},"functions":{"total":3,"covered":0,"skipped":0,"pct":0},"statements":{"total":14,"covered":0,"skipped":0,"pct":0},"branches":{"total":0,"covered":0,"skipped":0,"pct":100}}
,"E:\\repos\\e-commerce_ob_1\\backend\\src\\modules\\products\\products.service.ts": {"lines":{"total":242,"covered":45,"skipped":0,"pct":18.59},"functions":{"total":68,"covered":11,"skipped":0,"pct":16.17},"statements":{"total":305,"covered":53,"skipped":0,"pct":17.37},"branches":{"total":153,"covered":15,"skipped":0,"pct":9.8}}
,"E:\\repos\\e-commerce_ob_1\\backend\\src\\modules\\products\\dto\\product.dto.ts": {"lines":{"total":79,"covered":0,"skipped":0,"pct":0},"functions":{"total":7,"covered":0,"skipped":0,"pct":0},"statements":{"total":79,"covered":0,"skipped":0,"pct":0},"branches":{"total":18,"covered":0,"skipped":0,"pct":0}}
,"E:\\repos\\e-commerce_ob_1\\backend\\src\\modules\\redis\\redis.module.ts": {"lines":{"total":9,"covered":0,"skipped":0,"pct":0},"functions":{"total":4,"covered":0,"skipped":0,"pct":0},"statements":{"total":13,"covered":0,"skipped":0,"pct":0},"branches":{"total":2,"covered":0,"skipped":0,"pct":0}}
,"E:\\repos\\e-commerce_ob_1\\backend\\src\\modules\\returns\\returns.controller.ts": {"lines":{"total":10,"covered":0,"skipped":0,"pct":0},"functions":{"total":2,"covered":0,"skipped":0,"pct":0},"statements":{"total":12,"covered":0,"skipped":0,"pct":0},"branches":{"total":0,"covered":0,"skipped":0,"pct":100}}
,"E:\\repos\\e-commerce_ob_1\\backend\\src\\modules\\returns\\returns.module.ts": {"lines":{"total":6,"covered":0,"skipped":0,"pct":0},"functions":{"total":0,"covered":0,"skipped":0,"pct":100},"statements":{"total":8,"covered":0,"skipped":0,"pct":0},"branches":{"total":0,"covered":0,"skipped":0,"pct":100}}
,"E:\\repos\\e-commerce_ob_1\\backend\\src\\modules\\returns\\returns.service.ts": {"lines":{"total":53,"covered":53,"skipped":0,"pct":100},"functions":{"total":8,"covered":8,"skipped":0,"pct":100},"statements":{"total":60,"covered":60,"skipped":0,"pct":100},"branches":{"total":54,"covered":54,"skipped":0,"pct":100}}
,"E:\\repos\\e-commerce_ob_1\\backend\\src\\modules\\returns\\dto\\create-return.dto.ts": {"lines":{"total":27,"covered":26,"skipped":0,"pct":96.29},"functions":{"total":3,"covered":2,"skipped":0,"pct":66.66},"statements":{"total":27,"covered":26,"skipped":0,"pct":96.29},"branches":{"total":4,"covered":4,"skipped":0,"pct":100}}
,"E:\\repos\\e-commerce_ob_1\\backend\\src\\modules\\reviews\\reviews.controller.ts": {"lines":{"total":23,"covered":23,"skipped":0,"pct":100},"functions":{"total":7,"covered":7,"skipped":0,"pct":100},"statements":{"total":25,"covered":25,"skipped":0,"pct":100},"branches":{"total":3,"covered":3,"skipped":0,"pct":100}}
,"E:\\repos\\e-commerce_ob_1\\backend\\src\\modules\\reviews\\reviews.module.ts": {"lines":{"total":5,"covered":0,"skipped":0,"pct":0},"functions":{"total":0,"covered":0,"skipped":0,"pct":100},"statements":{"total":7,"covered":0,"skipped":0,"pct":0},"branches":{"total":0,"covered":0,"skipped":0,"pct":100}}
,"E:\\repos\\e-commerce_ob_1\\backend\\src\\modules\\reviews\\reviews.service.ts": {"lines":{"total":48,"covered":48,"skipped":0,"pct":100},"functions":{"total":11,"covered":11,"skipped":0,"pct":100},"statements":{"total":55,"covered":55,"skipped":0,"pct":100},"branches":{"total":45,"covered":45,"skipped":0,"pct":100}}
,"E:\\repos\\e-commerce_ob_1\\backend\\src\\modules\\reviews\\dto\\create-review.dto.ts": {"lines":{"total":10,"covered":10,"skipped":0,"pct":100},"functions":{"total":0,"covered":0,"skipped":0,"pct":100},"statements":{"total":10,"covered":10,"skipped":0,"pct":100},"branches":{"total":0,"covered":0,"skipped":0,"pct":100}}
,"E:\\repos\\e-commerce_ob_1\\backend\\src\\modules\\shipping\\shipping-rates.service.ts": {"lines":{"total":39,"covered":39,"skipped":0,"pct":100},"functions":{"total":6,"covered":6,"skipped":0,"pct":100},"statements":{"total":41,"covered":41,"skipped":0,"pct":100},"branches":{"total":6,"covered":6,"skipped":0,"pct":100}}
,"E:\\repos\\e-commerce_ob_1\\backend\\src\\modules\\shipping\\shipping.controller.ts": {"lines":{"total":22,"covered":0,"skipped":0,"pct":0},"functions":{"total":6,"covered":0,"skipped":0,"pct":0},"statements":{"total":24,"covered":0,"skipped":0,"pct":0},"branches":{"total":0,"covered":0,"skipped":0,"pct":100}}
,"E:\\repos\\e-commerce_ob_1\\backend\\src\\modules\\shipping\\shipping.module.ts": {"lines":{"total":11,"covered":0,"skipped":0,"pct":0},"functions":{"total":0,"covered":0,"skipped":0,"pct":100},"statements":{"total":13,"covered":0,"skipped":0,"pct":0},"branches":{"total":0,"covered":0,"skipped":0,"pct":100}}
,"E:\\repos\\e-commerce_ob_1\\backend\\src\\modules\\shipping\\shipping.service.ts": {"lines":{"total":80,"covered":77,"skipped":0,"pct":96.25},"functions":{"total":9,"covered":8,"skipped":0,"pct":88.88},"statements":{"total":84,"covered":81,"skipped":0,"pct":96.42},"branches":{"total":35,"covered":32,"skipped":0,"pct":91.42}}
,"E:\\repos\\e-commerce_ob_1\\backend\\src\\modules\\shipping\\carriers\\dhl.client.ts": {"lines":{"total":27,"covered":4,"skipped":0,"pct":14.81},"functions":{"total":4,"covered":0,"skipped":0,"pct":0},"statements":{"total":29,"covered":6,"skipped":0,"pct":20.68},"branches":{"total":16,"covered":0,"skipped":0,"pct":0}}
,"E:\\repos\\e-commerce_ob_1\\backend\\src\\modules\\shipping\\carriers\\dpd.client.ts": {"lines":{"total":22,"covered":4,"skipped":0,"pct":18.18},"functions":{"total":4,"covered":0,"skipped":0,"pct":0},"statements":{"total":24,"covered":6,"skipped":0,"pct":25},"branches":{"total":16,"covered":0,"skipped":0,"pct":0}}
,"E:\\repos\\e-commerce_ob_1\\backend\\src\\modules\\shipping\\carriers\\gls.client.ts": {"lines":{"total":23,"covered":4,"skipped":0,"pct":17.39},"functions":{"total":4,"covered":0,"skipped":0,"pct":0},"statements":{"total":25,"covered":6,"skipped":0,"pct":24},"branches":{"total":16,"covered":0,"skipped":0,"pct":0}}
,"E:\\repos\\e-commerce_ob_1\\backend\\src\\modules\\shipping\\carriers\\inpost.client.ts": {"lines":{"total":35,"covered":5,"skipped":0,"pct":14.28},"functions":{"total":5,"covered":0,"skipped":0,"pct":0},"statements":{"total":37,"covered":7,"skipped":0,"pct":18.91},"branches":{"total":14,"covered":0,"skipped":0,"pct":0}}
,"E:\\repos\\e-commerce_ob_1\\backend\\src\\modules\\shipping\\dto\\update-shipping-rate.dto.ts": {"lines":{"total":4,"covered":0,"skipped":0,"pct":0},"functions":{"total":0,"covered":0,"skipped":0,"pct":100},"statements":{"total":4,"covered":0,"skipped":0,"pct":0},"branches":{"total":0,"covered":0,"skipped":0,"pct":100}}
,"E:\\repos\\e-commerce_ob_1\\backend\\src\\modules\\storage\\storage.controller.ts": {"lines":{"total":2,"covered":0,"skipped":0,"pct":0},"functions":{"total":0,"covered":0,"skipped":0,"pct":100},"statements":{"total":4,"covered":0,"skipped":0,"pct":0},"branches":{"total":0,"covered":0,"skipped":0,"pct":100}}
,"E:\\repos\\e-commerce_ob_1\\backend\\src\\modules\\storage\\storage.module.ts": {"lines":{"total":4,"covered":0,"skipped":0,"pct":0},"functions":{"total":0,"covered":0,"skipped":0,"pct":100},"statements":{"total":6,"covered":0,"skipped":0,"pct":0},"branches":{"total":0,"covered":0,"skipped":0,"pct":100}}
,"E:\\repos\\e-commerce_ob_1\\backend\\src\\modules\\storage\\storage.service.ts": {"lines":{"total":29,"covered":7,"skipped":0,"pct":24.13},"functions":{"total":5,"covered":0,"skipped":0,"pct":0},"statements":{"total":36,"covered":9,"skipped":0,"pct":25},"branches":{"total":12,"covered":0,"skipped":0,"pct":0}}
,"E:\\repos\\e-commerce_ob_1\\backend\\src\\modules\\users\\users.controller.ts": {"lines":{"total":42,"covered":33,"skipped":0,"pct":78.57},"functions":{"total":11,"covered":4,"skipped":0,"pct":36.36},"statements":{"total":44,"covered":35,"skipped":0,"pct":79.54},"branches":{"total":0,"covered":0,"skipped":0,"pct":100}}
,"E:\\repos\\e-commerce_ob_1\\backend\\src\\modules\\users\\users.module.ts": {"lines":{"total":6,"covered":0,"skipped":0,"pct":0},"functions":{"total":1,"covered":0,"skipped":0,"pct":0},"statements":{"total":8,"covered":0,"skipped":0,"pct":0},"branches":{"total":0,"covered":0,"skipped":0,"pct":100}}
,"E:\\repos\\e-commerce_ob_1\\backend\\src\\modules\\users\\users.service.ts": {"lines":{"total":31,"covered":17,"skipped":0,"pct":54.83},"functions":{"total":12,"covered":4,"skipped":0,"pct":33.33},"statements":{"total":36,"covered":21,"skipped":0,"pct":58.33},"branches":{"total":14,"covered":8,"skipped":0,"pct":57.14}}
,"E:\\repos\\e-commerce_ob_1\\backend\\src\\modules\\users\\dto\\address.dto.ts": {"lines":{"total":21,"covered":21,"skipped":0,"pct":100},"functions":{"total":0,"covered":0,"skipped":0,"pct":100},"statements":{"total":21,"covered":21,"skipped":0,"pct":100},"branches":{"total":0,"covered":0,"skipped":0,"pct":100}}
,"E:\\repos\\e-commerce_ob_1\\backend\\src\\modules\\users\\dto\\change-email.dto.ts": {"lines":{"total":3,"covered":3,"skipped":0,"pct":100},"functions":{"total":0,"covered":0,"skipped":0,"pct":100},"statements":{"total":3,"covered":3,"skipped":0,"pct":100},"branches":{"total":0,"covered":0,"skipped":0,"pct":100}}
,"E:\\repos\\e-commerce_ob_1\\backend\\src\\modules\\users\\dto\\change-password.dto.ts": {"lines":{"total":4,"covered":4,"skipped":0,"pct":100},"functions":{"total":0,"covered":0,"skipped":0,"pct":100},"statements":{"total":4,"covered":4,"skipped":0,"pct":100},"branches":{"total":0,"covered":0,"skipped":0,"pct":100}}
,"E:\\repos\\e-commerce_ob_1\\backend\\src\\modules\\users\\dto\\update-profile.dto.ts": {"lines":{"total":6,"covered":6,"skipped":0,"pct":100},"functions":{"total":0,"covered":0,"skipped":0,"pct":100},"statements":{"total":6,"covered":6,"skipped":0,"pct":100},"branches":{"total":0,"covered":0,"skipped":0,"pct":100}}
,"E:\\repos\\e-commerce_ob_1\\backend\\src\\modules\\wishlist\\wishlist.controller.ts": {"lines":{"total":17,"covered":17,"skipped":0,"pct":100},"functions":{"total":6,"covered":6,"skipped":0,"pct":100},"statements":{"total":19,"covered":19,"skipped":0,"pct":100},"branches":{"total":0,"covered":0,"skipped":0,"pct":100}}
,"E:\\repos\\e-commerce_ob_1\\backend\\src\\modules\\wishlist\\wishlist.module.ts": {"lines":{"total":4,"covered":0,"skipped":0,"pct":0},"functions":{"total":0,"covered":0,"skipped":0,"pct":100},"statements":{"total":6,"covered":0,"skipped":0,"pct":0},"branches":{"total":0,"covered":0,"skipped":0,"pct":100}}
,"E:\\repos\\e-commerce_ob_1\\backend\\src\\modules\\wishlist\\wishlist.service.ts": {"lines":{"total":17,"covered":17,"skipped":0,"pct":100},"functions":{"total":9,"covered":9,"skipped":0,"pct":100},"statements":{"total":23,"covered":23,"skipped":0,"pct":100},"branches":{"total":6,"covered":6,"skipped":0,"pct":100}}
,"E:\\repos\\e-commerce_ob_1\\backend\\src\\modules\\wishlist\\dto\\merge-wishlist.dto.ts": {"lines":{"total":3,"covered":3,"skipped":0,"pct":100},"functions":{"total":0,"covered":0,"skipped":0,"pct":100},"statements":{"total":3,"covered":3,"skipped":0,"pct":100},"branches":{"total":0,"covered":0,"skipped":0,"pct":100}}
}
