{"total": {"lines":{"total":1425,"covered":306,"skipped":0,"pct":21.47},"statements":{"total":1587,"covered":346,"skipped":0,"pct":21.8},"functions":{"total":228,"covered":42,"skipped":0,"pct":18.42},"branches":{"total":390,"covered":139,"skipped":0,"pct":35.64},"branchesTrue":{"total":0,"covered":0,"skipped":0,"pct":100}}
,"E:\\repos\\e-commerce_ob_1\\backend\\src\\app.module.ts": {"lines":{"total":23,"covered":0,"skipped":0,"pct":0},"functions":{"total":0,"covered":0,"skipped":0,"pct":100},"statements":{"total":25,"covered":0,"skipped":0,"pct":0},"branches":{"total":0,"covered":0,"skipped":0,"pct":100}}
,"E:\\repos\\e-commerce_ob_1\\backend\\src\\config.validation.ts": {"lines":{"total":4,"covered":0,"skipped":0,"pct":0},"functions":{"total":1,"covered":0,"skipped":0,"pct":0},"statements":{"total":4,"covered":0,"skipped":0,"pct":0},"branches":{"total":2,"covered":0,"skipped":0,"pct":0}}
,"E:\\repos\\e-commerce_ob_1\\backend\\src\\health.controller.ts": {"lines":{"total":13,"covered":0,"skipped":0,"pct":0},"functions":{"total":3,"covered":0,"skipped":0,"pct":0},"statements":{"total":16,"covered":0,"skipped":0,"pct":0},"branches":{"total":4,"covered":0,"skipped":0,"pct":0}}
,"E:\\repos\\e-commerce_ob_1\\backend\\src\\instrument.ts": {"lines":{"total":5,"covered":0,"skipped":0,"pct":0},"functions":{"total":0,"covered":0,"skipped":0,"pct":100},"statements":{"total":5,"covered":0,"skipped":0,"pct":0},"branches":{"total":8,"covered":0,"skipped":0,"pct":0}}
,"E:\\repos\\e-commerce_ob_1\\backend\\src\\common\\decorators\\session-id.decorator.ts": {"lines":{"total":9,"covered":0,"skipped":0,"pct":0},"functions":{"total":1,"covered":0,"skipped":0,"pct":0},"statements":{"total":10,"covered":0,"skipped":0,"pct":0},"branches":{"total":4,"covered":0,"skipped":0,"pct":0}}
,"E:\\repos\\e-commerce_ob_1\\backend\\src\\modules\\admin\\admin.module.ts": {"lines":{"total":2,"covered":0,"skipped":0,"pct":0},"functions":{"total":0,"covered":0,"skipped":0,"pct":100},"statements":{"total":4,"covered":0,"skipped":0,"pct":0},"branches":{"total":0,"covered":0,"skipped":0,"pct":100}}
,"E:\\repos\\e-commerce_ob_1\\backend\\src\\modules\\admin\\admin.setup.ts": {"lines":{"total":37,"covered":0,"skipped":0,"pct":0},"functions":{"total":4,"covered":0,"skipped":0,"pct":0},"statements":{"total":38,"covered":0,"skipped":0,"pct":0},"branches":{"total":19,"covered":0,"skipped":0,"pct":0}}
,"E:\\repos\\e-commerce_ob_1\\backend\\src\\modules\\auth\\auth.controller.ts": {"lines":{"total":50,"covered":0,"skipped":0,"pct":0},"functions":{"total":8,"covered":0,"skipped":0,"pct":0},"statements":{"total":52,"covered":0,"skipped":0,"pct":0},"branches":{"total":10,"covered":0,"skipped":0,"pct":0}}
,"E:\\repos\\e-commerce_ob_1\\backend\\src\\modules\\auth\\auth.module.ts": {"lines":{"total":11,"covered":0,"skipped":0,"pct":0},"functions":{"total":1,"covered":0,"skipped":0,"pct":0},"statements":{"total":13,"covered":0,"skipped":0,"pct":0},"branches":{"total":0,"covered":0,"skipped":0,"pct":100}}
,"E:\\repos\\e-commerce_ob_1\\backend\\src\\modules\\auth\\auth.service.ts": {"lines":{"total":53,"covered":53,"skipped":0,"pct":100},"functions":{"total":8,"covered":8,"skipped":0,"pct":100},"statements":{"total":59,"covered":59,"skipped":0,"pct":100},"branches":{"total":23,"covered":23,"skipped":0,"pct":100}}
,"E:\\repos\\e-commerce_ob_1\\backend\\src\\modules\\auth\\decorators\\current-user.decorator.ts": {"lines":{"total":4,"covered":0,"skipped":0,"pct":0},"functions":{"total":1,"covered":0,"skipped":0,"pct":0},"statements":{"total":4,"covered":0,"skipped":0,"pct":0},"branches":{"total":0,"covered":0,"skipped":0,"pct":100}}
,"E:\\repos\\e-commerce_ob_1\\backend\\src\\modules\\auth\\decorators\\public.decorator.ts": {"lines":{"total":3,"covered":0,"skipped":0,"pct":0},"functions":{"total":1,"covered":0,"skipped":0,"pct":0},"statements":{"total":5,"covered":0,"skipped":0,"pct":0},"branches":{"total":0,"covered":0,"skipped":0,"pct":100}}
,"E:\\repos\\e-commerce_ob_1\\backend\\src\\modules\\auth\\decorators\\roles.decorator.ts": {"lines":{"total":3,"covered":0,"skipped":0,"pct":0},"functions":{"total":1,"covered":0,"skipped":0,"pct":0},"statements":{"total":5,"covered":0,"skipped":0,"pct":0},"branches":{"total":0,"covered":0,"skipped":0,"pct":100}}
,"E:\\repos\\e-commerce_ob_1\\backend\\src\\modules\\auth\\dto\\login.dto.ts": {"lines":{"total":4,"covered":0,"skipped":0,"pct":0},"functions":{"total":0,"covered":0,"skipped":0,"pct":100},"statements":{"total":4,"covered":0,"skipped":0,"pct":0},"branches":{"total":0,"covered":0,"skipped":0,"pct":100}}
,"E:\\repos\\e-commerce_ob_1\\backend\\src\\modules\\auth\\dto\\register.dto.ts": {"lines":{"total":6,"covered":0,"skipped":0,"pct":0},"functions":{"total":0,"covered":0,"skipped":0,"pct":100},"statements":{"total":6,"covered":0,"skipped":0,"pct":0},"branches":{"total":0,"covered":0,"skipped":0,"pct":100}}
,"E:\\repos\\e-commerce_ob_1\\backend\\src\\modules\\auth\\guards\\google-auth.guard.ts": {"lines":{"total":3,"covered":0,"skipped":0,"pct":0},"functions":{"total":0,"covered":0,"skipped":0,"pct":100},"statements":{"total":5,"covered":0,"skipped":0,"pct":0},"branches":{"total":0,"covered":0,"skipped":0,"pct":100}}
,"E:\\repos\\e-commerce_ob_1\\backend\\src\\modules\\auth\\guards\\jwt-auth.guard.ts": {"lines":{"total":10,"covered":0,"skipped":0,"pct":0},"functions":{"total":2,"covered":0,"skipped":0,"pct":0},"statements":{"total":13,"covered":0,"skipped":0,"pct":0},"branches":{"total":2,"covered":0,"skipped":0,"pct":0}}
,"E:\\repos\\e-commerce_ob_1\\backend\\src\\modules\\auth\\guards\\jwt-refresh.guard.ts": {"lines":{"total":11,"covered":0,"skipped":0,"pct":0},"functions":{"total":2,"covered":0,"skipped":0,"pct":0},"statements":{"total":15,"covered":0,"skipped":0,"pct":0},"branches":{"total":6,"covered":0,"skipped":0,"pct":0}}
,"E:\\repos\\e-commerce_ob_1\\backend\\src\\modules\\auth\\guards\\optional-jwt.guard.ts": {"lines":{"total":4,"covered":0,"skipped":0,"pct":0},"functions":{"total":1,"covered":0,"skipped":0,"pct":0},"statements":{"total":6,"covered":0,"skipped":0,"pct":0},"branches":{"total":0,"covered":0,"skipped":0,"pct":100}}
,"E:\\repos\\e-commerce_ob_1\\backend\\src\\modules\\auth\\guards\\roles.guard.ts": {"lines":{"total":9,"covered":0,"skipped":0,"pct":0},"functions":{"total":2,"covered":0,"skipped":0,"pct":0},"statements":{"total":12,"covered":0,"skipped":0,"pct":0},"branches":{"total":2,"covered":0,"skipped":0,"pct":0}}
,"E:\\repos\\e-commerce_ob_1\\backend\\src\\modules\\auth\\strategies\\google.strategy.ts": {"lines":{"total":14,"covered":0,"skipped":0,"pct":0},"functions":{"total":2,"covered":0,"skipped":0,"pct":0},"statements":{"total":17,"covered":0,"skipped":0,"pct":0},"branches":{"total":2,"covered":0,"skipped":0,"pct":0}}
,"E:\\repos\\e-commerce_ob_1\\backend\\src\\modules\\auth\\strategies\\jwt.strategy.ts": {"lines":{"total":11,"covered":0,"skipped":0,"pct":0},"functions":{"total":2,"covered":0,"skipped":0,"pct":0},"statements":{"total":14,"covered":0,"skipped":0,"pct":0},"branches":{"total":2,"covered":0,"skipped":0,"pct":0}}
,"E:\\repos\\e-commerce_ob_1\\backend\\src\\modules\\cart\\cart-cleanup.service.ts": {"lines":{"total":17,"covered":0,"skipped":0,"pct":0},"functions":{"total":3,"covered":0,"skipped":0,"pct":0},"statements":{"total":20,"covered":0,"skipped":0,"pct":0},"branches":{"total":2,"covered":0,"skipped":0,"pct":0}}
,"E:\\repos\\e-commerce_ob_1\\backend\\src\\modules\\cart\\cart.controller.ts": {"lines":{"total":21,"covered":0,"skipped":0,"pct":0},"functions":{"total":6,"covered":0,"skipped":0,"pct":0},"statements":{"total":24,"covered":0,"skipped":0,"pct":0},"branches":{"total":2,"covered":0,"skipped":0,"pct":0}}
,"E:\\repos\\e-commerce_ob_1\\backend\\src\\modules\\cart\\cart.module.ts": {"lines":{"total":5,"covered":0,"skipped":0,"pct":0},"functions":{"total":0,"covered":0,"skipped":0,"pct":100},"statements":{"total":7,"covered":0,"skipped":0,"pct":0},"branches":{"total":0,"covered":0,"skipped":0,"pct":100}}
,"E:\\repos\\e-commerce_ob_1\\backend\\src\\modules\\cart\\cart.service.ts": {"lines":{"total":59,"covered":57,"skipped":0,"pct":96.61},"functions":{"total":12,"covered":11,"skipped":0,"pct":91.66},"statements":{"total":70,"covered":67,"skipped":0,"pct":95.71},"branches":{"total":40,"covered":38,"skipped":0,"pct":95}}
,"E:\\repos\\e-commerce_ob_1\\backend\\src\\modules\\cart\\dto\\add-to-cart.dto.ts": {"lines":{"total":4,"covered":0,"skipped":0,"pct":0},"functions":{"total":0,"covered":0,"skipped":0,"pct":100},"statements":{"total":4,"covered":0,"skipped":0,"pct":0},"branches":{"total":0,"covered":0,"skipped":0,"pct":100}}
,"E:\\repos\\e-commerce_ob_1\\backend\\src\\modules\\cart\\dto\\update-cart-item.dto.ts": {"lines":{"total":3,"covered":0,"skipped":0,"pct":0},"functions":{"total":0,"covered":0,"skipped":0,"pct":100},"statements":{"total":3,"covered":0,"skipped":0,"pct":0},"branches":{"total":0,"covered":0,"skipped":0,"pct":100}}
,"E:\\repos\\e-commerce_ob_1\\backend\\src\\modules\\categories\\categories.controller.ts": {"lines":{"total":20,"covered":0,"skipped":0,"pct":0},"functions":{"total":6,"covered":0,"skipped":0,"pct":0},"statements":{"total":22,"covered":0,"skipped":0,"pct":0},"branches":{"total":0,"covered":0,"skipped":0,"pct":100}}
,"E:\\repos\\e-commerce_ob_1\\backend\\src\\modules\\categories\\categories.module.ts": {"lines":{"total":4,"covered":0,"skipped":0,"pct":0},"functions":{"total":0,"covered":0,"skipped":0,"pct":100},"statements":{"total":6,"covered":0,"skipped":0,"pct":0},"branches":{"total":0,"covered":0,"skipped":0,"pct":100}}
,"E:\\repos\\e-commerce_ob_1\\backend\\src\\modules\\categories\\categories.service.ts": {"lines":{"total":21,"covered":0,"skipped":0,"pct":0},"functions":{"total":7,"covered":0,"skipped":0,"pct":0},"statements":{"total":25,"covered":0,"skipped":0,"pct":0},"branches":{"total":10,"covered":0,"skipped":0,"pct":0}}
,"E:\\repos\\e-commerce_ob_1\\backend\\src\\modules\\categories\\dto\\category.dto.ts": {"lines":{"total":13,"covered":0,"skipped":0,"pct":0},"functions":{"total":0,"covered":0,"skipped":0,"pct":100},"statements":{"total":13,"covered":0,"skipped":0,"pct":0},"branches":{"total":0,"covered":0,"skipped":0,"pct":100}}
,"E:\\repos\\e-commerce_ob_1\\backend\\src\\modules\\email\\email-webhook.controller.ts": {"lines":{"total":34,"covered":0,"skipped":0,"pct":0},"functions":{"total":4,"covered":0,"skipped":0,"pct":0},"statements":{"total":36,"covered":0,"skipped":0,"pct":0},"branches":{"total":14,"covered":0,"skipped":0,"pct":0}}
,"E:\\repos\\e-commerce_ob_1\\backend\\src\\modules\\email\\email.module.ts": {"lines":{"total":5,"covered":0,"skipped":0,"pct":0},"functions":{"total":0,"covered":0,"skipped":0,"pct":100},"statements":{"total":7,"covered":0,"skipped":0,"pct":0},"branches":{"total":0,"covered":0,"skipped":0,"pct":100}}
,"E:\\repos\\e-commerce_ob_1\\backend\\src\\modules\\email\\email.service.ts": {"lines":{"total":56,"covered":9,"skipped":0,"pct":16.07},"functions":{"total":14,"covered":0,"skipped":0,"pct":0},"statements":{"total":61,"covered":11,"skipped":0,"pct":18.03},"branches":{"total":10,"covered":0,"skipped":0,"pct":0}}
,"E:\\repos\\e-commerce_ob_1\\backend\\src\\modules\\email\\templates\\invoice.template.ts": {"lines":{"total":6,"covered":1,"skipped":0,"pct":16.66},"functions":{"total":3,"covered":0,"skipped":0,"pct":0},"statements":{"total":6,"covered":1,"skipped":0,"pct":16.66},"branches":{"total":2,"covered":0,"skipped":0,"pct":0}}
,"E:\\repos\\e-commerce_ob_1\\backend\\src\\modules\\email\\templates\\order-confirmation.template.ts": {"lines":{"total":5,"covered":1,"skipped":0,"pct":20},"functions":{"total":3,"covered":0,"skipped":0,"pct":0},"statements":{"total":5,"covered":1,"skipped":0,"pct":20},"branches":{"total":0,"covered":0,"skipped":0,"pct":100}}
,"E:\\repos\\e-commerce_ob_1\\backend\\src\\modules\\email\\templates\\payment-confirmed.template.ts": {"lines":{"total":3,"covered":1,"skipped":0,"pct":33.33},"functions":{"total":2,"covered":0,"skipped":0,"pct":0},"statements":{"total":3,"covered":1,"skipped":0,"pct":33.33},"branches":{"total":0,"covered":0,"skipped":0,"pct":100}}
,"E:\\repos\\e-commerce_ob_1\\backend\\src\\modules\\email\\templates\\shipping-notification.template.ts": {"lines":{"total":3,"covered":1,"skipped":0,"pct":33.33},"functions":{"total":1,"covered":0,"skipped":0,"pct":0},"statements":{"total":3,"covered":1,"skipped":0,"pct":33.33},"branches":{"total":2,"covered":0,"skipped":0,"pct":0}}
,"E:\\repos\\e-commerce_ob_1\\backend\\src\\modules\\invoice\\invoice.module.ts": {"lines":{"total":4,"covered":0,"skipped":0,"pct":0},"functions":{"total":0,"covered":0,"skipped":0,"pct":100},"statements":{"total":6,"covered":0,"skipped":0,"pct":0},"branches":{"total":0,"covered":0,"skipped":0,"pct":100}}
,"E:\\repos\\e-commerce_ob_1\\backend\\src\\modules\\invoice\\invoice.service.ts": {"lines":{"total":134,"covered":9,"skipped":0,"pct":6.71},"functions":{"total":12,"covered":0,"skipped":0,"pct":0},"statements":{"total":141,"covered":11,"skipped":0,"pct":7.8},"branches":{"total":18,"covered":0,"skipped":0,"pct":0}}
,"E:\\repos\\e-commerce_ob_1\\backend\\src\\modules\\location\\location.controller.ts": {"lines":{"total":19,"covered":0,"skipped":0,"pct":0},"functions":{"total":3,"covered":0,"skipped":0,"pct":0},"statements":{"total":25,"covered":0,"skipped":0,"pct":0},"branches":{"total":12,"covered":0,"skipped":0,"pct":0}}
,"E:\\repos\\e-commerce_ob_1\\backend\\src\\modules\\orders\\orders.controller.ts": {"lines":{"total":26,"covered":0,"skipped":0,"pct":0},"functions":{"total":6,"covered":0,"skipped":0,"pct":0},"statements":{"total":28,"covered":0,"skipped":0,"pct":0},"branches":{"total":2,"covered":0,"skipped":0,"pct":0}}
,"E:\\repos\\e-commerce_ob_1\\backend\\src\\modules\\orders\\orders.module.ts": {"lines":{"total":7,"covered":0,"skipped":0,"pct":0},"functions":{"total":0,"covered":0,"skipped":0,"pct":100},"statements":{"total":9,"covered":0,"skipped":0,"pct":0},"branches":{"total":0,"covered":0,"skipped":0,"pct":100}}
,"E:\\repos\\e-commerce_ob_1\\backend\\src\\modules\\orders\\orders.service.ts": {"lines":{"total":69,"covered":62,"skipped":0,"pct":89.85},"functions":{"total":11,"covered":9,"skipped":0,"pct":81.81},"statements":{"total":75,"covered":68,"skipped":0,"pct":90.66},"branches":{"total":51,"covered":41,"skipped":0,"pct":80.39}}
,"E:\\repos\\e-commerce_ob_1\\backend\\src\\modules\\orders\\dto\\admin-orders-query.dto.ts": {"lines":{"total":6,"covered":0,"skipped":0,"pct":0},"functions":{"total":0,"covered":0,"skipped":0,"pct":100},"statements":{"total":6,"covered":0,"skipped":0,"pct":0},"branches":{"total":0,"covered":0,"skipped":0,"pct":100}}
,"E:\\repos\\e-commerce_ob_1\\backend\\src\\modules\\orders\\dto\\create-order.dto.ts": {"lines":{"total":21,"covered":0,"skipped":0,"pct":0},"functions":{"total":1,"covered":0,"skipped":0,"pct":0},"statements":{"total":21,"covered":0,"skipped":0,"pct":0},"branches":{"total":0,"covered":0,"skipped":0,"pct":100}}
,"E:\\repos\\e-commerce_ob_1\\backend\\src\\modules\\orders\\dto\\update-order-status.dto.ts": {"lines":{"total":4,"covered":0,"skipped":0,"pct":0},"functions":{"total":0,"covered":0,"skipped":0,"pct":100},"statements":{"total":4,"covered":0,"skipped":0,"pct":0},"branches":{"total":0,"covered":0,"skipped":0,"pct":100}}
,"E:\\repos\\e-commerce_ob_1\\backend\\src\\modules\\orders\\dto\\user-orders-query.dto.ts": {"lines":{"total":4,"covered":0,"skipped":0,"pct":0},"functions":{"total":0,"covered":0,"skipped":0,"pct":100},"statements":{"total":4,"covered":0,"skipped":0,"pct":0},"branches":{"total":0,"covered":0,"skipped":0,"pct":100}}
,"E:\\repos\\e-commerce_ob_1\\backend\\src\\modules\\payments\\payments.controller.ts": {"lines":{"total":27,"covered":0,"skipped":0,"pct":0},"functions":{"total":4,"covered":0,"skipped":0,"pct":0},"statements":{"total":29,"covered":0,"skipped":0,"pct":0},"branches":{"total":4,"covered":0,"skipped":0,"pct":0}}
,"E:\\repos\\e-commerce_ob_1\\backend\\src\\modules\\payments\\payments.module.ts": {"lines":{"total":7,"covered":0,"skipped":0,"pct":0},"functions":{"total":0,"covered":0,"skipped":0,"pct":100},"statements":{"total":9,"covered":0,"skipped":0,"pct":0},"branches":{"total":0,"covered":0,"skipped":0,"pct":100}}
,"E:\\repos\\e-commerce_ob_1\\backend\\src\\modules\\payments\\payments.service.ts": {"lines":{"total":99,"covered":94,"skipped":0,"pct":94.94},"functions":{"total":16,"covered":14,"skipped":0,"pct":87.5},"statements":{"total":105,"covered":100,"skipped":0,"pct":95.23},"branches":{"total":43,"covered":37,"skipped":0,"pct":86.04}}
,"E:\\repos\\e-commerce_ob_1\\backend\\src\\modules\\payments\\stripe.client.ts": {"lines":{"total":21,"covered":4,"skipped":0,"pct":19.04},"functions":{"total":6,"covered":0,"skipped":0,"pct":0},"statements":{"total":23,"covered":6,"skipped":0,"pct":26.08},"branches":{"total":6,"covered":0,"skipped":0,"pct":0}}
,"E:\\repos\\e-commerce_ob_1\\backend\\src\\modules\\prisma\\prisma.module.ts": {"lines":{"total":3,"covered":0,"skipped":0,"pct":0},"functions":{"total":0,"covered":0,"skipped":0,"pct":100},"statements":{"total":5,"covered":0,"skipped":0,"pct":0},"branches":{"total":0,"covered":0,"skipped":0,"pct":100}}
,"E:\\repos\\e-commerce_ob_1\\backend\\src\\modules\\prisma\\prisma.service.ts": {"lines":{"total":13,"covered":4,"skipped":0,"pct":30.76},"functions":{"total":3,"covered":0,"skipped":0,"pct":0},"statements":{"total":15,"covered":6,"skipped":0,"pct":40},"branches":{"total":0,"covered":0,"skipped":0,"pct":100}}
,"E:\\repos\\e-commerce_ob_1\\backend\\src\\modules\\products\\products.controller.ts": {"lines":{"total":34,"covered":0,"skipped":0,"pct":0},"functions":{"total":10,"covered":0,"skipped":0,"pct":0},"statements":{"total":36,"covered":0,"skipped":0,"pct":0},"branches":{"total":0,"covered":0,"skipped":0,"pct":100}}
,"E:\\repos\\e-commerce_ob_1\\backend\\src\\modules\\products\\products.module.ts": {"lines":{"total":5,"covered":0,"skipped":0,"pct":0},"functions":{"total":0,"covered":0,"skipped":0,"pct":100},"statements":{"total":7,"covered":0,"skipped":0,"pct":0},"branches":{"total":0,"covered":0,"skipped":0,"pct":100}}
,"E:\\repos\\e-commerce_ob_1\\backend\\src\\modules\\products\\products.service.ts": {"lines":{"total":35,"covered":0,"skipped":0,"pct":0},"functions":{"total":11,"covered":0,"skipped":0,"pct":0},"statements":{"total":40,"covered":0,"skipped":0,"pct":0},"branches":{"total":34,"covered":0,"skipped":0,"pct":0}}
,"E:\\repos\\e-commerce_ob_1\\backend\\src\\modules\\products\\dto\\product.dto.ts": {"lines":{"total":54,"covered":0,"skipped":0,"pct":0},"functions":{"total":0,"covered":0,"skipped":0,"pct":100},"statements":{"total":54,"covered":0,"skipped":0,"pct":0},"branches":{"total":0,"covered":0,"skipped":0,"pct":100}}
,"E:\\repos\\e-commerce_ob_1\\backend\\src\\modules\\shipping\\shipping.controller.ts": {"lines":{"total":15,"covered":0,"skipped":0,"pct":0},"functions":{"total":4,"covered":0,"skipped":0,"pct":0},"statements":{"total":17,"covered":0,"skipped":0,"pct":0},"branches":{"total":0,"covered":0,"skipped":0,"pct":100}}
,"E:\\repos\\e-commerce_ob_1\\backend\\src\\modules\\shipping\\shipping.module.ts": {"lines":{"total":9,"covered":0,"skipped":0,"pct":0},"functions":{"total":0,"covered":0,"skipped":0,"pct":100},"statements":{"total":11,"covered":0,"skipped":0,"pct":0},"branches":{"total":0,"covered":0,"skipped":0,"pct":100}}
,"E:\\repos\\e-commerce_ob_1\\backend\\src\\modules\\shipping\\shipping.service.ts": {"lines":{"total":64,"covered":0,"skipped":0,"pct":0},"functions":{"total":7,"covered":0,"skipped":0,"pct":0},"statements":{"total":68,"covered":0,"skipped":0,"pct":0},"branches":{"total":16,"covered":0,"skipped":0,"pct":0}}
,"E:\\repos\\e-commerce_ob_1\\backend\\src\\modules\\shipping\\carriers\\dhl.client.ts": {"lines":{"total":18,"covered":0,"skipped":0,"pct":0},"functions":{"total":3,"covered":0,"skipped":0,"pct":0},"statements":{"total":20,"covered":0,"skipped":0,"pct":0},"branches":{"total":4,"covered":0,"skipped":0,"pct":0}}
,"E:\\repos\\e-commerce_ob_1\\backend\\src\\modules\\shipping\\carriers\\gls.client.ts": {"lines":{"total":15,"covered":0,"skipped":0,"pct":0},"functions":{"total":3,"covered":0,"skipped":0,"pct":0},"statements":{"total":17,"covered":0,"skipped":0,"pct":0},"branches":{"total":6,"covered":0,"skipped":0,"pct":0}}
,"E:\\repos\\e-commerce_ob_1\\backend\\src\\modules\\shipping\\carriers\\inpost.client.ts": {"lines":{"total":35,"covered":0,"skipped":0,"pct":0},"functions":{"total":5,"covered":0,"skipped":0,"pct":0},"statements":{"total":37,"covered":0,"skipped":0,"pct":0},"branches":{"total":8,"covered":0,"skipped":0,"pct":0}}
,"E:\\repos\\e-commerce_ob_1\\backend\\src\\modules\\storage\\storage.controller.ts": {"lines":{"total":2,"covered":0,"skipped":0,"pct":0},"functions":{"total":0,"covered":0,"skipped":0,"pct":100},"statements":{"total":4,"covered":0,"skipped":0,"pct":0},"branches":{"total":0,"covered":0,"skipped":0,"pct":100}}
,"E:\\repos\\e-commerce_ob_1\\backend\\src\\modules\\storage\\storage.module.ts": {"lines":{"total":4,"covered":0,"skipped":0,"pct":0},"functions":{"total":0,"covered":0,"skipped":0,"pct":100},"statements":{"total":6,"covered":0,"skipped":0,"pct":0},"branches":{"total":0,"covered":0,"skipped":0,"pct":100}}
,"E:\\repos\\e-commerce_ob_1\\backend\\src\\modules\\storage\\storage.service.ts": {"lines":{"total":29,"covered":7,"skipped":0,"pct":24.13},"functions":{"total":5,"covered":0,"skipped":0,"pct":0},"statements":{"total":36,"covered":9,"skipped":0,"pct":25},"branches":{"total":12,"covered":0,"skipped":0,"pct":0}}
,"E:\\repos\\e-commerce_ob_1\\backend\\src\\modules\\users\\users.controller.ts": {"lines":{"total":23,"covered":0,"skipped":0,"pct":0},"functions":{"total":7,"covered":0,"skipped":0,"pct":0},"statements":{"total":25,"covered":0,"skipped":0,"pct":0},"branches":{"total":0,"covered":0,"skipped":0,"pct":100}}
,"E:\\repos\\e-commerce_ob_1\\backend\\src\\modules\\users\\users.module.ts": {"lines":{"total":4,"covered":0,"skipped":0,"pct":0},"functions":{"total":0,"covered":0,"skipped":0,"pct":100},"statements":{"total":6,"covered":0,"skipped":0,"pct":0},"branches":{"total":0,"covered":0,"skipped":0,"pct":100}}
,"E:\\repos\\e-commerce_ob_1\\backend\\src\\modules\\users\\users.service.ts": {"lines":{"total":21,"covered":3,"skipped":0,"pct":14.28},"functions":{"total":10,"covered":0,"skipped":0,"pct":0},"statements":{"total":25,"covered":5,"skipped":0,"pct":20},"branches":{"total":8,"covered":0,"skipped":0,"pct":0}}
,"E:\\repos\\e-commerce_ob_1\\backend\\src\\modules\\users\\dto\\address.dto.ts": {"lines":{"total":21,"covered":0,"skipped":0,"pct":0},"functions":{"total":0,"covered":0,"skipped":0,"pct":100},"statements":{"total":21,"covered":0,"skipped":0,"pct":0},"branches":{"total":0,"covered":0,"skipped":0,"pct":100}}
,"E:\\repos\\e-commerce_ob_1\\backend\\src\\modules\\users\\dto\\update-profile.dto.ts": {"lines":{"total":5,"covered":0,"skipped":0,"pct":0},"functions":{"total":0,"covered":0,"skipped":0,"pct":100},"statements":{"total":5,"covered":0,"skipped":0,"pct":0},"branches":{"total":0,"covered":0,"skipped":0,"pct":100}}
}
