{"E:\\repos\\e-commerce_ob_1\\backend\\src\\app.module.ts": {"path":"E:\\repos\\e-commerce_ob_1\\backend\\src\\app.module.ts","statementMap":{"0":{"start":{"line":1,"column":0},"end":{"line":1,"column":40}},"1":{"start":{"line":2,"column":0},"end":{"line":2,"column":53}},"2":{"start":{"line":3,"column":0},"end":{"line":3,"column":46}},"3":{"start":{"line":4,"column":0},"end":{"line":4,"column":68}},"4":{"start":{"line":5,"column":0},"end":{"line":5,"column":50}},"5":{"start":{"line":6,"column":0},"end":{"line":6,"column":72}},"6":{"start":{"line":7,"column":0},"end":{"line":7,"column":55}},"7":{"start":{"line":8,"column":0},"end":{"line":8,"column":58}},"8":{"start":{"line":9,"column":0},"end":{"line":9,"column":62}},"9":{"start":{"line":10,"column":0},"end":{"line":10,"column":56}},"10":{"start":{"line":11,"column":0},"end":{"line":11,"column":59}},"11":{"start":{"line":12,"column":0},"end":{"line":12,"column":74}},"12":{"start":{"line":13,"column":0},"end":{"line":13,"column":68}},"13":{"start":{"line":14,"column":0},"end":{"line":14,"column":56}},"14":{"start":{"line":15,"column":0},"end":{"line":15,"column":62}},"15":{"start":{"line":16,"column":0},"end":{"line":16,"column":68}},"16":{"start":{"line":17,"column":0},"end":{"line":17,"column":68}},"17":{"start":{"line":18,"column":0},"end":{"line":18,"column":59}},"18":{"start":{"line":19,"column":0},"end":{"line":19,"column":65}},"19":{"start":{"line":20,"column":0},"end":{"line":20,"column":59}},"20":{"start":{"line":55,"column":7},"end":{"line":55,"column":null}},"21":{"start":{"line":55,"column":13},"end":{"line":55,"column":22}},"22":{"start":{"line":55,"column":13},"end":{"line":55,"column":null}}},"fnMap":{},"branchMap":{},"s":{"0":0,"1":0,"2":0,"3":0,"4":0,"5":0,"6":0,"7":0,"8":0,"9":0,"10":0,"11":0,"12":0,"13":0,"14":0,"15":0,"16":0,"17":0,"18":0,"19":0,"20":0,"21":0,"22":0},"f":{},"b":{}}
,"E:\\repos\\e-commerce_ob_1\\backend\\src\\config.validation.ts": {"path":"E:\\repos\\e-commerce_ob_1\\backend\\src\\config.validation.ts","statementMap":{"0":{"start":{"line":1,"column":0},"end":{"line":1,"column":27}},"1":{"start":{"line":6,"column":23},"end":{"line":14,"column":4}},"2":{"start":{"line":7,"column":2},"end":{"line":14,"column":4}},"3":{"start":{"line":16,"column":13},"end":{"line":109,"column":35}}},"fnMap":{"0":{"name":"(anonymous_0)","decl":{"start":{"line":6,"column":23},"end":{"line":6,"column":49}},"loc":{"start":{"line":7,"column":2},"end":{"line":14,"column":4}}}},"branchMap":{"0":{"loc":{"start":{"line":11,"column":6},"end":{"line":13,"column":55}},"type":"cond-expr","locations":[{"start":{"line":12,"column":11},"end":{"line":12,"column":46}},{"start":{"line":13,"column":11},"end":{"line":13,"column":55}}]}},"s":{"0":0,"1":0,"2":0,"3":0},"f":{"0":0},"b":{"0":[0,0]}}
,"E:\\repos\\e-commerce_ob_1\\backend\\src\\health.controller.ts": {"path":"E:\\repos\\e-commerce_ob_1\\backend\\src\\health.controller.ts","statementMap":{"0":{"start":{"line":1,"column":0},"end":{"line":1,"column":79}},"1":{"start":{"line":2,"column":0},"end":{"line":2,"column":64}},"2":{"start":{"line":5,"column":7},"end":{"line":24,"column":null}},"3":{"start":{"line":6,"column":31},"end":{"line":6,"column":39}},"4":{"start":{"line":10,"column":21},"end":{"line":10,"column":52}},"5":{"start":{"line":11,"column":4},"end":{"line":11,"column":76}},"6":{"start":{"line":11,"column":42},"end":{"line":11,"column":76}},"7":{"start":{"line":12,"column":4},"end":{"line":12,"column":63}},"8":{"start":{"line":17,"column":4},"end":{"line":22,"column":5}},"9":{"start":{"line":18,"column":6},"end":{"line":18,"column":44}},"10":{"start":{"line":19,"column":6},"end":{"line":19,"column":84}},"11":{"start":{"line":21,"column":6},"end":{"line":21,"column":90}},"12":{"start":{"line":5,"column":13},"end":{"line":5,"column":29}},"13":{"start":{"line":9,"column":2},"end":{"line":13,"column":null}},"14":{"start":{"line":16,"column":8},"end":{"line":23,"column":null}},"15":{"start":{"line":5,"column":13},"end":{"line":24,"column":null}}},"fnMap":{"0":{"name":"(anonymous_4)","decl":{"start":{"line":6,"column":2},"end":{"line":6,"column":31}},"loc":{"start":{"line":6,"column":52},"end":{"line":6,"column":56}}},"1":{"name":"(anonymous_5)","decl":{"start":{"line":9,"column":2},"end":{"line":9,"column":13}},"loc":{"start":{"line":9,"column":45},"end":{"line":13,"column":3}}},"2":{"name":"(anonymous_6)","decl":{"start":{"line":16,"column":8},"end":{"line":16,"column":13}},"loc":{"start":{"line":16,"column":13},"end":{"line":23,"column":3}}}},"branchMap":{"0":{"loc":{"start":{"line":11,"column":4},"end":{"line":11,"column":76}},"type":"if","locations":[{"start":{"line":11,"column":4},"end":{"line":11,"column":76}},{"start":{},"end":{}}]},"1":{"loc":{"start":{"line":11,"column":8},"end":{"line":11,"column":40}},"type":"binary-expr","locations":[{"start":{"line":11,"column":8},"end":{"line":11,"column":17}},{"start":{"line":11,"column":21},"end":{"line":11,"column":40}}]}},"s":{"0":0,"1":0,"2":0,"3":0,"4":0,"5":0,"6":0,"7":0,"8":0,"9":0,"10":0,"11":0,"12":0,"13":0,"14":0,"15":0},"f":{"0":0,"1":0,"2":0},"b":{"0":[0,0],"1":[0,0]}}
,"E:\\repos\\e-commerce_ob_1\\backend\\src\\instrument.ts": {"path":"E:\\repos\\e-commerce_ob_1\\backend\\src\\instrument.ts","statementMap":{"0":{"start":{"line":9,"column":0},"end":{"line":9,"column":41}},"1":{"start":{"line":10,"column":0},"end":{"line":10,"column":66}},"2":{"start":{"line":12,"column":12},"end":{"line":12,"column":34}},"3":{"start":{"line":14,"column":0},"end":{"line":24,"column":1}},"4":{"start":{"line":15,"column":2},"end":{"line":23,"column":5}}},"fnMap":{},"branchMap":{"0":{"loc":{"start":{"line":14,"column":0},"end":{"line":24,"column":1}},"type":"if","locations":[{"start":{"line":14,"column":0},"end":{"line":24,"column":1}},{"start":{},"end":{}}]},"1":{"loc":{"start":{"line":17,"column":17},"end":{"line":17,"column":54}},"type":"binary-expr","locations":[{"start":{"line":17,"column":17},"end":{"line":17,"column":37}},{"start":{"line":17,"column":41},"end":{"line":17,"column":54}}]},"2":{"loc":{"start":{"line":20,"column":29},"end":{"line":20,"column":75}},"type":"binary-expr","locations":[{"start":{"line":20,"column":29},"end":{"line":20,"column":66}},{"start":{"line":20,"column":70},"end":{"line":20,"column":75}}]},"3":{"loc":{"start":{"line":21,"column":31},"end":{"line":21,"column":79}},"type":"binary-expr","locations":[{"start":{"line":21,"column":31},"end":{"line":21,"column":70}},{"start":{"line":21,"column":74},"end":{"line":21,"column":79}}]}},"s":{"0":0,"1":0,"2":0,"3":0,"4":0},"f":{},"b":{"0":[0,0],"1":[0,0],"2":[0,0],"3":[0,0]}}
,"E:\\repos\\e-commerce_ob_1\\backend\\src\\modules\\admin\\admin.module.ts": {"path":"E:\\repos\\e-commerce_ob_1\\backend\\src\\modules\\admin\\admin.module.ts","statementMap":{"0":{"start":{"line":1,"column":0},"end":{"line":1,"column":40}},"1":{"start":{"line":6,"column":7},"end":{"line":6,"column":null}},"2":{"start":{"line":6,"column":13},"end":{"line":6,"column":24}},"3":{"start":{"line":6,"column":13},"end":{"line":6,"column":null}}},"fnMap":{},"branchMap":{},"s":{"0":0,"1":0,"2":0,"3":0},"f":{},"b":{}}
,"E:\\repos\\e-commerce_ob_1\\backend\\src\\modules\\admin\\admin.setup.ts": {"path":"E:\\repos\\e-commerce_ob_1\\backend\\src\\modules\\admin\\admin.setup.ts","statementMap":{"0":{"start":{"line":10,"column":0},"end":{"line":10,"column":7}},"1":{"start":{"line":1,"column":0},"end":{"line":1,"column":40}},"2":{"start":{"line":3,"column":0},"end":{"line":3,"column":33}},"3":{"start":{"line":4,"column":0},"end":{"line":4,"column":43}},"4":{"start":{"line":5,"column":0},"end":{"line":5,"column":54}},"5":{"start":{"line":8,"column":15},"end":{"line":8,"column":36}},"6":{"start":{"line":14,"column":21},"end":{"line":14,"column":52}},"7":{"start":{"line":15,"column":24},"end":{"line":15,"column":58}},"8":{"start":{"line":17,"column":4},"end":{"line":17,"column":75}},"9":{"start":{"line":19,"column":2},"end":{"line":21,"column":3}},"10":{"start":{"line":20,"column":4},"end":{"line":20,"column":96}},"11":{"start":{"line":27,"column":20},"end":{"line":27,"column":89}},"12":{"start":{"line":28,"column":31},"end":{"line":28,"column":83}},"13":{"start":{"line":29,"column":49},"end":{"line":29,"column":117}},"14":{"start":{"line":30,"column":38},"end":{"line":30,"column":108}},"15":{"start":{"line":32,"column":2},"end":{"line":32,"column":50}},"16":{"start":{"line":34,"column":19},"end":{"line":40,"column":4}},"17":{"start":{"line":42,"column":16},"end":{"line":134,"column":4}},"18":{"start":{"line":136,"column":20},"end":{"line":136,"column":44}},"19":{"start":{"line":140,"column":16},"end":{"line":144,"column":4}},"20":{"start":{"line":147,"column":4},"end":{"line":167,"column":41}},"21":{"start":{"line":152,"column":14},"end":{"line":152,"column":52}},"22":{"start":{"line":152,"column":40},"end":{"line":152,"column":52}},"23":{"start":{"line":153,"column":28},"end":{"line":153,"column":73}},"24":{"start":{"line":154,"column":14},"end":{"line":154,"column":46}},"25":{"start":{"line":169,"column":2},"end":{"line":169,"column":42}},"26":{"start":{"line":171,"column":2},"end":{"line":171,"column":69}}},"fnMap":{"0":{"name":"setupAdmin","decl":{"start":{"line":10,"column":22},"end":{"line":10,"column":32}},"loc":{"start":{"line":12,"column":23},"end":{"line":172,"column":1}}},"1":{"name":"(anonymous_1)","decl":{"start":{"line":151,"column":26},"end":{"line":151,"column":31}},"loc":{"start":{"line":151,"column":68},"end":{"line":155,"column":13}}}},"branchMap":{"0":{"loc":{"start":{"line":17,"column":4},"end":{"line":17,"column":75}},"type":"binary-expr","locations":[{"start":{"line":17,"column":4},"end":{"line":17,"column":36}},{"start":{"line":17,"column":40},"end":{"line":17,"column":53}},{"start":{"line":17,"column":57},"end":{"line":17,"column":75}}]},"1":{"loc":{"start":{"line":19,"column":2},"end":{"line":21,"column":3}},"type":"if","locations":[{"start":{"line":19,"column":2},"end":{"line":21,"column":3}},{"start":{},"end":{}}]},"2":{"loc":{"start":{"line":19,"column":6},"end":{"line":19,"column":35}},"type":"binary-expr","locations":[{"start":{"line":19,"column":6},"end":{"line":19,"column":17}},{"start":{"line":19,"column":21},"end":{"line":19,"column":35}}]},"3":{"loc":{"start":{"line":147,"column":4},"end":{"line":167,"column":41}},"type":"cond-expr","locations":[{"start":{"line":148,"column":8},"end":{"line":165,"column":null}},{"start":{"line":167,"column":8},"end":{"line":167,"column":41}}]},"4":{"loc":{"start":{"line":147,"column":4},"end":{"line":147,"column":31}},"type":"binary-expr","locations":[{"start":{"line":147,"column":4},"end":{"line":147,"column":14}},{"start":{"line":147,"column":18},"end":{"line":147,"column":31}}]},"5":{"loc":{"start":{"line":152,"column":14},"end":{"line":152,"column":52}},"type":"if","locations":[{"start":{"line":152,"column":14},"end":{"line":152,"column":52}},{"start":{},"end":{}}]},"6":{"loc":{"start":{"line":154,"column":21},"end":{"line":154,"column":45}},"type":"cond-expr","locations":[{"start":{"line":154,"column":29},"end":{"line":154,"column":38}},{"start":{"line":154,"column":41},"end":{"line":154,"column":45}}]}},"s":{"0":0,"1":0,"2":0,"3":0,"4":0,"5":0,"6":0,"7":0,"8":0,"9":0,"10":0,"11":0,"12":0,"13":0,"14":0,"15":0,"16":0,"17":0,"18":0,"19":0,"20":0,"21":0,"22":0,"23":0,"24":0,"25":0,"26":0},"f":{"0":0,"1":0},"b":{"0":[0,0,0],"1":[0,0],"2":[0,0],"3":[0,0],"4":[0,0],"5":[0,0],"6":[0,0]}}
,"E:\\repos\\e-commerce_ob_1\\backend\\src\\modules\\auth\\auth.controller.ts": {"path":"E:\\repos\\e-commerce_ob_1\\backend\\src\\modules\\auth\\auth.controller.ts","statementMap":{"0":{"start":{"line":1,"column":0},"end":{"line":1,"column":null}},"1":{"start":{"line":13,"column":0},"end":{"line":13,"column":47}},"2":{"start":{"line":15,"column":0},"end":{"line":15,"column":45}},"3":{"start":{"line":16,"column":0},"end":{"line":16,"column":49}},"4":{"start":{"line":17,"column":0},"end":{"line":17,"column":43}},"5":{"start":{"line":18,"column":0},"end":{"line":18,"column":55}},"6":{"start":{"line":19,"column":0},"end":{"line":19,"column":66}},"7":{"start":{"line":20,"column":0},"end":{"line":20,"column":55}},"8":{"start":{"line":21,"column":0},"end":{"line":21,"column":61}},"9":{"start":{"line":22,"column":0},"end":{"line":22,"column":61}},"10":{"start":{"line":23,"column":0},"end":{"line":23,"column":45}},"11":{"start":{"line":25,"column":23},"end":{"line":25,"column":38}},"12":{"start":{"line":26,"column":19},"end":{"line":26,"column":74}},"13":{"start":{"line":28,"column":23},"end":{"line":34,"column":2}},"14":{"start":{"line":38,"column":7},"end":{"line":113,"column":null}},"15":{"start":{"line":40,"column":21},"end":{"line":40,"column":34}},"16":{"start":{"line":41,"column":21},"end":{"line":41,"column":36}},"17":{"start":{"line":48,"column":42},"end":{"line":48,"column":78}},"18":{"start":{"line":49,"column":4},"end":{"line":49,"column":61}},"19":{"start":{"line":50,"column":4},"end":{"line":50,"column":27}},"20":{"start":{"line":58,"column":42},"end":{"line":60,"column":null}},"21":{"start":{"line":62,"column":4},"end":{"line":62,"column":61}},"22":{"start":{"line":63,"column":4},"end":{"line":63,"column":27}},"23":{"start":{"line":75,"column":28},"end":{"line":75,"column":57}},"24":{"start":{"line":76,"column":42},"end":{"line":78,"column":null}},"25":{"start":{"line":80,"column":4},"end":{"line":80,"column":61}},"26":{"start":{"line":81,"column":4},"end":{"line":81,"column":27}},"27":{"start":{"line":87,"column":28},"end":{"line":87,"column":57}},"28":{"start":{"line":88,"column":4},"end":{"line":90,"column":5}},"29":{"start":{"line":89,"column":6},"end":{"line":89,"column":53}},"30":{"start":{"line":91,"column":4},"end":{"line":91,"column":51}},"31":{"start":{"line":108,"column":42},"end":{"line":108,"column":88}},"32":{"start":{"line":109,"column":4},"end":{"line":109,"column":79}},"33":{"start":{"line":110,"column":24},"end":{"line":110,"column":95}},"34":{"start":{"line":111,"column":4},"end":{"line":111,"column":70}},"35":{"start":{"line":38,"column":13},"end":{"line":38,"column":27}},"36":{"start":{"line":47,"column":8},"end":{"line":51,"column":null}},"37":{"start":{"line":57,"column":8},"end":{"line":64,"column":null}},"38":{"start":{"line":70,"column":8},"end":{"line":82,"column":null}},"39":{"start":{"line":86,"column":8},"end":{"line":92,"column":null}},"40":{"start":{"line":97,"column":2},"end":{"line":99,"column":null}},"41":{"start":{"line":104,"column":8},"end":{"line":112,"column":null}},"42":{"start":{"line":38,"column":13},"end":{"line":113,"column":null}}},"fnMap":{"0":{"name":"(anonymous_4)","decl":{"start":{"line":39,"column":2},"end":{"line":39,"column":null}},"loc":{"start":{"line":41,"column":49},"end":{"line":42,"column":6}}},"1":{"name":"(anonymous_5)","decl":{"start":{"line":47,"column":8},"end":{"line":47,"column":16}},"loc":{"start":{"line":47,"column":84},"end":{"line":51,"column":3}}},"2":{"name":"(anonymous_6)","decl":{"start":{"line":57,"column":8},"end":{"line":57,"column":13}},"loc":{"start":{"line":57,"column":78},"end":{"line":64,"column":3}}},"3":{"name":"(anonymous_7)","decl":{"start":{"line":70,"column":8},"end":{"line":70,"column":15}},"loc":{"start":{"line":73,"column":45},"end":{"line":82,"column":3}}},"4":{"name":"(anonymous_8)","decl":{"start":{"line":86,"column":8},"end":{"line":86,"column":14}},"loc":{"start":{"line":86,"column":77},"end":{"line":92,"column":3}}},"5":{"name":"(anonymous_9)","decl":{"start":{"line":97,"column":2},"end":{"line":97,"column":12}},"loc":{"start":{"line":97,"column":12},"end":{"line":99,"column":3}}},"6":{"name":"(anonymous_10)","decl":{"start":{"line":104,"column":8},"end":{"line":104,"column":22}},"loc":{"start":{"line":106,"column":24},"end":{"line":112,"column":3}}}},"branchMap":{"0":{"loc":{"start":{"line":26,"column":20},"end":{"line":26,"column":50}},"type":"binary-expr","locations":[{"start":{"line":26,"column":20},"end":{"line":26,"column":44}},{"start":{"line":26,"column":48},"end":{"line":26,"column":50}}]},"1":{"loc":{"start":{"line":31,"column":13},"end":{"line":31,"column":40}},"type":"cond-expr","locations":[{"start":{"line":31,"column":26},"end":{"line":31,"column":32}},{"start":{"line":31,"column":35},"end":{"line":31,"column":40}}]},"2":{"loc":{"start":{"line":88,"column":4},"end":{"line":90,"column":5}},"type":"if","locations":[{"start":{"line":88,"column":4},"end":{"line":90,"column":5}},{"start":{},"end":{}}]}},"s":{"0":0,"1":0,"2":0,"3":0,"4":0,"5":0,"6":0,"7":0,"8":0,"9":0,"10":0,"11":0,"12":0,"13":0,"14":0,"15":0,"16":0,"17":0,"18":0,"19":0,"20":0,"21":0,"22":0,"23":0,"24":0,"25":0,"26":0,"27":0,"28":0,"29":0,"30":0,"31":0,"32":0,"33":0,"34":0,"35":0,"36":0,"37":0,"38":0,"39":0,"40":0,"41":0,"42":0},"f":{"0":0,"1":0,"2":0,"3":0,"4":0,"5":0,"6":0},"b":{"0":[0,0],"1":[0,0],"2":[0,0]}}
,"E:\\repos\\e-commerce_ob_1\\backend\\src\\modules\\auth\\auth.module.ts": {"path":"E:\\repos\\e-commerce_ob_1\\backend\\src\\modules\\auth\\auth.module.ts","statementMap":{"0":{"start":{"line":1,"column":0},"end":{"line":1,"column":40}},"1":{"start":{"line":2,"column":0},"end":{"line":2,"column":40}},"2":{"start":{"line":3,"column":0},"end":{"line":3,"column":50}},"3":{"start":{"line":4,"column":0},"end":{"line":4,"column":61}},"4":{"start":{"line":5,"column":0},"end":{"line":5,"column":45}},"5":{"start":{"line":6,"column":0},"end":{"line":6,"column":51}},"6":{"start":{"line":7,"column":0},"end":{"line":7,"column":56}},"7":{"start":{"line":8,"column":0},"end":{"line":8,"column":62}},"8":{"start":{"line":9,"column":0},"end":{"line":9,"column":52}},"9":{"start":{"line":30,"column":7},"end":{"line":30,"column":null}},"10":{"start":{"line":30,"column":13},"end":{"line":30,"column":23}},"11":{"start":{"line":30,"column":13},"end":{"line":30,"column":null}},"12":{"start":{"line":17,"column":53},"end":{"line":22,"column":8}}},"fnMap":{"0":{"name":"(anonymous_1)","decl":{"start":{"line":17,"column":18},"end":{"line":17,"column":19}},"loc":{"start":{"line":17,"column":53},"end":{"line":22,"column":8}}}},"branchMap":{},"s":{"0":0,"1":0,"2":0,"3":0,"4":0,"5":0,"6":0,"7":0,"8":0,"9":0,"10":0,"11":0,"12":0},"f":{"0":0},"b":{}}
,"E:\\repos\\e-commerce_ob_1\\backend\\src\\modules\\auth\\auth.service.ts": {"path":"E:\\repos\\e-commerce_ob_1\\backend\\src\\modules\\auth\\auth.service.ts","statementMap":{"0":{"start":{"line":1,"column":0},"end":{"line":1,"column":null}},"1":{"start":{"line":6,"column":0},"end":{"line":6,"column":41}},"2":{"start":{"line":7,"column":0},"end":{"line":7,"column":47}},"3":{"start":{"line":8,"column":0},"end":{"line":8,"column":33}},"4":{"start":{"line":9,"column":0},"end":{"line":9,"column":36}},"5":{"start":{"line":10,"column":0},"end":{"line":10,"column":36}},"6":{"start":{"line":12,"column":0},"end":{"line":12,"column":57}},"7":{"start":{"line":13,"column":0},"end":{"line":13,"column":54}},"8":{"start":{"line":16,"column":22},"end":{"line":16,"column":24}},"9":{"start":{"line":19,"column":7},"end":{"line":146,"column":null}},"10":{"start":{"line":21,"column":21},"end":{"line":21,"column":29}},"11":{"start":{"line":22,"column":21},"end":{"line":22,"column":35}},"12":{"start":{"line":23,"column":21},"end":{"line":23,"column":33}},"13":{"start":{"line":24,"column":21},"end":{"line":24,"column":36}},"14":{"start":{"line":28,"column":21},"end":{"line":28,"column":67}},"15":{"start":{"line":29,"column":4},"end":{"line":29,"column":70}},"16":{"start":{"line":29,"column":18},"end":{"line":29,"column":70}},"17":{"start":{"line":31,"column":25},"end":{"line":31,"column":71}},"18":{"start":{"line":32,"column":17},"end":{"line":37,"column":6}},"19":{"start":{"line":39,"column":4},"end":{"line":39,"column":40}},"20":{"start":{"line":43,"column":17},"end":{"line":43,"column":59}},"21":{"start":{"line":44,"column":4},"end":{"line":44,"column":92}},"22":{"start":{"line":44,"column":37},"end":{"line":44,"column":92}},"23":{"start":{"line":46,"column":18},"end":{"line":46,"column":67}},"24":{"start":{"line":47,"column":4},"end":{"line":47,"column":71}},"25":{"start":{"line":47,"column":16},"end":{"line":47,"column":71}},"26":{"start":{"line":49,"column":4},"end":{"line":49,"column":40}},"27":{"start":{"line":58,"column":15},"end":{"line":58,"column":71}},"28":{"start":{"line":59,"column":4},"end":{"line":59,"column":26}},"29":{"start":{"line":59,"column":14},"end":{"line":59,"column":26}},"30":{"start":{"line":61,"column":4},"end":{"line":61,"column":62}},"31":{"start":{"line":62,"column":4},"end":{"line":67,"column":5}},"32":{"start":{"line":63,"column":6},"end":{"line":66,"column":9}},"33":{"start":{"line":69,"column":4},"end":{"line":75,"column":7}},"34":{"start":{"line":79,"column":22},"end":{"line":79,"column":73}},"35":{"start":{"line":80,"column":19},"end":{"line":83,"column":6}},"36":{"start":{"line":85,"column":4},"end":{"line":87,"column":5}},"37":{"start":{"line":86,"column":6},"end":{"line":86,"column":18}},"38":{"start":{"line":89,"column":4},"end":{"line":89,"column":23}},"39":{"start":{"line":93,"column":22},"end":{"line":93,"column":80}},"40":{"start":{"line":94,"column":19},"end":{"line":97,"column":6}},"41":{"start":{"line":99,"column":4},"end":{"line":101,"column":5}},"42":{"start":{"line":100,"column":6},"end":{"line":100,"column":63}},"43":{"start":{"line":104,"column":4},"end":{"line":107,"column":7}},"44":{"start":{"line":109,"column":4},"end":{"line":109,"column":47}},"45":{"start":{"line":113,"column":22},"end":{"line":113,"column":80}},"46":{"start":{"line":114,"column":4},"end":{"line":117,"column":7}},"47":{"start":{"line":121,"column":16},"end":{"line":121,"column":24}},"48":{"start":{"line":122,"column":20},"end":{"line":122,"column":72}},"49":{"start":{"line":124,"column":24},"end":{"line":124,"column":53}},"50":{"start":{"line":126,"column":29},"end":{"line":128,"column":null}},"51":{"start":{"line":130,"column":22},"end":{"line":130,"column":32}},"52":{"start":{"line":131,"column":4},"end":{"line":131,"column":47}},"53":{"start":{"line":133,"column":28},"end":{"line":133,"column":36}},"54":{"start":{"line":134,"column":22},"end":{"line":134,"column":80}},"55":{"start":{"line":136,"column":4},"end":{"line":142,"column":7}},"56":{"start":{"line":144,"column":4},"end":{"line":144,"column":58}},"57":{"start":{"line":19,"column":13},"end":{"line":19,"column":24}},"58":{"start":{"line":19,"column":13},"end":{"line":146,"column":null}}},"fnMap":{"0":{"name":"(anonymous_2)","decl":{"start":{"line":20,"column":2},"end":{"line":20,"column":null}},"loc":{"start":{"line":24,"column":49},"end":{"line":25,"column":6}}},"1":{"name":"(anonymous_3)","decl":{"start":{"line":27,"column":2},"end":{"line":27,"column":7}},"loc":{"start":{"line":27,"column":33},"end":{"line":40,"column":3}}},"2":{"name":"(anonymous_4)","decl":{"start":{"line":42,"column":2},"end":{"line":42,"column":7}},"loc":{"start":{"line":42,"column":45},"end":{"line":50,"column":3}}},"3":{"name":"(anonymous_5)","decl":{"start":{"line":52,"column":2},"end":{"line":52,"column":7}},"loc":{"start":{"line":57,"column":3},"end":{"line":76,"column":3}}},"4":{"name":"(anonymous_6)","decl":{"start":{"line":78,"column":2},"end":{"line":78,"column":7}},"loc":{"start":{"line":78,"column":50},"end":{"line":90,"column":3}}},"5":{"name":"(anonymous_7)","decl":{"start":{"line":92,"column":2},"end":{"line":92,"column":7}},"loc":{"start":{"line":92,"column":55},"end":{"line":110,"column":3}}},"6":{"name":"(anonymous_8)","decl":{"start":{"line":112,"column":2},"end":{"line":112,"column":7}},"loc":{"start":{"line":112,"column":38},"end":{"line":118,"column":3}}},"7":{"name":"(anonymous_9)","decl":{"start":{"line":120,"column":2},"end":{"line":120,"column":7}},"loc":{"start":{"line":120,"column":36},"end":{"line":145,"column":3}}}},"branchMap":{"0":{"loc":{"start":{"line":29,"column":4},"end":{"line":29,"column":70}},"type":"if","locations":[{"start":{"line":29,"column":4},"end":{"line":29,"column":70}},{"start":{},"end":{}}]},"1":{"loc":{"start":{"line":44,"column":4},"end":{"line":44,"column":92}},"type":"if","locations":[{"start":{"line":44,"column":4},"end":{"line":44,"column":92}},{"start":{},"end":{}}]},"2":{"loc":{"start":{"line":44,"column":8},"end":{"line":44,"column":35}},"type":"binary-expr","locations":[{"start":{"line":44,"column":8},"end":{"line":44,"column":13}},{"start":{"line":44,"column":17},"end":{"line":44,"column":35}}]},"3":{"loc":{"start":{"line":47,"column":4},"end":{"line":47,"column":71}},"type":"if","locations":[{"start":{"line":47,"column":4},"end":{"line":47,"column":71}},{"start":{},"end":{}}]},"4":{"loc":{"start":{"line":59,"column":4},"end":{"line":59,"column":26}},"type":"if","locations":[{"start":{"line":59,"column":4},"end":{"line":59,"column":26}},{"start":{},"end":{}}]},"5":{"loc":{"start":{"line":62,"column":4},"end":{"line":67,"column":5}},"type":"if","locations":[{"start":{"line":62,"column":4},"end":{"line":67,"column":5}},{"start":{},"end":{}}]},"6":{"loc":{"start":{"line":85,"column":4},"end":{"line":87,"column":5}},"type":"if","locations":[{"start":{"line":85,"column":4},"end":{"line":87,"column":5}},{"start":{},"end":{}}]},"7":{"loc":{"start":{"line":85,"column":8},"end":{"line":85,"column":68}},"type":"binary-expr","locations":[{"start":{"line":85,"column":8},"end":{"line":85,"column":15}},{"start":{"line":85,"column":19},"end":{"line":85,"column":35}},{"start":{"line":85,"column":39},"end":{"line":85,"column":68}}]},"8":{"loc":{"start":{"line":99,"column":4},"end":{"line":101,"column":5}},"type":"if","locations":[{"start":{"line":99,"column":4},"end":{"line":101,"column":5}},{"start":{},"end":{}}]},"9":{"loc":{"start":{"line":99,"column":8},"end":{"line":99,"column":96}},"type":"binary-expr","locations":[{"start":{"line":99,"column":8},"end":{"line":99,"column":15}},{"start":{"line":99,"column":19},"end":{"line":99,"column":43}},{"start":{"line":99,"column":47},"end":{"line":99,"column":63}},{"start":{"line":99,"column":67},"end":{"line":99,"column":96}}]}},"s":{"0":1,"1":1,"2":1,"3":1,"4":1,"5":1,"6":1,"7":1,"8":1,"9":1,"10":17,"11":17,"12":17,"13":17,"14":2,"15":2,"16":1,"17":1,"18":1,"19":1,"20":4,"21":4,"22":2,"23":2,"24":2,"25":1,"26":1,"27":3,"28":3,"29":1,"30":2,"31":2,"32":1,"33":1,"34":4,"35":4,"36":4,"37":3,"38":1,"39":3,"40":3,"41":3,"42":2,"43":1,"44":1,"45":1,"46":1,"47":3,"48":3,"49":3,"50":3,"51":3,"52":3,"53":3,"54":3,"55":3,"56":3,"57":1,"58":1},"f":{"0":17,"1":2,"2":4,"3":3,"4":4,"5":3,"6":1,"7":3},"b":{"0":[1,1],"1":[2,2],"2":[4,3],"3":[1,1],"4":[1,2],"5":[1,1],"6":[3,1],"7":[4,3,2],"8":[2,1],"9":[3,2,1,1]}}
,"E:\\repos\\e-commerce_ob_1\\backend\\src\\modules\\auth\\decorators\\current-user.decorator.ts": {"path":"E:\\repos\\e-commerce_ob_1\\backend\\src\\modules\\auth\\decorators\\current-user.decorator.ts","statementMap":{"0":{"start":{"line":1,"column":0},"end":{"line":1,"column":72}},"1":{"start":{"line":4,"column":13},"end":{"line":9,"column":2}},"2":{"start":{"line":6,"column":20},"end":{"line":6,"column":51}},"3":{"start":{"line":7,"column":4},"end":{"line":7,"column":24}}},"fnMap":{"0":{"name":"(anonymous_0)","decl":{"start":{"line":5,"column":2},"end":{"line":5,"column":3}},"loc":{"start":{"line":5,"column":50},"end":{"line":8,"column":3}}}},"branchMap":{},"s":{"0":0,"1":0,"2":0,"3":0},"f":{"0":0},"b":{}}
,"E:\\repos\\e-commerce_ob_1\\backend\\src\\modules\\auth\\decorators\\public.decorator.ts": {"path":"E:\\repos\\e-commerce_ob_1\\backend\\src\\modules\\auth\\decorators\\public.decorator.ts","statementMap":{"0":{"start":{"line":1,"column":0},"end":{"line":1,"column":45}},"1":{"start":{"line":3,"column":13},"end":{"line":3,"column":40}},"2":{"start":{"line":4,"column":22},"end":{"line":4,"column":60}},"3":{"start":{"line":4,"column":28},"end":{"line":4,"column":60}},"4":{"start":{"line":4,"column":13},"end":{"line":4,"column":22}}},"fnMap":{"0":{"name":"(anonymous_0)","decl":{"start":{"line":4,"column":22},"end":{"line":4,"column":25}},"loc":{"start":{"line":4,"column":28},"end":{"line":4,"column":60}}}},"branchMap":{},"s":{"0":0,"1":0,"2":0,"3":0,"4":0},"f":{"0":0},"b":{}}
,"E:\\repos\\e-commerce_ob_1\\backend\\src\\modules\\auth\\decorators\\roles.decorator.ts": {"path":"E:\\repos\\e-commerce_ob_1\\backend\\src\\modules\\auth\\decorators\\roles.decorator.ts","statementMap":{"0":{"start":{"line":1,"column":0},"end":{"line":1,"column":45}},"1":{"start":{"line":4,"column":13},"end":{"line":4,"column":33}},"2":{"start":{"line":5,"column":21},"end":{"line":5,"column":72}},"3":{"start":{"line":5,"column":43},"end":{"line":5,"column":72}},"4":{"start":{"line":5,"column":13},"end":{"line":5,"column":21}}},"fnMap":{"0":{"name":"(anonymous_0)","decl":{"start":{"line":5,"column":21},"end":{"line":5,"column":22}},"loc":{"start":{"line":5,"column":43},"end":{"line":5,"column":72}}}},"branchMap":{},"s":{"0":0,"1":0,"2":0,"3":0,"4":0},"f":{"0":0},"b":{}}
,"E:\\repos\\e-commerce_ob_1\\backend\\src\\modules\\auth\\dto\\login.dto.ts": {"path":"E:\\repos\\e-commerce_ob_1\\backend\\src\\modules\\auth\\dto\\login.dto.ts","statementMap":{"0":{"start":{"line":1,"column":0},"end":{"line":1,"column":63}},"1":{"start":{"line":3,"column":0},"end":{"line":3,"column":13}},"2":{"start":{"line":5,"column":2},"end":{"line":5,"column":null}},"3":{"start":{"line":9,"column":2},"end":{"line":9,"column":null}}},"fnMap":{},"branchMap":{},"s":{"0":0,"1":0,"2":0,"3":0},"f":{},"b":{}}
,"E:\\repos\\e-commerce_ob_1\\backend\\src\\modules\\auth\\dto\\register.dto.ts": {"path":"E:\\repos\\e-commerce_ob_1\\backend\\src\\modules\\auth\\dto\\register.dto.ts","statementMap":{"0":{"start":{"line":1,"column":0},"end":{"line":1,"column":null}},"1":{"start":{"line":9,"column":0},"end":{"line":9,"column":13}},"2":{"start":{"line":11,"column":2},"end":{"line":11,"column":null}},"3":{"start":{"line":16,"column":2},"end":{"line":16,"column":null}},"4":{"start":{"line":21,"column":2},"end":{"line":21,"column":null}},"5":{"start":{"line":26,"column":2},"end":{"line":26,"column":null}}},"fnMap":{},"branchMap":{},"s":{"0":0,"1":0,"2":0,"3":0,"4":0,"5":0},"f":{},"b":{}}
,"E:\\repos\\e-commerce_ob_1\\backend\\src\\modules\\auth\\guards\\google-auth.guard.ts": {"path":"E:\\repos\\e-commerce_ob_1\\backend\\src\\modules\\auth\\guards\\google-auth.guard.ts","statementMap":{"0":{"start":{"line":1,"column":0},"end":{"line":1,"column":44}},"1":{"start":{"line":2,"column":0},"end":{"line":2,"column":45}},"2":{"start":{"line":5,"column":7},"end":{"line":5,"column":null}},"3":{"start":{"line":5,"column":13},"end":{"line":5,"column":28}},"4":{"start":{"line":5,"column":13},"end":{"line":5,"column":null}}},"fnMap":{},"branchMap":{},"s":{"0":0,"1":0,"2":0,"3":0,"4":0},"f":{},"b":{}}
,"E:\\repos\\e-commerce_ob_1\\backend\\src\\modules\\auth\\guards\\jwt-auth.guard.ts": {"path":"E:\\repos\\e-commerce_ob_1\\backend\\src\\modules\\auth\\guards\\jwt-auth.guard.ts","statementMap":{"0":{"start":{"line":1,"column":0},"end":{"line":1,"column":62}},"1":{"start":{"line":2,"column":0},"end":{"line":2,"column":41}},"2":{"start":{"line":3,"column":0},"end":{"line":3,"column":45}},"3":{"start":{"line":4,"column":0},"end":{"line":4,"column":63}},"4":{"start":{"line":7,"column":7},"end":{"line":20,"column":null}},"5":{"start":{"line":9,"column":4},"end":{"line":9,"column":12}},"6":{"start":{"line":8,"column":31},"end":{"line":8,"column":42}},"7":{"start":{"line":13,"column":21},"end":{"line":16,"column":6}},"8":{"start":{"line":17,"column":4},"end":{"line":17,"column":30}},"9":{"start":{"line":17,"column":18},"end":{"line":17,"column":30}},"10":{"start":{"line":18,"column":4},"end":{"line":18,"column":38}},"11":{"start":{"line":7,"column":13},"end":{"line":7,"column":25}},"12":{"start":{"line":7,"column":13},"end":{"line":20,"column":null}}},"fnMap":{"0":{"name":"(anonymous_2)","decl":{"start":{"line":8,"column":2},"end":{"line":8,"column":31}},"loc":{"start":{"line":8,"column":51},"end":{"line":10,"column":3}}},"1":{"name":"(anonymous_3)","decl":{"start":{"line":12,"column":2},"end":{"line":12,"column":13}},"loc":{"start":{"line":12,"column":39},"end":{"line":19,"column":3}}}},"branchMap":{"0":{"loc":{"start":{"line":17,"column":4},"end":{"line":17,"column":30}},"type":"if","locations":[{"start":{"line":17,"column":4},"end":{"line":17,"column":30}},{"start":{},"end":{}}]}},"s":{"0":0,"1":0,"2":0,"3":0,"4":0,"5":0,"6":0,"7":0,"8":0,"9":0,"10":0,"11":0,"12":0},"f":{"0":0,"1":0},"b":{"0":[0,0]}}
,"E:\\repos\\e-commerce_ob_1\\backend\\src\\modules\\auth\\guards\\jwt-refresh.guard.ts": {"path":"E:\\repos\\e-commerce_ob_1\\backend\\src\\modules\\auth\\guards\\jwt-refresh.guard.ts","statementMap":{"0":{"start":{"line":1,"column":0},"end":{"line":1,"column":null}},"1":{"start":{"line":8,"column":0},"end":{"line":8,"column":46}},"2":{"start":{"line":11,"column":7},"end":{"line":28,"column":null}},"3":{"start":{"line":12,"column":31},"end":{"line":12,"column":44}},"4":{"start":{"line":15,"column":16},"end":{"line":15,"column":60}},"5":{"start":{"line":17,"column":6},"end":{"line":18,"column":46}},"6":{"start":{"line":20,"column":4},"end":{"line":20,"column":53}},"7":{"start":{"line":20,"column":19},"end":{"line":20,"column":53}},"8":{"start":{"line":22,"column":17},"end":{"line":22,"column":75}},"9":{"start":{"line":23,"column":4},"end":{"line":23,"column":49}},"10":{"start":{"line":23,"column":15},"end":{"line":23,"column":49}},"11":{"start":{"line":25,"column":5},"end":{"line":25,"column":53}},"12":{"start":{"line":26,"column":4},"end":{"line":26,"column":16}},"13":{"start":{"line":11,"column":13},"end":{"line":11,"column":28}},"14":{"start":{"line":11,"column":13},"end":{"line":28,"column":null}}},"fnMap":{"0":{"name":"(anonymous_2)","decl":{"start":{"line":12,"column":2},"end":{"line":12,"column":31}},"loc":{"start":{"line":12,"column":55},"end":{"line":12,"column":59}}},"1":{"name":"(anonymous_3)","decl":{"start":{"line":14,"column":2},"end":{"line":14,"column":7}},"loc":{"start":{"line":14,"column":45},"end":{"line":27,"column":3}}}},"branchMap":{"0":{"loc":{"start":{"line":17,"column":6},"end":{"line":18,"column":46}},"type":"binary-expr","locations":[{"start":{"line":17,"column":6},"end":{"line":17,"column":36}},{"start":{"line":18,"column":6},"end":{"line":18,"column":46}}]},"1":{"loc":{"start":{"line":20,"column":4},"end":{"line":20,"column":53}},"type":"if","locations":[{"start":{"line":20,"column":4},"end":{"line":20,"column":53}},{"start":{},"end":{}}]},"2":{"loc":{"start":{"line":23,"column":4},"end":{"line":23,"column":49}},"type":"if","locations":[{"start":{"line":23,"column":4},"end":{"line":23,"column":49}},{"start":{},"end":{}}]}},"s":{"0":0,"1":0,"2":0,"3":0,"4":0,"5":0,"6":0,"7":0,"8":0,"9":0,"10":0,"11":0,"12":0,"13":0,"14":0},"f":{"0":0,"1":0},"b":{"0":[0,0],"1":[0,0],"2":[0,0]}}
,"E:\\repos\\e-commerce_ob_1\\backend\\src\\modules\\auth\\guards\\optional-jwt.guard.ts": {"path":"E:\\repos\\e-commerce_ob_1\\backend\\src\\modules\\auth\\guards\\optional-jwt.guard.ts","statementMap":{"0":{"start":{"line":1,"column":0},"end":{"line":1,"column":44}},"1":{"start":{"line":2,"column":0},"end":{"line":2,"column":45}},"2":{"start":{"line":5,"column":7},"end":{"line":9,"column":null}},"3":{"start":{"line":7,"column":4},"end":{"line":7,"column":16}},"4":{"start":{"line":5,"column":13},"end":{"line":5,"column":29}},"5":{"start":{"line":5,"column":13},"end":{"line":9,"column":null}}},"fnMap":{"0":{"name":"(anonymous_1)","decl":{"start":{"line":6,"column":2},"end":{"line":6,"column":15}},"loc":{"start":{"line":6,"column":51},"end":{"line":8,"column":3}}}},"branchMap":{},"s":{"0":0,"1":0,"2":0,"3":0,"4":0,"5":0},"f":{"0":0},"b":{}}
,"E:\\repos\\e-commerce_ob_1\\backend\\src\\modules\\auth\\guards\\roles.guard.ts": {"path":"E:\\repos\\e-commerce_ob_1\\backend\\src\\modules\\auth\\guards\\roles.guard.ts","statementMap":{"0":{"start":{"line":1,"column":0},"end":{"line":1,"column":75}},"1":{"start":{"line":2,"column":0},"end":{"line":2,"column":41}},"2":{"start":{"line":4,"column":0},"end":{"line":4,"column":58}},"3":{"start":{"line":7,"column":7},"end":{"line":20,"column":null}},"4":{"start":{"line":8,"column":31},"end":{"line":8,"column":42}},"5":{"start":{"line":11,"column":26},"end":{"line":14,"column":6}},"6":{"start":{"line":15,"column":4},"end":{"line":15,"column":36}},"7":{"start":{"line":15,"column":24},"end":{"line":15,"column":36}},"8":{"start":{"line":17,"column":21},"end":{"line":17,"column":56}},"9":{"start":{"line":18,"column":4},"end":{"line":18,"column":46}},"10":{"start":{"line":7,"column":13},"end":{"line":7,"column":23}},"11":{"start":{"line":7,"column":13},"end":{"line":20,"column":null}}},"fnMap":{"0":{"name":"(anonymous_2)","decl":{"start":{"line":8,"column":2},"end":{"line":8,"column":31}},"loc":{"start":{"line":8,"column":51},"end":{"line":8,"column":55}}},"1":{"name":"(anonymous_3)","decl":{"start":{"line":10,"column":2},"end":{"line":10,"column":13}},"loc":{"start":{"line":10,"column":39},"end":{"line":19,"column":3}}}},"branchMap":{"0":{"loc":{"start":{"line":15,"column":4},"end":{"line":15,"column":36}},"type":"if","locations":[{"start":{"line":15,"column":4},"end":{"line":15,"column":36}},{"start":{},"end":{}}]}},"s":{"0":0,"1":0,"2":0,"3":0,"4":0,"5":0,"6":0,"7":0,"8":0,"9":0,"10":0,"11":0},"f":{"0":0,"1":0},"b":{"0":[0,0]}}
,"E:\\repos\\e-commerce_ob_1\\backend\\src\\modules\\auth\\strategies\\google.strategy.ts": {"path":"E:\\repos\\e-commerce_ob_1\\backend\\src\\modules\\auth\\strategies\\google.strategy.ts","statementMap":{"0":{"start":{"line":1,"column":0},"end":{"line":1,"column":44}},"1":{"start":{"line":2,"column":0},"end":{"line":2,"column":47}},"2":{"start":{"line":3,"column":0},"end":{"line":3,"column":52}},"3":{"start":{"line":4,"column":0},"end":{"line":4,"column":76}},"4":{"start":{"line":5,"column":0},"end":{"line":5,"column":46}},"5":{"start":{"line":8,"column":7},"end":{"line":42,"column":null}},"6":{"start":{"line":13,"column":4},"end":{"line":18,"column":7}},"7":{"start":{"line":11,"column":21},"end":{"line":11,"column":34}},"8":{"start":{"line":27,"column":18},"end":{"line":27,"column":44}},"9":{"start":{"line":28,"column":22},"end":{"line":28,"column":45}},"10":{"start":{"line":29,"column":21},"end":{"line":29,"column":45}},"11":{"start":{"line":31,"column":4},"end":{"line":31,"column":74}},"12":{"start":{"line":31,"column":16},"end":{"line":31,"column":74}},"13":{"start":{"line":33,"column":17},"end":{"line":38,"column":6}},"14":{"start":{"line":40,"column":4},"end":{"line":40,"column":21}},"15":{"start":{"line":8,"column":13},"end":{"line":8,"column":27}},"16":{"start":{"line":8,"column":13},"end":{"line":42,"column":null}}},"fnMap":{"0":{"name":"(anonymous_2)","decl":{"start":{"line":9,"column":2},"end":{"line":9,"column":null}},"loc":{"start":{"line":11,"column":45},"end":{"line":19,"column":3}}},"1":{"name":"(anonymous_3)","decl":{"start":{"line":21,"column":2},"end":{"line":21,"column":7}},"loc":{"start":{"line":25,"column":24},"end":{"line":41,"column":3}}}},"branchMap":{"0":{"loc":{"start":{"line":31,"column":4},"end":{"line":31,"column":74}},"type":"if","locations":[{"start":{"line":31,"column":4},"end":{"line":31,"column":74}},{"start":{},"end":{}}]}},"s":{"0":0,"1":0,"2":0,"3":0,"4":0,"5":0,"6":0,"7":0,"8":0,"9":0,"10":0,"11":0,"12":0,"13":0,"14":0,"15":0,"16":0},"f":{"0":0,"1":0},"b":{"0":[0,0]}}
,"E:\\repos\\e-commerce_ob_1\\backend\\src\\modules\\auth\\strategies\\jwt.strategy.ts": {"path":"E:\\repos\\e-commerce_ob_1\\backend\\src\\modules\\auth\\strategies\\jwt.strategy.ts","statementMap":{"0":{"start":{"line":1,"column":0},"end":{"line":1,"column":67}},"1":{"start":{"line":2,"column":0},"end":{"line":2,"column":47}},"2":{"start":{"line":3,"column":0},"end":{"line":3,"column":52}},"3":{"start":{"line":4,"column":0},"end":{"line":4,"column":52}},"4":{"start":{"line":5,"column":0},"end":{"line":5,"column":57}},"5":{"start":{"line":14,"column":7},"end":{"line":31,"column":null}},"6":{"start":{"line":19,"column":4},"end":{"line":23,"column":7}},"7":{"start":{"line":17,"column":21},"end":{"line":17,"column":35}},"8":{"start":{"line":27,"column":17},"end":{"line":27,"column":62}},"9":{"start":{"line":28,"column":4},"end":{"line":28,"column":49}},"10":{"start":{"line":28,"column":15},"end":{"line":28,"column":49}},"11":{"start":{"line":29,"column":4},"end":{"line":29,"column":16}},"12":{"start":{"line":14,"column":13},"end":{"line":14,"column":24}},"13":{"start":{"line":14,"column":13},"end":{"line":31,"column":null}}},"fnMap":{"0":{"name":"(anonymous_2)","decl":{"start":{"line":15,"column":2},"end":{"line":15,"column":null}},"loc":{"start":{"line":17,"column":47},"end":{"line":24,"column":3}}},"1":{"name":"(anonymous_3)","decl":{"start":{"line":26,"column":2},"end":{"line":26,"column":7}},"loc":{"start":{"line":26,"column":36},"end":{"line":30,"column":3}}}},"branchMap":{"0":{"loc":{"start":{"line":28,"column":4},"end":{"line":28,"column":49}},"type":"if","locations":[{"start":{"line":28,"column":4},"end":{"line":28,"column":49}},{"start":{},"end":{}}]}},"s":{"0":0,"1":0,"2":0,"3":0,"4":0,"5":0,"6":0,"7":0,"8":0,"9":0,"10":0,"11":0,"12":0,"13":0},"f":{"0":0,"1":0},"b":{"0":[0,0]}}
,"E:\\repos\\e-commerce_ob_1\\backend\\src\\modules\\cart\\cart.controller.ts": {"path":"E:\\repos\\e-commerce_ob_1\\backend\\src\\modules\\cart\\cart.controller.ts","statementMap":{"0":{"start":{"line":1,"column":0},"end":{"line":1,"column":null}},"1":{"start":{"line":12,"column":0},"end":{"line":12,"column":45}},"2":{"start":{"line":13,"column":0},"end":{"line":13,"column":61}},"3":{"start":{"line":14,"column":0},"end":{"line":14,"column":72}},"4":{"start":{"line":15,"column":0},"end":{"line":15,"column":61}},"5":{"start":{"line":17,"column":0},"end":{"line":17,"column":53}},"6":{"start":{"line":18,"column":0},"end":{"line":18,"column":63}},"7":{"start":{"line":22,"column":7},"end":{"line":77,"column":null}},"8":{"start":{"line":23,"column":31},"end":{"line":23,"column":44}},"9":{"start":{"line":31,"column":4},"end":{"line":31,"column":61}},"10":{"start":{"line":41,"column":4},"end":{"line":46,"column":6}},"11":{"start":{"line":57,"column":4},"end":{"line":57,"column":85}},"12":{"start":{"line":67,"column":4},"end":{"line":67,"column":71}},"13":{"start":{"line":75,"column":4},"end":{"line":75,"column":63}},"14":{"start":{"line":22,"column":13},"end":{"line":22,"column":27}},"15":{"start":{"line":27,"column":2},"end":{"line":32,"column":null}},"16":{"start":{"line":36,"column":2},"end":{"line":47,"column":null}},"17":{"start":{"line":51,"column":2},"end":{"line":58,"column":null}},"18":{"start":{"line":62,"column":2},"end":{"line":68,"column":null}},"19":{"start":{"line":71,"column":2},"end":{"line":76,"column":null}},"20":{"start":{"line":22,"column":13},"end":{"line":77,"column":null}}},"fnMap":{"0":{"name":"(anonymous_4)","decl":{"start":{"line":23,"column":2},"end":{"line":23,"column":31}},"loc":{"start":{"line":23,"column":55},"end":{"line":23,"column":59}}},"1":{"name":"(anonymous_5)","decl":{"start":{"line":27,"column":2},"end":{"line":27,"column":9}},"loc":{"start":{"line":29,"column":46},"end":{"line":32,"column":3}}},"2":{"name":"(anonymous_6)","decl":{"start":{"line":36,"column":2},"end":{"line":36,"column":9}},"loc":{"start":{"line":39,"column":29},"end":{"line":47,"column":3}}},"3":{"name":"(anonymous_7)","decl":{"start":{"line":51,"column":2},"end":{"line":51,"column":12}},"loc":{"start":{"line":55,"column":34},"end":{"line":58,"column":3}}},"4":{"name":"(anonymous_8)","decl":{"start":{"line":62,"column":2},"end":{"line":62,"column":12}},"loc":{"start":{"line":65,"column":41},"end":{"line":68,"column":3}}},"5":{"name":"(anonymous_9)","decl":{"start":{"line":71,"column":2},"end":{"line":71,"column":11}},"loc":{"start":{"line":73,"column":46},"end":{"line":76,"column":3}}}},"branchMap":{},"s":{"0":0,"1":0,"2":0,"3":0,"4":0,"5":0,"6":0,"7":0,"8":0,"9":0,"10":0,"11":0,"12":0,"13":0,"14":0,"15":0,"16":0,"17":0,"18":0,"19":0,"20":0},"f":{"0":0,"1":0,"2":0,"3":0,"4":0,"5":0},"b":{}}
,"E:\\repos\\e-commerce_ob_1\\backend\\src\\modules\\cart\\cart.module.ts": {"path":"E:\\repos\\e-commerce_ob_1\\backend\\src\\modules\\cart\\cart.module.ts","statementMap":{"0":{"start":{"line":1,"column":0},"end":{"line":1,"column":40}},"1":{"start":{"line":2,"column":0},"end":{"line":2,"column":45}},"2":{"start":{"line":3,"column":0},"end":{"line":3,"column":51}},"3":{"start":{"line":10,"column":7},"end":{"line":10,"column":null}},"4":{"start":{"line":10,"column":13},"end":{"line":10,"column":23}},"5":{"start":{"line":10,"column":13},"end":{"line":10,"column":null}}},"fnMap":{},"branchMap":{},"s":{"0":0,"1":0,"2":0,"3":0,"4":0,"5":0},"f":{},"b":{}}
,"E:\\repos\\e-commerce_ob_1\\backend\\src\\modules\\cart\\cart.service.ts": {"path":"E:\\repos\\e-commerce_ob_1\\backend\\src\\modules\\cart\\cart.service.ts","statementMap":{"0":{"start":{"line":1,"column":0},"end":{"line":1,"column":null}},"1":{"start":{"line":6,"column":0},"end":{"line":6,"column":57}},"2":{"start":{"line":8,"column":21},"end":{"line":25,"column":2}},"3":{"start":{"line":28,"column":7},"end":{"line":216,"column":null}},"4":{"start":{"line":29,"column":31},"end":{"line":29,"column":39}},"5":{"start":{"line":32,"column":15},"end":{"line":32,"column":53}},"6":{"start":{"line":33,"column":4},"end":{"line":38,"column":5}},"7":{"start":{"line":34,"column":6},"end":{"line":37,"column":9}},"8":{"start":{"line":39,"column":4},"end":{"line":39,"column":33}},"9":{"start":{"line":48,"column":20},"end":{"line":50,"column":6}},"10":{"start":{"line":51,"column":4},"end":{"line":51,"column":88}},"11":{"start":{"line":51,"column":39},"end":{"line":51,"column":88}},"12":{"start":{"line":52,"column":4},"end":{"line":52,"column":86}},"13":{"start":{"line":52,"column":34},"end":{"line":52,"column":86}},"14":{"start":{"line":54,"column":15},"end":{"line":54,"column":53}},"15":{"start":{"line":55,"column":4},"end":{"line":61,"column":5}},"16":{"start":{"line":56,"column":22},"end":{"line":59,"column":8}},"17":{"start":{"line":60,"column":6},"end":{"line":60,"column":21}},"18":{"start":{"line":63,"column":21},"end":{"line":65,"column":6}},"19":{"start":{"line":67,"column":19},"end":{"line":67,"column":55}},"20":{"start":{"line":68,"column":4},"end":{"line":68,"column":84}},"21":{"start":{"line":68,"column":32},"end":{"line":68,"column":84}},"22":{"start":{"line":70,"column":4},"end":{"line":79,"column":5}},"23":{"start":{"line":71,"column":6},"end":{"line":74,"column":9}},"24":{"start":{"line":76,"column":6},"end":{"line":78,"column":9}},"25":{"start":{"line":81,"column":4},"end":{"line":81,"column":47}},"26":{"start":{"line":90,"column":17},"end":{"line":90,"column":55}},"27":{"start":{"line":91,"column":4},"end":{"line":91,"column":61}},"28":{"start":{"line":91,"column":15},"end":{"line":91,"column":61}},"29":{"start":{"line":93,"column":4},"end":{"line":95,"column":5}},"30":{"start":{"line":94,"column":6},"end":{"line":94,"column":66}},"31":{"start":{"line":97,"column":20},"end":{"line":99,"column":6}},"32":{"start":{"line":100,"column":4},"end":{"line":100,"column":67}},"33":{"start":{"line":100,"column":18},"end":{"line":100,"column":67}},"34":{"start":{"line":101,"column":4},"end":{"line":101,"column":86}},"35":{"start":{"line":101,"column":34},"end":{"line":101,"column":86}},"36":{"start":{"line":103,"column":4},"end":{"line":106,"column":7}},"37":{"start":{"line":108,"column":4},"end":{"line":108,"column":47}},"38":{"start":{"line":116,"column":17},"end":{"line":116,"column":55}},"39":{"start":{"line":117,"column":4},"end":{"line":117,"column":61}},"40":{"start":{"line":117,"column":15},"end":{"line":117,"column":61}},"41":{"start":{"line":119,"column":4},"end":{"line":121,"column":7}},"42":{"start":{"line":123,"column":4},"end":{"line":123,"column":47}},"43":{"start":{"line":127,"column":22},"end":{"line":130,"column":6}},"44":{"start":{"line":131,"column":4},"end":{"line":131,"column":59}},"45":{"start":{"line":131,"column":52},"end":{"line":131,"column":59}},"46":{"start":{"line":133,"column":19},"end":{"line":133,"column":74}},"47":{"start":{"line":134,"column":4},"end":{"line":140,"column":5}},"48":{"start":{"line":135,"column":6},"end":{"line":138,"column":9}},"49":{"start":{"line":139,"column":6},"end":{"line":139,"column":13}},"50":{"start":{"line":142,"column":4},"end":{"line":165,"column":5}},"51":{"start":{"line":143,"column":23},"end":{"line":150,"column":8}},"52":{"start":{"line":151,"column":6},"end":{"line":164,"column":7}},"53":{"start":{"line":152,"column":8},"end":{"line":155,"column":11}},"54":{"start":{"line":157,"column":8},"end":{"line":163,"column":11}},"55":{"start":{"line":167,"column":4},"end":{"line":167,"column":67}},"56":{"start":{"line":171,"column":4},"end":{"line":171,"column":65}},"57":{"start":{"line":175,"column":4},"end":{"line":180,"column":5}},"58":{"start":{"line":176,"column":6},"end":{"line":179,"column":9}},"59":{"start":{"line":181,"column":4},"end":{"line":186,"column":5}},"60":{"start":{"line":182,"column":6},"end":{"line":185,"column":9}},"61":{"start":{"line":187,"column":4},"end":{"line":187,"column":16}},"62":{"start":{"line":191,"column":18},"end":{"line":202,"column":7}},"63":{"start":{"line":191,"column":49},"end":{"line":202,"column":6}},"64":{"start":{"line":204,"column":25},"end":{"line":206,"column":null}},"65":{"start":{"line":205,"column":31},"end":{"line":205,"column":64}},"66":{"start":{"line":209,"column":4},"end":{"line":214,"column":6}},"67":{"start":{"line":212,"column":55},"end":{"line":212,"column":71}},"68":{"start":{"line":28,"column":13},"end":{"line":28,"column":24}},"69":{"start":{"line":28,"column":13},"end":{"line":216,"column":null}}},"fnMap":{"0":{"name":"(anonymous_2)","decl":{"start":{"line":29,"column":2},"end":{"line":29,"column":31}},"loc":{"start":{"line":29,"column":52},"end":{"line":29,"column":56}}},"1":{"name":"(anonymous_3)","decl":{"start":{"line":31,"column":2},"end":{"line":31,"column":7}},"loc":{"start":{"line":31,"column":55},"end":{"line":40,"column":3}}},"2":{"name":"(anonymous_4)","decl":{"start":{"line":42,"column":2},"end":{"line":42,"column":7}},"loc":{"start":{"line":46,"column":20},"end":{"line":82,"column":3}}},"3":{"name":"(anonymous_5)","decl":{"start":{"line":84,"column":2},"end":{"line":84,"column":7}},"loc":{"start":{"line":88,"column":20},"end":{"line":109,"column":3}}},"4":{"name":"(anonymous_6)","decl":{"start":{"line":111,"column":2},"end":{"line":111,"column":7}},"loc":{"start":{"line":114,"column":28},"end":{"line":124,"column":3}}},"5":{"name":"(anonymous_7)","decl":{"start":{"line":126,"column":2},"end":{"line":126,"column":7}},"loc":{"start":{"line":126,"column":56},"end":{"line":168,"column":3}}},"6":{"name":"(anonymous_8)","decl":{"start":{"line":170,"column":2},"end":{"line":170,"column":7}},"loc":{"start":{"line":170,"column":32},"end":{"line":172,"column":3}}},"7":{"name":"(anonymous_9)","decl":{"start":{"line":174,"column":10},"end":{"line":174,"column":15}},"loc":{"start":{"line":174,"column":60},"end":{"line":188,"column":3}}},"8":{"name":"(anonymous_10)","decl":{"start":{"line":190,"column":10},"end":{"line":190,"column":20}},"loc":{"start":{"line":190,"column":30},"end":{"line":215,"column":3}}},"9":{"name":"(anonymous_11)","decl":{"start":{"line":191,"column":33},"end":{"line":191,"column":34}},"loc":{"start":{"line":191,"column":49},"end":{"line":202,"column":6}}},"10":{"name":"(anonymous_12)","decl":{"start":{"line":205,"column":6},"end":{"line":205,"column":7}},"loc":{"start":{"line":205,"column":31},"end":{"line":205,"column":64}}},"11":{"name":"(anonymous_13)","decl":{"start":{"line":212,"column":30},"end":{"line":212,"column":31}},"loc":{"start":{"line":212,"column":55},"end":{"line":212,"column":71}}}},"branchMap":{"0":{"loc":{"start":{"line":33,"column":4},"end":{"line":38,"column":5}},"type":"if","locations":[{"start":{"line":33,"column":4},"end":{"line":38,"column":5}},{"start":{},"end":{}}]},"1":{"loc":{"start":{"line":51,"column":4},"end":{"line":51,"column":88}},"type":"if","locations":[{"start":{"line":51,"column":4},"end":{"line":51,"column":88}},{"start":{},"end":{}}]},"2":{"loc":{"start":{"line":51,"column":8},"end":{"line":51,"column":37}},"type":"binary-expr","locations":[{"start":{"line":51,"column":8},"end":{"line":51,"column":16}},{"start":{"line":51,"column":20},"end":{"line":51,"column":37}}]},"3":{"loc":{"start":{"line":52,"column":4},"end":{"line":52,"column":86}},"type":"if","locations":[{"start":{"line":52,"column":4},"end":{"line":52,"column":86}},{"start":{},"end":{}}]},"4":{"loc":{"start":{"line":55,"column":4},"end":{"line":61,"column":5}},"type":"if","locations":[{"start":{"line":55,"column":4},"end":{"line":61,"column":5}},{"start":{},"end":{}}]},"5":{"loc":{"start":{"line":67,"column":20},"end":{"line":67,"column":43}},"type":"binary-expr","locations":[{"start":{"line":67,"column":20},"end":{"line":67,"column":38}},{"start":{"line":67,"column":42},"end":{"line":67,"column":43}}]},"6":{"loc":{"start":{"line":68,"column":4},"end":{"line":68,"column":84}},"type":"if","locations":[{"start":{"line":68,"column":4},"end":{"line":68,"column":84}},{"start":{},"end":{}}]},"7":{"loc":{"start":{"line":70,"column":4},"end":{"line":79,"column":5}},"type":"if","locations":[{"start":{"line":70,"column":4},"end":{"line":79,"column":5}},{"start":{"line":75,"column":11},"end":{"line":79,"column":5}}]},"8":{"loc":{"start":{"line":91,"column":4},"end":{"line":91,"column":61}},"type":"if","locations":[{"start":{"line":91,"column":4},"end":{"line":91,"column":61}},{"start":{},"end":{}}]},"9":{"loc":{"start":{"line":93,"column":4},"end":{"line":95,"column":5}},"type":"if","locations":[{"start":{"line":93,"column":4},"end":{"line":95,"column":5}},{"start":{},"end":{}}]},"10":{"loc":{"start":{"line":100,"column":4},"end":{"line":100,"column":67}},"type":"if","locations":[{"start":{"line":100,"column":4},"end":{"line":100,"column":67}},{"start":{},"end":{}}]},"11":{"loc":{"start":{"line":101,"column":4},"end":{"line":101,"column":86}},"type":"if","locations":[{"start":{"line":101,"column":4},"end":{"line":101,"column":86}},{"start":{},"end":{}}]},"12":{"loc":{"start":{"line":117,"column":4},"end":{"line":117,"column":61}},"type":"if","locations":[{"start":{"line":117,"column":4},"end":{"line":117,"column":61}},{"start":{},"end":{}}]},"13":{"loc":{"start":{"line":131,"column":4},"end":{"line":131,"column":59}},"type":"if","locations":[{"start":{"line":131,"column":4},"end":{"line":131,"column":59}},{"start":{},"end":{}}]},"14":{"loc":{"start":{"line":131,"column":8},"end":{"line":131,"column":50}},"type":"binary-expr","locations":[{"start":{"line":131,"column":8},"end":{"line":131,"column":18}},{"start":{"line":131,"column":22},"end":{"line":131,"column":50}}]},"15":{"loc":{"start":{"line":134,"column":4},"end":{"line":140,"column":5}},"type":"if","locations":[{"start":{"line":134,"column":4},"end":{"line":140,"column":5}},{"start":{},"end":{}}]},"16":{"loc":{"start":{"line":151,"column":6},"end":{"line":164,"column":7}},"type":"if","locations":[{"start":{"line":151,"column":6},"end":{"line":164,"column":7}},{"start":{"line":156,"column":13},"end":{"line":164,"column":7}}]},"17":{"loc":{"start":{"line":175,"column":4},"end":{"line":180,"column":5}},"type":"if","locations":[{"start":{"line":175,"column":4},"end":{"line":180,"column":5}},{"start":{},"end":{}}]},"18":{"loc":{"start":{"line":181,"column":4},"end":{"line":186,"column":5}},"type":"if","locations":[{"start":{"line":181,"column":4},"end":{"line":186,"column":5}},{"start":{},"end":{}}]},"19":{"loc":{"start":{"line":198,"column":16},"end":{"line":198,"column":66}},"type":"binary-expr","locations":[{"start":{"line":198,"column":16},"end":{"line":198,"column":58}},{"start":{"line":198,"column":62},"end":{"line":198,"column":66}}]}},"s":{"0":3,"1":3,"2":3,"3":3,"4":30,"5":14,"6":14,"7":1,"8":14,"9":7,"10":7,"11":2,"12":5,"13":1,"14":4,"15":4,"16":1,"17":1,"18":4,"19":4,"20":4,"21":1,"22":3,"23":1,"24":2,"25":3,"26":4,"27":4,"28":1,"29":3,"30":1,"31":2,"32":2,"33":0,"34":2,"35":1,"36":1,"37":1,"38":3,"39":3,"40":1,"41":2,"42":2,"43":5,"44":5,"45":2,"46":3,"47":3,"48":1,"49":1,"50":2,"51":2,"52":2,"53":1,"54":1,"55":2,"56":0,"57":25,"58":7,"59":18,"60":18,"61":0,"62":14,"63":10,"64":14,"65":10,"66":14,"67":10,"68":3,"69":3},"f":{"0":30,"1":14,"2":7,"3":4,"4":3,"5":5,"6":0,"7":25,"8":14,"9":10,"10":10,"11":10},"b":{"0":[1,13],"1":[2,5],"2":[7,6],"3":[1,4],"4":[1,3],"5":[4,2],"6":[1,3],"7":[1,2],"8":[1,3],"9":[1,2],"10":[0,2],"11":[1,1],"12":[1,2],"13":[2,3],"14":[5,4],"15":[1,2],"16":[1,1],"17":[7,18],"18":[18,0],"19":[10,10]}}
,"E:\\repos\\e-commerce_ob_1\\backend\\src\\modules\\cart\\dto\\add-to-cart.dto.ts": {"path":"E:\\repos\\e-commerce_ob_1\\backend\\src\\modules\\cart\\dto\\add-to-cart.dto.ts","statementMap":{"0":{"start":{"line":1,"column":0},"end":{"line":1,"column":53}},"1":{"start":{"line":3,"column":0},"end":{"line":3,"column":13}},"2":{"start":{"line":5,"column":2},"end":{"line":5,"column":null}},"3":{"start":{"line":9,"column":2},"end":{"line":9,"column":null}}},"fnMap":{},"branchMap":{},"s":{"0":0,"1":0,"2":0,"3":0},"f":{},"b":{}}
,"E:\\repos\\e-commerce_ob_1\\backend\\src\\modules\\cart\\dto\\update-cart-item.dto.ts": {"path":"E:\\repos\\e-commerce_ob_1\\backend\\src\\modules\\cart\\dto\\update-cart-item.dto.ts","statementMap":{"0":{"start":{"line":1,"column":0},"end":{"line":1,"column":45}},"1":{"start":{"line":3,"column":0},"end":{"line":3,"column":13}},"2":{"start":{"line":6,"column":2},"end":{"line":6,"column":null}}},"fnMap":{},"branchMap":{},"s":{"0":0,"1":0,"2":0},"f":{},"b":{}}
,"E:\\repos\\e-commerce_ob_1\\backend\\src\\modules\\categories\\categories.controller.ts": {"path":"E:\\repos\\e-commerce_ob_1\\backend\\src\\modules\\categories\\categories.controller.ts","statementMap":{"0":{"start":{"line":1,"column":0},"end":{"line":1,"column":null}},"1":{"start":{"line":11,"column":0},"end":{"line":11,"column":57}},"2":{"start":{"line":12,"column":0},"end":{"line":12,"column":61}},"3":{"start":{"line":13,"column":0},"end":{"line":13,"column":56}},"4":{"start":{"line":14,"column":0},"end":{"line":14,"column":59}},"5":{"start":{"line":15,"column":0},"end":{"line":15,"column":61}},"6":{"start":{"line":16,"column":0},"end":{"line":16,"column":38}},"7":{"start":{"line":17,"column":0},"end":{"line":17,"column":74}},"8":{"start":{"line":21,"column":7},"end":{"line":53,"column":null}},"9":{"start":{"line":22,"column":31},"end":{"line":22,"column":50}},"10":{"start":{"line":27,"column":4},"end":{"line":27,"column":44}},"11":{"start":{"line":33,"column":4},"end":{"line":33,"column":51}},"12":{"start":{"line":39,"column":4},"end":{"line":39,"column":46}},"13":{"start":{"line":45,"column":4},"end":{"line":45,"column":50}},"14":{"start":{"line":51,"column":4},"end":{"line":51,"column":45}},"15":{"start":{"line":21,"column":13},"end":{"line":21,"column":33}},"16":{"start":{"line":26,"column":2},"end":{"line":28,"column":null}},"17":{"start":{"line":32,"column":2},"end":{"line":34,"column":null}},"18":{"start":{"line":38,"column":2},"end":{"line":40,"column":null}},"19":{"start":{"line":44,"column":2},"end":{"line":46,"column":null}},"20":{"start":{"line":50,"column":2},"end":{"line":52,"column":null}},"21":{"start":{"line":21,"column":13},"end":{"line":53,"column":null}}},"fnMap":{"0":{"name":"(anonymous_4)","decl":{"start":{"line":22,"column":2},"end":{"line":22,"column":31}},"loc":{"start":{"line":22,"column":67},"end":{"line":22,"column":71}}},"1":{"name":"(anonymous_5)","decl":{"start":{"line":26,"column":2},"end":{"line":26,"column":9}},"loc":{"start":{"line":26,"column":9},"end":{"line":28,"column":3}}},"2":{"name":"(anonymous_6)","decl":{"start":{"line":32,"column":2},"end":{"line":32,"column":9}},"loc":{"start":{"line":32,"column":37},"end":{"line":34,"column":3}}},"3":{"name":"(anonymous_7)","decl":{"start":{"line":38,"column":2},"end":{"line":38,"column":8}},"loc":{"start":{"line":38,"column":39},"end":{"line":40,"column":3}}},"4":{"name":"(anonymous_8)","decl":{"start":{"line":44,"column":2},"end":{"line":44,"column":8}},"loc":{"start":{"line":44,"column":64},"end":{"line":46,"column":3}}},"5":{"name":"(anonymous_9)","decl":{"start":{"line":50,"column":2},"end":{"line":50,"column":8}},"loc":{"start":{"line":50,"column":32},"end":{"line":52,"column":3}}}},"branchMap":{},"s":{"0":0,"1":0,"2":0,"3":0,"4":0,"5":0,"6":0,"7":0,"8":0,"9":0,"10":0,"11":0,"12":0,"13":0,"14":0,"15":0,"16":0,"17":0,"18":0,"19":0,"20":0,"21":0},"f":{"0":0,"1":0,"2":0,"3":0,"4":0,"5":0},"b":{}}
,"E:\\repos\\e-commerce_ob_1\\backend\\src\\modules\\categories\\categories.module.ts": {"path":"E:\\repos\\e-commerce_ob_1\\backend\\src\\modules\\categories\\categories.module.ts","statementMap":{"0":{"start":{"line":1,"column":0},"end":{"line":1,"column":40}},"1":{"start":{"line":2,"column":0},"end":{"line":2,"column":57}},"2":{"start":{"line":3,"column":0},"end":{"line":3,"column":63}},"3":{"start":{"line":10,"column":7},"end":{"line":10,"column":null}},"4":{"start":{"line":10,"column":13},"end":{"line":10,"column":29}},"5":{"start":{"line":10,"column":13},"end":{"line":10,"column":null}}},"fnMap":{},"branchMap":{},"s":{"0":0,"1":0,"2":0,"3":0,"4":0,"5":0},"f":{},"b":{}}
,"E:\\repos\\e-commerce_ob_1\\backend\\src\\modules\\categories\\categories.service.ts": {"path":"E:\\repos\\e-commerce_ob_1\\backend\\src\\modules\\categories\\categories.service.ts","statementMap":{"0":{"start":{"line":1,"column":0},"end":{"line":1,"column":63}},"1":{"start":{"line":2,"column":0},"end":{"line":2,"column":57}},"2":{"start":{"line":6,"column":7},"end":{"line":68,"column":null}},"3":{"start":{"line":7,"column":31},"end":{"line":7,"column":39}},"4":{"start":{"line":10,"column":4},"end":{"line":14,"column":7}},"5":{"start":{"line":18,"column":21},"end":{"line":21,"column":6}},"6":{"start":{"line":22,"column":4},"end":{"line":22,"column":69}},"7":{"start":{"line":22,"column":19},"end":{"line":22,"column":69}},"8":{"start":{"line":23,"column":4},"end":{"line":23,"column":20}},"9":{"start":{"line":33,"column":34},"end":{"line":33,"column":38}},"10":{"start":{"line":34,"column":4},"end":{"line":39,"column":7}},"11":{"start":{"line":49,"column":4},"end":{"line":49,"column":28}},"12":{"start":{"line":50,"column":34},"end":{"line":50,"column":38}},"13":{"start":{"line":51,"column":51},"end":{"line":51,"column":62}},"14":{"start":{"line":52,"column":4},"end":{"line":54,"column":5}},"15":{"start":{"line":53,"column":6},"end":{"line":53,"column":90}},"16":{"start":{"line":55,"column":4},"end":{"line":55,"column":76}},"17":{"start":{"line":59,"column":4},"end":{"line":59,"column":28}},"18":{"start":{"line":60,"column":4},"end":{"line":60,"column":58}},"19":{"start":{"line":64,"column":16},"end":{"line":64,"column":72}},"20":{"start":{"line":65,"column":4},"end":{"line":65,"column":64}},"21":{"start":{"line":65,"column":14},"end":{"line":65,"column":64}},"22":{"start":{"line":66,"column":4},"end":{"line":66,"column":15}},"23":{"start":{"line":6,"column":13},"end":{"line":6,"column":30}},"24":{"start":{"line":6,"column":13},"end":{"line":68,"column":null}}},"fnMap":{"0":{"name":"(anonymous_2)","decl":{"start":{"line":7,"column":2},"end":{"line":7,"column":31}},"loc":{"start":{"line":7,"column":52},"end":{"line":7,"column":56}}},"1":{"name":"(anonymous_3)","decl":{"start":{"line":9,"column":2},"end":{"line":9,"column":9}},"loc":{"start":{"line":9,"column":9},"end":{"line":15,"column":3}}},"2":{"name":"(anonymous_4)","decl":{"start":{"line":17,"column":2},"end":{"line":17,"column":7}},"loc":{"start":{"line":17,"column":31},"end":{"line":24,"column":3}}},"3":{"name":"(anonymous_5)","decl":{"start":{"line":26,"column":2},"end":{"line":26,"column":8}},"loc":{"start":{"line":32,"column":3},"end":{"line":40,"column":3}}},"4":{"name":"(anonymous_6)","decl":{"start":{"line":42,"column":2},"end":{"line":42,"column":7}},"loc":{"start":{"line":48,"column":3},"end":{"line":56,"column":3}}},"5":{"name":"(anonymous_7)","decl":{"start":{"line":58,"column":2},"end":{"line":58,"column":7}},"loc":{"start":{"line":58,"column":25},"end":{"line":61,"column":3}}},"6":{"name":"(anonymous_8)","decl":{"start":{"line":63,"column":10},"end":{"line":63,"column":15}},"loc":{"start":{"line":63,"column":35},"end":{"line":67,"column":3}}}},"branchMap":{"0":{"loc":{"start":{"line":22,"column":4},"end":{"line":22,"column":69}},"type":"if","locations":[{"start":{"line":22,"column":4},"end":{"line":22,"column":69}},{"start":{},"end":{}}]},"1":{"loc":{"start":{"line":37,"column":12},"end":{"line":37,"column":65}},"type":"binary-expr","locations":[{"start":{"line":37,"column":12},"end":{"line":37,"column":20}},{"start":{"line":37,"column":24},"end":{"line":37,"column":65}}]},"2":{"loc":{"start":{"line":52,"column":4},"end":{"line":54,"column":5}},"type":"if","locations":[{"start":{"line":52,"column":4},"end":{"line":54,"column":5}},{"start":{},"end":{}}]},"3":{"loc":{"start":{"line":53,"column":26},"end":{"line":53,"column":89}},"type":"cond-expr","locations":[{"start":{"line":53,"column":37},"end":{"line":53,"column":66}},{"start":{"line":53,"column":69},"end":{"line":53,"column":89}}]},"4":{"loc":{"start":{"line":65,"column":4},"end":{"line":65,"column":64}},"type":"if","locations":[{"start":{"line":65,"column":4},"end":{"line":65,"column":64}},{"start":{},"end":{}}]}},"s":{"0":0,"1":0,"2":0,"3":0,"4":0,"5":0,"6":0,"7":0,"8":0,"9":0,"10":0,"11":0,"12":0,"13":0,"14":0,"15":0,"16":0,"17":0,"18":0,"19":0,"20":0,"21":0,"22":0,"23":0,"24":0},"f":{"0":0,"1":0,"2":0,"3":0,"4":0,"5":0,"6":0},"b":{"0":[0,0],"1":[0,0],"2":[0,0],"3":[0,0],"4":[0,0]}}
,"E:\\repos\\e-commerce_ob_1\\backend\\src\\modules\\categories\\dto\\category.dto.ts": {"path":"E:\\repos\\e-commerce_ob_1\\backend\\src\\modules\\categories\\dto\\category.dto.ts","statementMap":{"0":{"start":{"line":1,"column":0},"end":{"line":1,"column":86}},"1":{"start":{"line":3,"column":0},"end":{"line":3,"column":13}},"2":{"start":{"line":7,"column":2},"end":{"line":7,"column":null}},"3":{"start":{"line":12,"column":2},"end":{"line":12,"column":null}},"4":{"start":{"line":16,"column":2},"end":{"line":16,"column":null}},"5":{"start":{"line":20,"column":2},"end":{"line":20,"column":null}},"6":{"start":{"line":24,"column":2},"end":{"line":24,"column":null}},"7":{"start":{"line":27,"column":0},"end":{"line":27,"column":13}},"8":{"start":{"line":31,"column":2},"end":{"line":31,"column":null}},"9":{"start":{"line":36,"column":2},"end":{"line":36,"column":null}},"10":{"start":{"line":40,"column":2},"end":{"line":40,"column":null}},"11":{"start":{"line":44,"column":2},"end":{"line":44,"column":null}},"12":{"start":{"line":48,"column":2},"end":{"line":48,"column":null}}},"fnMap":{},"branchMap":{},"s":{"0":0,"1":0,"2":0,"3":0,"4":0,"5":0,"6":0,"7":0,"8":0,"9":0,"10":0,"11":0,"12":0},"f":{},"b":{}}
,"E:\\repos\\e-commerce_ob_1\\backend\\src\\modules\\email\\email.module.ts": {"path":"E:\\repos\\e-commerce_ob_1\\backend\\src\\modules\\email\\email.module.ts","statementMap":{"0":{"start":{"line":1,"column":0},"end":{"line":1,"column":40}},"1":{"start":{"line":2,"column":0},"end":{"line":2,"column":47}},"2":{"start":{"line":8,"column":7},"end":{"line":8,"column":null}},"3":{"start":{"line":8,"column":13},"end":{"line":8,"column":24}},"4":{"start":{"line":8,"column":13},"end":{"line":8,"column":null}}},"fnMap":{},"branchMap":{},"s":{"0":0,"1":0,"2":0,"3":0,"4":0},"f":{},"b":{}}
,"E:\\repos\\e-commerce_ob_1\\backend\\src\\modules\\email\\email.service.ts": {"path":"E:\\repos\\e-commerce_ob_1\\backend\\src\\modules\\email\\email.service.ts","statementMap":{"0":{"start":{"line":1,"column":0},"end":{"line":1,"column":52}},"1":{"start":{"line":2,"column":0},"end":{"line":2,"column":47}},"2":{"start":{"line":3,"column":0},"end":{"line":3,"column":41}},"3":{"start":{"line":4,"column":0},"end":{"line":4,"column":32}},"4":{"start":{"line":5,"column":0},"end":{"line":5,"column":84}},"5":{"start":{"line":6,"column":0},"end":{"line":6,"column":82}},"6":{"start":{"line":7,"column":0},"end":{"line":7,"column":90}},"7":{"start":{"line":15,"column":25},"end":{"line":111,"column":null}},"8":{"start":{"line":20,"column":31},"end":{"line":20,"column":46}},"9":{"start":{"line":18,"column":19},"end":{"line":18,"column":58}},"10":{"start":{"line":21,"column":19},"end":{"line":21,"column":66}},"11":{"start":{"line":22,"column":4},"end":{"line":22,"column":83}},"12":{"start":{"line":23,"column":4},"end":{"line":23,"column":80}},"13":{"start":{"line":24,"column":4},"end":{"line":26,"column":5}},"14":{"start":{"line":25,"column":6},"end":{"line":25,"column":77}},"15":{"start":{"line":36,"column":30},"end":{"line":36,"column":61}},"16":{"start":{"line":37,"column":4},"end":{"line":39,"column":7}},"17":{"start":{"line":48,"column":30},"end":{"line":48,"column":60}},"18":{"start":{"line":49,"column":4},"end":{"line":51,"column":7}},"19":{"start":{"line":62,"column":30},"end":{"line":62,"column":64}},"20":{"start":{"line":63,"column":4},"end":{"line":66,"column":7}},"21":{"start":{"line":76,"column":4},"end":{"line":109,"column":5}},"22":{"start":{"line":77,"column":21},"end":{"line":82,"column":8}},"23":{"start":{"line":86,"column":6},"end":{"line":90,"column":7}},"24":{"start":{"line":87,"column":8},"end":{"line":89,"column":10}},"25":{"start":{"line":92,"column":6},"end":{"line":92,"column":57}},"26":{"start":{"line":93,"column":6},"end":{"line":93,"column":20}},"27":{"start":{"line":95,"column":6},"end":{"line":98,"column":8}},"28":{"start":{"line":99,"column":6},"end":{"line":107,"column":9}},"29":{"start":{"line":100,"column":8},"end":{"line":100,"column":41}},"30":{"start":{"line":101,"column":8},"end":{"line":105,"column":11}},"31":{"start":{"line":106,"column":8},"end":{"line":106,"column":39}},"32":{"start":{"line":108,"column":6},"end":{"line":108,"column":18}},"33":{"start":{"line":15,"column":13},"end":{"line":15,"column":25}},"34":{"start":{"line":15,"column":13},"end":{"line":111,"column":null}}},"fnMap":{"0":{"name":"(anonymous_2)","decl":{"start":{"line":20,"column":2},"end":{"line":20,"column":31}},"loc":{"start":{"line":20,"column":59},"end":{"line":27,"column":3}}},"1":{"name":"(anonymous_3)","decl":{"start":{"line":29,"column":2},"end":{"line":29,"column":7}},"loc":{"start":{"line":35,"column":3},"end":{"line":40,"column":3}}},"2":{"name":"(anonymous_4)","decl":{"start":{"line":42,"column":2},"end":{"line":42,"column":7}},"loc":{"start":{"line":47,"column":3},"end":{"line":52,"column":3}}},"3":{"name":"(anonymous_5)","decl":{"start":{"line":54,"column":2},"end":{"line":54,"column":7}},"loc":{"start":{"line":61,"column":3},"end":{"line":67,"column":3}}},"4":{"name":"(anonymous_6)","decl":{"start":{"line":69,"column":10},"end":{"line":69,"column":15}},"loc":{"start":{"line":74,"column":35},"end":{"line":110,"column":3}}},"5":{"name":"(anonymous_7)","decl":{"start":{"line":99,"column":23},"end":{"line":99,"column":24}},"loc":{"start":{"line":99,"column":33},"end":{"line":107,"column":7}}}},"branchMap":{"0":{"loc":{"start":{"line":22,"column":29},"end":{"line":22,"column":81}},"type":"binary-expr","locations":[{"start":{"line":22,"column":29},"end":{"line":22,"column":35}},{"start":{"line":22,"column":39},"end":{"line":22,"column":81}}]},"1":{"loc":{"start":{"line":24,"column":4},"end":{"line":26,"column":5}},"type":"if","locations":[{"start":{"line":24,"column":4},"end":{"line":26,"column":5}},{"start":{},"end":{}}]},"2":{"loc":{"start":{"line":86,"column":6},"end":{"line":90,"column":7}},"type":"if","locations":[{"start":{"line":86,"column":6},"end":{"line":90,"column":7}},{"start":{},"end":{}}]}},"s":{"0":3,"1":3,"2":3,"3":3,"4":3,"5":3,"6":3,"7":3,"8":0,"9":0,"10":0,"11":0,"12":0,"13":0,"14":0,"15":0,"16":0,"17":0,"18":0,"19":0,"20":0,"21":0,"22":0,"23":0,"24":0,"25":0,"26":0,"27":0,"28":0,"29":0,"30":0,"31":0,"32":0,"33":3,"34":3},"f":{"0":0,"1":0,"2":0,"3":0,"4":0,"5":0},"b":{"0":[0,0],"1":[0,0],"2":[0,0]}}
,"E:\\repos\\e-commerce_ob_1\\backend\\src\\modules\\email\\templates\\order-confirmation.template.ts": {"path":"E:\\repos\\e-commerce_ob_1\\backend\\src\\modules\\email\\templates\\order-confirmation.template.ts","statementMap":{"0":{"start":{"line":18,"column":0},"end":{"line":18,"column":16}},"1":{"start":{"line":15,"column":2},"end":{"line":15,"column":60}},"2":{"start":{"line":19,"column":15},"end":{"line":28,"column":13}},"3":{"start":{"line":22,"column":8},"end":{"line":26,"column":null}},"4":{"start":{"line":30,"column":2},"end":{"line":58,"column":4}}},"fnMap":{"0":{"name":"formatPrice","decl":{"start":{"line":14,"column":9},"end":{"line":14,"column":20}},"loc":{"start":{"line":14,"column":34},"end":{"line":16,"column":1}}},"1":{"name":"orderConfirmationTemplate","decl":{"start":{"line":18,"column":16},"end":{"line":18,"column":41}},"loc":{"start":{"line":18,"column":52},"end":{"line":59,"column":1}}},"2":{"name":"(anonymous_2)","decl":{"start":{"line":21,"column":6},"end":{"line":21,"column":7}},"loc":{"start":{"line":22,"column":8},"end":{"line":26,"column":null}}}},"branchMap":{},"s":{"0":3,"1":0,"2":0,"3":0,"4":0},"f":{"0":0,"1":0,"2":0},"b":{}}
,"E:\\repos\\e-commerce_ob_1\\backend\\src\\modules\\email\\templates\\payment-confirmed.template.ts": {"path":"E:\\repos\\e-commerce_ob_1\\backend\\src\\modules\\email\\templates\\payment-confirmed.template.ts","statementMap":{"0":{"start":{"line":11,"column":0},"end":{"line":11,"column":16}},"1":{"start":{"line":2,"column":2},"end":{"line":2,"column":60}},"2":{"start":{"line":12,"column":2},"end":{"line":26,"column":4}}},"fnMap":{"0":{"name":"formatPrice","decl":{"start":{"line":1,"column":9},"end":{"line":1,"column":20}},"loc":{"start":{"line":1,"column":34},"end":{"line":3,"column":1}}},"1":{"name":"paymentConfirmedTemplate","decl":{"start":{"line":11,"column":16},"end":{"line":11,"column":40}},"loc":{"start":{"line":11,"column":51},"end":{"line":27,"column":1}}}},"branchMap":{},"s":{"0":3,"1":0,"2":0},"f":{"0":0,"1":0},"b":{}}
,"E:\\repos\\e-commerce_ob_1\\backend\\src\\modules\\email\\templates\\shipping-notification.template.ts": {"path":"E:\\repos\\e-commerce_ob_1\\backend\\src\\modules\\email\\templates\\shipping-notification.template.ts","statementMap":{"0":{"start":{"line":9,"column":0},"end":{"line":9,"column":16}},"1":{"start":{"line":10,"column":23},"end":{"line":12,"column":71}},"2":{"start":{"line":14,"column":2},"end":{"line":28,"column":4}}},"fnMap":{"0":{"name":"shippingNotificationTemplate","decl":{"start":{"line":9,"column":16},"end":{"line":9,"column":44}},"loc":{"start":{"line":9,"column":55},"end":{"line":29,"column":1}}}},"branchMap":{"0":{"loc":{"start":{"line":10,"column":23},"end":{"line":12,"column":71}},"type":"cond-expr","locations":[{"start":{"line":11,"column":6},"end":{"line":11,"column":86}},{"start":{"line":12,"column":6},"end":{"line":12,"column":71}}]}},"s":{"0":3,"1":0,"2":0},"f":{"0":0},"b":{"0":[0,0]}}
,"E:\\repos\\e-commerce_ob_1\\backend\\src\\modules\\orders\\orders.controller.ts": {"path":"E:\\repos\\e-commerce_ob_1\\backend\\src\\modules\\orders\\orders.controller.ts","statementMap":{"0":{"start":{"line":1,"column":0},"end":{"line":1,"column":null}},"1":{"start":{"line":12,"column":0},"end":{"line":12,"column":44}},"2":{"start":{"line":13,"column":0},"end":{"line":13,"column":49}},"3":{"start":{"line":14,"column":0},"end":{"line":14,"column":61}},"4":{"start":{"line":15,"column":0},"end":{"line":15,"column":56}},"5":{"start":{"line":16,"column":0},"end":{"line":16,"column":69}},"6":{"start":{"line":17,"column":0},"end":{"line":17,"column":59}},"7":{"start":{"line":18,"column":0},"end":{"line":18,"column":72}},"8":{"start":{"line":19,"column":0},"end":{"line":19,"column":56}},"9":{"start":{"line":20,"column":0},"end":{"line":20,"column":69}},"10":{"start":{"line":21,"column":0},"end":{"line":21,"column":67}},"11":{"start":{"line":24,"column":7},"end":{"line":68,"column":null}},"12":{"start":{"line":25,"column":31},"end":{"line":25,"column":46}},"13":{"start":{"line":34,"column":22},"end":{"line":34,"column":51}},"14":{"start":{"line":35,"column":4},"end":{"line":35,"column":83}},"15":{"start":{"line":41,"column":4},"end":{"line":41,"column":54}},"16":{"start":{"line":47,"column":4},"end":{"line":47,"column":58}},"17":{"start":{"line":56,"column":4},"end":{"line":56,"column":50}},"18":{"start":{"line":66,"column":4},"end":{"line":66,"column":59}},"19":{"start":{"line":24,"column":13},"end":{"line":24,"column":29}},"20":{"start":{"line":29,"column":2},"end":{"line":36,"column":null}},"21":{"start":{"line":40,"column":2},"end":{"line":42,"column":null}},"22":{"start":{"line":46,"column":2},"end":{"line":48,"column":null}},"23":{"start":{"line":55,"column":2},"end":{"line":57,"column":null}},"24":{"start":{"line":62,"column":2},"end":{"line":67,"column":null}},"25":{"start":{"line":24,"column":13},"end":{"line":68,"column":null}}},"fnMap":{"0":{"name":"(anonymous_4)","decl":{"start":{"line":25,"column":2},"end":{"line":25,"column":31}},"loc":{"start":{"line":25,"column":59},"end":{"line":25,"column":63}}},"1":{"name":"(anonymous_5)","decl":{"start":{"line":29,"column":2},"end":{"line":29,"column":13}},"loc":{"start":{"line":32,"column":31},"end":{"line":36,"column":3}}},"2":{"name":"(anonymous_6)","decl":{"start":{"line":40,"column":2},"end":{"line":40,"column":13}},"loc":{"start":{"line":40,"column":39},"end":{"line":42,"column":3}}},"3":{"name":"(anonymous_7)","decl":{"start":{"line":46,"column":2},"end":{"line":46,"column":12}},"loc":{"start":{"line":46,"column":63},"end":{"line":48,"column":3}}},"4":{"name":"(anonymous_8)","decl":{"start":{"line":55,"column":2},"end":{"line":55,"column":14}},"loc":{"start":{"line":55,"column":50},"end":{"line":57,"column":3}}},"5":{"name":"(anonymous_9)","decl":{"start":{"line":62,"column":2},"end":{"line":62,"column":14}},"loc":{"start":{"line":64,"column":37},"end":{"line":67,"column":3}}}},"branchMap":{"0":{"loc":{"start":{"line":34,"column":22},"end":{"line":34,"column":51}},"type":"binary-expr","locations":[{"start":{"line":34,"column":22},"end":{"line":34,"column":33}},{"start":{"line":34,"column":37},"end":{"line":34,"column":51}}]}},"s":{"0":0,"1":0,"2":0,"3":0,"4":0,"5":0,"6":0,"7":0,"8":0,"9":0,"10":0,"11":0,"12":0,"13":0,"14":0,"15":0,"16":0,"17":0,"18":0,"19":0,"20":0,"21":0,"22":0,"23":0,"24":0,"25":0},"f":{"0":0,"1":0,"2":0,"3":0,"4":0,"5":0},"b":{"0":[0,0]}}
,"E:\\repos\\e-commerce_ob_1\\backend\\src\\modules\\orders\\orders.module.ts": {"path":"E:\\repos\\e-commerce_ob_1\\backend\\src\\modules\\orders\\orders.module.ts","statementMap":{"0":{"start":{"line":1,"column":0},"end":{"line":1,"column":40}},"1":{"start":{"line":2,"column":0},"end":{"line":2,"column":49}},"2":{"start":{"line":3,"column":0},"end":{"line":3,"column":55}},"3":{"start":{"line":4,"column":0},"end":{"line":4,"column":49}},"4":{"start":{"line":5,"column":0},"end":{"line":5,"column":61}},"5":{"start":{"line":6,"column":0},"end":{"line":6,"column":52}},"6":{"start":{"line":14,"column":7},"end":{"line":14,"column":null}},"7":{"start":{"line":14,"column":13},"end":{"line":14,"column":25}},"8":{"start":{"line":14,"column":13},"end":{"line":14,"column":null}}},"fnMap":{},"branchMap":{},"s":{"0":0,"1":0,"2":0,"3":0,"4":0,"5":0,"6":0,"7":0,"8":0},"f":{},"b":{}}
[...]
rt":{"line":4,"column":0},"end":{"line":4,"column":36}},"4":{"start":{"line":25,"column":25},"end":{"line":142,"column":null}},"5":{"start":{"line":32,"column":31},"end":{"line":32,"column":46}},"6":{"start":{"line":28,"column":19},"end":{"line":28,"column":58}},"7":{"start":{"line":30,"column":19},"end":{"line":30,"column":67}},"8":{"start":{"line":33,"column":4},"end":{"line":33,"column":83}},"9":{"start":{"line":34,"column":20},"end":{"line":34,"column":74}},"10":{"start":{"line":35,"column":20},"end":{"line":37,"column":48}},"11":{"start":{"line":39,"column":4},"end":{"line":39,"column":85}},"12":{"start":{"line":41,"column":4},"end":{"line":47,"column":7}},"13":{"start":{"line":49,"column":4},"end":{"line":56,"column":5}},"14":{"start":{"line":50,"column":6},"end":{"line":52,"column":8}},"15":{"start":{"line":53,"column":6},"end":{"line":55,"column":8}},"16":{"start":{"line":60,"column":4},"end":{"line":62,"column":5}},"17":{"start":{"line":61,"column":6},"end":{"line":61,"column":43}},"18":{"start":{"line":64,"column":20},"end":{"line":84,"column":6}},"19":{"start":{"line":86,"column":21},"end":{"line":88,"column":null}},"20":{"start":{"line":91,"column":21},"end":{"line":91,"column":34}},"21":{"start":{"line":92,"column":4},"end":{"line":92,"column":63}},"22":{"start":{"line":94,"column":4},"end":{"line":97,"column":6}},"23":{"start":{"line":105,"column":4},"end":{"line":108,"column":5}},"24":{"start":{"line":106,"column":6},"end":{"line":106,"column":72}},"25":{"start":{"line":107,"column":6},"end":{"line":107,"column":18}},"26":{"start":{"line":110,"column":21},"end":{"line":112,"column":null}},"27":{"start":{"line":115,"column":4},"end":{"line":115,"column":38}},"28":{"start":{"line":119,"column":4},"end":{"line":119,"column":76}},"29":{"start":{"line":124,"column":23},"end":{"line":124,"column":97}},"30":{"start":{"line":125,"column":27},"end":{"line":125,"column":97}},"31":{"start":{"line":127,"column":35},"end":{"line":132,"column":6}},"32":{"start":{"line":134,"column":4},"end":{"line":134,"column":49}},"33":{"start":{"line":136,"column":4},"end":{"line":138,"column":6}},"34":{"start":{"line":140,"column":4},"end":{"line":140,"column":46}},"35":{"start":{"line":25,"column":13},"end":{"line":25,"column":25}},"36":{"start":{"line":25,"column":13},"end":{"line":142,"column":null}}},"fnMap":{"0":{"name":"(anonymous_2)","decl":{"start":{"line":32,"column":2},"end":{"line":32,"column":31}},"loc":{"start":{"line":32,"column":59},"end":{"line":57,"column":3}}},"1":{"name":"(anonymous_3)","decl":{"start":{"line":59,"column":2},"end":{"line":59,"column":7}},"loc":{"start":{"line":59,"column":50},"end":{"line":98,"column":3}}},"2":{"name":"(anonymous_4)","decl":{"start":{"line":104,"column":2},"end":{"line":104,"column":7}},"loc":{"start":{"line":104,"column":40},"end":{"line":116,"column":3}}},"3":{"name":"(anonymous_5)","decl":{"start":{"line":118,"column":2},"end":{"line":118,"column":16}},"loc":{"start":{"line":118,"column":39},"end":{"line":120,"column":3}}},"4":{"name":"(anonymous_6)","decl":{"start":{"line":123,"column":10},"end":{"line":123,"column":28}},"loc":{"start":{"line":123,"column":56},"end":{"line":141,"column":3}}}},"branchMap":{"0":{"loc":{"start":{"line":35,"column":20},"end":{"line":37,"column":48}},"type":"cond-expr","locations":[{"start":{"line":36,"column":8},"end":{"line":36,"column":56}},{"start":{"line":37,"column":8},"end":{"line":37,"column":48}}]},"1":{"loc":{"start":{"line":49,"column":4},"end":{"line":56,"column":5}},"type":"if","locations":[{"start":{"line":49,"column":4},"end":{"line":56,"column":5}},{"start":{},"end":{}}]},"2":{"loc":{"start":{"line":60,"column":4},"end":{"line":62,"column":5}},"type":"if","locations":[{"start":{"line":60,"column":4},"end":{"line":62,"column":5}},{"start":{},"end":{}}]},"3":{"loc":{"start":{"line":105,"column":4},"end":{"line":108,"column":5}},"type":"if","locations":[{"start":{"line":105,"column":4},"end":{"line":108,"column":5}},{"start":{},"end":{}}]}},"s":{"0":0,"1":0,"2":0,"3":0,"4":0,"5":0,"6":0,"7":0,"8":0,"9":0,"10":0,"11":0,"12":0,"13":0,"14":0,"15":0,"16":0,"17":0,"18":0,"19":0,"20":0,"21":0,"22":0,"23":0,"24":0,"25":0,"26":0,"27":0,"28":0,"29":0,"30":0,"31":0,"32":0,"33":0,"34":0,"35":0,"36":0},"f":{"0":0,"1":0,"2":0,"3":0,"4":0},"b":{"0":[0,0],"1":[0,0],"2":[0,0],"3":[0,0]}}
,"E:\\repos\\e-commerce_ob_1\\backend\\src\\modules\\storage\\storage.controller.ts": {"path":"E:\\repos\\e-commerce_ob_1\\backend\\src\\modules\\storage\\storage.controller.ts","statementMap":{"0":{"start":{"line":1,"column":0},"end":{"line":1,"column":44}},"1":{"start":{"line":7,"column":7},"end":{"line":7,"column":null}},"2":{"start":{"line":7,"column":13},"end":{"line":7,"column":30}},"3":{"start":{"line":7,"column":13},"end":{"line":7,"column":null}}},"fnMap":{},"branchMap":{},"s":{"0":0,"1":0,"2":0,"3":0},"f":{},"b":{}}
,"E:\\repos\\e-commerce_ob_1\\backend\\src\\modules\\storage\\storage.module.ts": {"path":"E:\\repos\\e-commerce_ob_1\\backend\\src\\modules\\storage\\storage.module.ts","statementMap":{"0":{"start":{"line":1,"column":0},"end":{"line":1,"column":40}},"1":{"start":{"line":2,"column":0},"end":{"line":2,"column":51}},"2":{"start":{"line":3,"column":0},"end":{"line":3,"column":57}},"3":{"start":{"line":10,"column":7},"end":{"line":10,"column":null}},"4":{"start":{"line":10,"column":13},"end":{"line":10,"column":26}},"5":{"start":{"line":10,"column":13},"end":{"line":10,"column":null}}},"fnMap":{},"branchMap":{},"s":{"0":0,"1":0,"2":0,"3":0,"4":0,"5":0},"f":{},"b":{}}
,"E:\\repos\\e-commerce_ob_1\\backend\\src\\modules\\storage\\storage.service.ts": {"path":"E:\\repos\\e-commerce_ob_1\\backend\\src\\modules\\storage\\storage.service.ts","statementMap":{"0":{"start":{"line":1,"column":0},"end":{"line":1,"column":44}},"1":{"start":{"line":2,"column":0},"end":{"line":2,"column":47}},"2":{"start":{"line":3,"column":0},"end":{"line":3,"column":69}},"3":{"start":{"line":5,"column":30},"end":{"line":5,"column":46}},"4":{"start":{"line":6,"column":31},"end":{"line":6,"column":48}},"5":{"start":{"line":9,"column":7},"end":{"line":62,"column":null}},"6":{"start":{"line":12,"column":31},"end":{"line":12,"column":46}},"7":{"start":{"line":13,"column":4},"end":{"line":16,"column":6}},"8":{"start":{"line":23,"column":16},"end":{"line":23,"column":50}},"9":{"start":{"line":24,"column":17},"end":{"line":24,"column":52}},"10":{"start":{"line":26,"column":22},"end":{"line":31,"column":8}},"11":{"start":{"line":33,"column":4},"end":{"line":33,"column":74}},"12":{"start":{"line":33,"column":15},"end":{"line":33,"column":74}},"13":{"start":{"line":35,"column":21},"end":{"line":37,"column":25}},"14":{"start":{"line":39,"column":4},"end":{"line":39,"column":41}},"15":{"start":{"line":43,"column":17},"end":{"line":43,"column":37}},"16":{"start":{"line":45,"column":22},"end":{"line":47,"column":80}},"17":{"start":{"line":49,"column":4},"end":{"line":49,"column":72}},"18":{"start":{"line":49,"column":15},"end":{"line":49,"column":72}},"19":{"start":{"line":51,"column":21},"end":{"line":53,"column":25}},"20":{"start":{"line":55,"column":4},"end":{"line":55,"column":26}},"21":{"start":{"line":59,"column":22},"end":{"line":59,"column":77}},"22":{"start":{"line":60,"column":4},"end":{"line":60,"column":74}},"23":{"start":{"line":60,"column":15},"end":{"line":60,"column":74}},"24":{"start":{"line":9,"column":13},"end":{"line":9,"column":27}},"25":{"start":{"line":9,"column":13},"end":{"line":62,"column":null}}},"fnMap":{"0":{"name":"(anonymous_2)","decl":{"start":{"line":12,"column":2},"end":{"line":12,"column":31}},"loc":{"start":{"line":12,"column":59},"end":{"line":17,"column":3}}},"1":{"name":"(anonymous_3)","decl":{"start":{"line":19,"column":2},"end":{"line":19,"column":7}},"loc":{"start":{"line":21,"column":29},"end":{"line":40,"column":3}}},"2":{"name":"(anonymous_4)","decl":{"start":{"line":42,"column":2},"end":{"line":42,"column":7}},"loc":{"start":{"line":42,"column":63},"end":{"line":56,"column":3}}},"3":{"name":"(anonymous_5)","decl":{"start":{"line":58,"column":2},"end":{"line":58,"column":7}},"loc":{"start":{"line":58,"column":47},"end":{"line":61,"column":3}}}},"branchMap":{"0":{"loc":{"start":{"line":33,"column":4},"end":{"line":33,"column":74}},"type":"if","locations":[{"start":{"line":33,"column":4},"end":{"line":33,"column":74}},{"start":{},"end":{}}]},"1":{"loc":{"start":{"line":49,"column":4},"end":{"line":49,"column":72}},"type":"if","locations":[{"start":{"line":49,"column":4},"end":{"line":49,"column":72}},{"start":{},"end":{}}]},"2":{"loc":{"start":{"line":60,"column":4},"end":{"line":60,"column":74}},"type":"if","locations":[{"start":{"line":60,"column":4},"end":{"line":60,"column":74}},{"start":{},"end":{}}]}},"s":{"0":0,"1":0,"2":0,"3":0,"4":0,"5":0,"6":0,"7":0,"8":0,"9":0,"10":0,"11":0,"12":0,"13":0,"14":0,"15":0,"16":0,"17":0,"18":0,"19":0,"20":0,"21":0,"22":0,"23":0,"24":0,"25":0},"f":{"0":0,"1":0,"2":0,"3":0},"b":{"0":[0,0],"1":[0,0],"2":[0,0]}}
,"E:\\repos\\e-commerce_ob_1\\backend\\src\\modules\\users\\users.controller.ts": {"path":"E:\\repos\\e-commerce_ob_1\\backend\\src\\modules\\users\\users.controller.ts","statementMap":{"0":{"start":{"line":1,"column":0},"end":{"line":1,"column":null}},"1":{"start":{"line":11,"column":0},"end":{"line":11,"column":47}},"2":{"start":{"line":12,"column":0},"end":{"line":12,"column":61}},"3":{"start":{"line":13,"column":0},"end":{"line":13,"column":72}},"4":{"start":{"line":15,"column":0},"end":{"line":15,"column":60}},"5":{"start":{"line":16,"column":0},"end":{"line":16,"column":71}},"6":{"start":{"line":20,"column":7},"end":{"line":62,"column":null}},"7":{"start":{"line":21,"column":31},"end":{"line":21,"column":45}},"8":{"start":{"line":25,"column":40},"end":{"line":25,"column":44}},"9":{"start":{"line":26,"column":4},"end":{"line":26,"column":18}},"10":{"start":{"line":34,"column":20},"end":{"line":34,"column":64}},"11":{"start":{"line":35,"column":40},"end":{"line":35,"column":47}},"12":{"start":{"line":36,"column":4},"end":{"line":36,"column":18}},"13":{"start":{"line":41,"column":4},"end":{"line":41,"column":51}},"14":{"start":{"line":46,"column":4},"end":{"line":46,"column":57}},"15":{"start":{"line":55,"column":4},"end":{"line":55,"column":68}},"16":{"start":{"line":60,"column":4},"end":{"line":60,"column":63}},"17":{"start":{"line":20,"column":13},"end":{"line":20,"column":28}},"18":{"start":{"line":24,"column":2},"end":{"line":27,"column":null}},"19":{"start":{"line":30,"column":8},"end":{"line":37,"column":null}},"20":{"start":{"line":40,"column":2},"end":{"line":42,"column":null}},"21":{"start":{"line":45,"column":2},"end":{"line":47,"column":null}},"22":{"start":{"line":50,"column":2},"end":{"line":56,"column":null}},"23":{"start":{"line":59,"column":2},"end":{"line":61,"column":null}},"24":{"start":{"line":20,"column":13},"end":{"line":62,"column":null}}},"fnMap":{"0":{"name":"(anonymous_4)","decl":{"start":{"line":21,"column":2},"end":{"line":21,"column":31}},"loc":{"start":{"line":21,"column":57},"end":{"line":21,"column":61}}},"1":{"name":"(anonymous_5)","decl":{"start":{"line":24,"column":2},"end":{"line":24,"column":7}},"loc":{"start":{"line":24,"column":33},"end":{"line":27,"column":3}}},"2":{"name":"(anonymous_6)","decl":{"start":{"line":30,"column":8},"end":{"line":30,"column":16}},"loc":{"start":{"line":32,"column":33},"end":{"line":37,"column":3}}},"3":{"name":"(anonymous_7)","decl":{"start":{"line":40,"column":2},"end":{"line":40,"column":14}},"loc":{"start":{"line":40,"column":40},"end":{"line":42,"column":3}}},"4":{"name":"(anonymous_8)","decl":{"start":{"line":45,"column":2},"end":{"line":45,"column":15}},"loc":{"start":{"line":45,"column":72},"end":{"line":47,"column":3}}},"5":{"name":"(anonymous_9)","decl":{"start":{"line":50,"column":2},"end":{"line":50,"column":15}},"loc":{"start":{"line":53,"column":33},"end":{"line":56,"column":3}}},"6":{"name":"(anonymous_10)","decl":{"start":{"line":59,"column":2},"end":{"line":59,"column":15}},"loc":{"start":{"line":59,"column":73},"end":{"line":61,"column":3}}}},"branchMap":{},"s":{"0":0,"1":0,"2":0,"3":0,"4":0,"5":0,"6":0,"7":0,"8":0,"9":0,"10":0,"11":0,"12":0,"13":0,"14":0,"15":0,"16":0,"17":0,"18":0,"19":0,"20":0,"21":0,"22":0,"23":0,"24":0},"f":{"0":0,"1":0,"2":0,"3":0,"4":0,"5":0,"6":0},"b":{}}
,"E:\\repos\\e-commerce_ob_1\\backend\\src\\modules\\users\\users.module.ts": {"path":"E:\\repos\\e-commerce_ob_1\\backend\\src\\modules\\users\\users.module.ts","statementMap":{"0":{"start":{"line":1,"column":0},"end":{"line":1,"column":40}},"1":{"start":{"line":2,"column":0},"end":{"line":2,"column":47}},"2":{"start":{"line":3,"column":0},"end":{"line":3,"column":53}},"3":{"start":{"line":10,"column":7},"end":{"line":10,"column":null}},"4":{"start":{"line":10,"column":13},"end":{"line":10,"column":24}},"5":{"start":{"line":10,"column":13},"end":{"line":10,"column":null}}},"fnMap":{},"branchMap":{},"s":{"0":0,"1":0,"2":0,"3":0,"4":0,"5":0},"f":{},"b":{}}
,"E:\\repos\\e-commerce_ob_1\\backend\\src\\modules\\users\\users.service.ts": {"path":"E:\\repos\\e-commerce_ob_1\\backend\\src\\modules\\users\\users.service.ts","statementMap":{"0":{"start":{"line":1,"column":0},"end":{"line":1,"column":63}},"1":{"start":{"line":2,"column":0},"end":{"line":2,"column":57}},"2":{"start":{"line":6,"column":7},"end":{"line":70,"column":null}},"3":{"start":{"line":7,"column":31},"end":{"line":7,"column":39}},"4":{"start":{"line":10,"column":4},"end":{"line":10,"column":58}},"5":{"start":{"line":14,"column":4},"end":{"line":14,"column":61}},"6":{"start":{"line":18,"column":4},"end":{"line":18,"column":64}},"7":{"start":{"line":22,"column":4},"end":{"line":22,"column":45}},"8":{"start":{"line":26,"column":4},"end":{"line":26,"column":60}},"9":{"start":{"line":30,"column":4},"end":{"line":33,"column":7}},"10":{"start":{"line":37,"column":4},"end":{"line":42,"column":5}},"11":{"start":{"line":38,"column":6},"end":{"line":41,"column":9}},"12":{"start":{"line":43,"column":4},"end":{"line":45,"column":7}},"13":{"start":{"line":49,"column":20},"end":{"line":51,"column":6}},"14":{"start":{"line":52,"column":4},"end":{"line":52,"column":67}},"15":{"start":{"line":52,"column":18},"end":{"line":52,"column":67}},"16":{"start":{"line":54,"column":4},"end":{"line":59,"column":5}},"17":{"start":{"line":55,"column":6},"end":{"line":58,"column":9}},"18":{"start":{"line":60,"column":4},"end":{"line":60,"column":74}},"19":{"start":{"line":64,"column":20},"end":{"line":66,"column":6}},"20":{"start":{"line":67,"column":4},"end":{"line":67,"column":67}},"21":{"start":{"line":67,"column":18},"end":{"line":67,"column":67}},"22":{"start":{"line":68,"column":4},"end":{"line":68,"column":68}},"23":{"start":{"line":6,"column":13},"end":{"line":6,"column":25}},"24":{"start":{"line":6,"column":13},"end":{"line":70,"column":null}}},"fnMap":{"0":{"name":"(anonymous_2)","decl":{"start":{"line":7,"column":2},"end":{"line":7,"column":31}},"loc":{"start":{"line":7,"column":52},"end":{"line":7,"column":56}}},"1":{"name":"(anonymous_3)","decl":{"start":{"line":9,"column":2},"end":{"line":9,"column":7}},"loc":{"start":{"line":9,"column":27},"end":{"line":11,"column":3}}},"2":{"name":"(anonymous_4)","decl":{"start":{"line":13,"column":2},"end":{"line":13,"column":7}},"loc":{"start":{"line":13,"column":33},"end":{"line":15,"column":3}}},"3":{"name":"(anonymous_5)","decl":{"start":{"line":17,"column":2},"end":{"line":17,"column":7}},"loc":{"start":{"line":17,"column":39},"end":{"line":19,"column":3}}},"4":{"name":"(anonymous_6)","decl":{"start":{"line":21,"column":2},"end":{"line":21,"column":7}},"loc":{"start":{"line":21,"column":43},"end":{"line":23,"column":3}}},"5":{"name":"(anonymous_7)","decl":{"start":{"line":25,"column":2},"end":{"line":25,"column":7}},"loc":{"start":{"line":25,"column":55},"end":{"line":27,"column":3}}},"6":{"name":"(anonymous_8)","decl":{"start":{"line":29,"column":2},"end":{"line":29,"column":7}},"loc":{"start":{"line":29,"column":35},"end":{"line":34,"column":3}}},"7":{"name":"(anonymous_9)","decl":{"start":{"line":36,"column":2},"end":{"line":36,"column":7}},"loc":{"start":{"line":36,"column":83},"end":{"line":46,"column":3}}},"8":{"name":"(anonymous_10)","decl":{"start":{"line":48,"column":2},"end":{"line":48,"column":7}},"loc":{"start":{"line":48,"column":88},"end":{"line":61,"column":3}}},"9":{"name":"(anonymous_11)","decl":{"start":{"line":63,"column":2},"end":{"line":63,"column":7}},"loc":{"start":{"line":63,"column":55},"end":{"line":69,"column":3}}}},"branchMap":{"0":{"loc":{"start":{"line":37,"column":4},"end":{"line":42,"column":5}},"type":"if","locations":[{"start":{"line":37,"column":4},"end":{"line":42,"column":5}},{"start":{},"end":{}}]},"1":{"loc":{"start":{"line":52,"column":4},"end":{"line":52,"column":67}},"type":"if","locations":[{"start":{"line":52,"column":4},"end":{"line":52,"column":67}},{"start":{},"end":{}}]},"2":{"loc":{"start":{"line":54,"column":4},"end":{"line":59,"column":5}},"type":"if","locations":[{"start":{"line":54,"column":4},"end":{"line":59,"column":5}},{"start":{},"end":{}}]},"3":{"loc":{"start":{"line":67,"column":4},"end":{"line":67,"column":67}},"type":"if","locations":[{"start":{"line":67,"column":4},"end":{"line":67,"column":67}},{"start":{},"end":{}}]}},"s":{"0":1,"1":1,"2":1,"3":0,"4":0,"5":0,"6":0,"7":0,"8":0,"9":0,"10":0,"11":0,"12":0,"13":0,"14":0,"15":0,"16":0,"17":0,"18":0,"19":0,"20":0,"21":0,"22":0,"23":1,"24":1},"f":{"0":0,"1":0,"2":0,"3":0,"4":0,"5":0,"6":0,"7":0,"8":0,"9":0},"b":{"0":[0,0],"1":[0,0],"2":[0,0],"3":[0,0]}}
,"E:\\repos\\e-commerce_ob_1\\backend\\src\\modules\\users\\dto\\address.dto.ts": {"path":"E:\\repos\\e-commerce_ob_1\\backend\\src\\modules\\users\\dto\\address.dto.ts","statementMap":{"0":{"start":{"line":1,"column":0},"end":{"line":1,"column":null}},"1":{"start":{"line":10,"column":0},"end":{"line":10,"column":13}},"2":{"start":{"line":14,"column":2},"end":{"line":14,"column":null}},"3":{"start":{"line":19,"column":2},"end":{"line":19,"column":null}},"4":{"start":{"line":24,"column":2},"end":{"line":24,"column":null}},"5":{"start":{"line":29,"column":2},"end":{"line":29,"column":null}},"6":{"start":{"line":34,"column":2},"end":{"line":34,"column":null}},"7":{"start":{"line":38,"column":2},"end":{"line":38,"column":null}},"8":{"start":{"line":43,"column":2},"end":{"line":43,"column":null}},"9":{"start":{"line":48,"column":2},"end":{"line":48,"column":null}},"10":{"start":{"line":52,"column":2},"end":{"line":52,"column":null}},"11":{"start":{"line":55,"column":0},"end":{"line":55,"column":13}},"12":{"start":{"line":59,"column":2},"end":{"line":59,"column":null}},"13":{"start":{"line":64,"column":2},"end":{"line":64,"column":null}},"14":{"start":{"line":69,"column":2},"end":{"line":69,"column":null}},"15":{"start":{"line":74,"column":2},"end":{"line":74,"column":null}},"16":{"start":{"line":79,"column":2},"end":{"line":79,"column":null}},"17":{"start":{"line":84,"column":2},"end":{"line":84,"column":null}},"18":{"start":{"line":89,"column":2},"end":{"line":89,"column":null}},"19":{"start":{"line":94,"column":2},"end":{"line":94,"column":null}},"20":{"start":{"line":98,"column":2},"end":{"line":98,"column":null}}},"fnMap":{},"branchMap":{},"s":{"0":0,"1":0,"2":0,"3":0,"4":0,"5":0,"6":0,"7":0,"8":0,"9":0,"10":0,"11":0,"12":0,"13":0,"14":0,"15":0,"16":0,"17":0,"18":0,"19":0,"20":0},"f":{},"b":{}}
,"E:\\repos\\e-commerce_ob_1\\backend\\src\\modules\\users\\dto\\update-profile.dto.ts": {"path":"E:\\repos\\e-commerce_ob_1\\backend\\src\\modules\\users\\dto\\update-profile.dto.ts","statementMap":{"0":{"start":{"line":1,"column":0},"end":{"line":1,"column":66}},"1":{"start":{"line":3,"column":0},"end":{"line":3,"column":13}},"2":{"start":{"line":7,"column":2},"end":{"line":7,"column":null}},"3":{"start":{"line":12,"column":2},"end":{"line":12,"column":null}},"4":{"start":{"line":17,"column":2},"end":{"line":17,"column":null}}},"fnMap":{},"branchMap":{},"s":{"0":0,"1":0,"2":0,"3":0,"4":0},"f":{},"b":{}}
}
