TN:
SF:src\app.module.ts
FNF:0
FNH:0
DA:1,0
DA:2,0
DA:3,0
DA:4,0
DA:5,0
DA:6,0
DA:7,0
DA:8,0
DA:9,0
DA:10,0
DA:11,0
DA:12,0
DA:13,0
DA:14,0
DA:15,0
DA:16,0
DA:17,0
DA:18,0
DA:19,0
DA:20,0
DA:55,0
LF:21
LH:0
BRF:0
BRH:0
end_of_record
TN:
SF:src\config.validation.ts
FN:6,(anonymous_0)
FNF:1
FNH:0
FNDA:0,(anonymous_0)
DA:1,0
DA:6,0
DA:7,0
DA:16,0
LF:4
LH:0
BRDA:11,0,0,0
BRDA:11,0,1,0
BRF:2
BRH:0
end_of_record
TN:
SF:src\health.controller.ts
FN:6,(anonymous_4)
FN:9,(anonymous_5)
FN:16,(anonymous_6)
FNF:3
FNH:0
FNDA:0,(anonymous_4)
FNDA:0,(anonymous_5)
FNDA:0,(anonymous_6)
DA:1,0
DA:2,0
DA:5,0
DA:6,0
DA:9,0
DA:10,0
DA:11,0
DA:12,0
DA:16,0
DA:17,0
DA:18,0
DA:19,0
DA:21,0
LF:13
LH:0
BRDA:11,0,0,0
BRDA:11,0,1,0
BRDA:11,1,0,0
BRDA:11,1,1,0
BRF:4
BRH:0
end_of_record
TN:
SF:src\instrument.ts
FNF:0
FNH:0
DA:9,0
DA:10,0
DA:12,0
DA:14,0
DA:15,0
LF:5
LH:0
BRDA:14,0,0,0
BRDA:14,0,1,0
BRDA:17,1,0,0
BRDA:17,1,1,0
BRDA:20,2,0,0
BRDA:20,2,1,0
BRDA:21,3,0,0
BRDA:21,3,1,0
BRF:8
BRH:0
end_of_record
TN:
SF:src\modules\admin\admin.module.ts
FNF:0
FNH:0
DA:1,0
DA:6,0
LF:2
LH:0
BRF:0
BRH:0
end_of_record
TN:
SF:src\modules\admin\admin.setup.ts
FN:10,setupAdmin
FN:151,(anonymous_1)
FNF:2
FNH:0
FNDA:0,setupAdmin
FNDA:0,(anonymous_1)
DA:1,0
DA:3,0
DA:4,0
DA:5,0
DA:8,0
DA:10,0
DA:14,0
DA:15,0
DA:17,0
DA:19,0
DA:20,0
DA:27,0
DA:28,0
DA:29,0
DA:30,0
DA:32,0
DA:34,0
DA:42,0
DA:136,0
DA:140,0
DA:147,0
DA:152,0
DA:153,0
DA:154,0
DA:169,0
DA:171,0
LF:26
LH:0
BRDA:17,0,0,0
BRDA:17,0,1,0
BRDA:17,0,2,0
BRDA:19,1,0,0
BRDA:19,1,1,0
BRDA:19,2,0,0
BRDA:19,2,1,0
BRDA:147,3,0,0
BRDA:147,3,1,0
BRDA:147,4,0,0
BRDA:147,4,1,0
BRDA:152,5,0,0
BRDA:152,5,1,0
BRDA:154,6,0,0
BRDA:154,6,1,0
BRF:15
BRH:0
end_of_record
TN:
SF:src\modules\auth\auth.controller.ts
FN:39,(anonymous_4)
FN:47,(anonymous_5)
FN:57,(anonymous_6)
FN:70,(anonymous_7)
FN:86,(anonymous_8)
FN:97,(anonymous_9)
FN:104,(anonymous_10)
FNF:7
FNH:0
FNDA:0,(anonymous_4)
FNDA:0,(anonymous_5)
FNDA:0,(anonymous_6)
FNDA:0,(anonymous_7)
FNDA:0,(anonymous_8)
FNDA:0,(anonymous_9)
FNDA:0,(anonymous_10)
DA:1,0
DA:13,0
DA:15,0
DA:16,0
DA:17,0
DA:18,0
DA:19,0
DA:20,0
DA:21,0
DA:22,0
DA:23,0
DA:25,0
DA:26,0
DA:28,0
DA:38,0
DA:40,0
DA:41,0
DA:47,0
DA:48,0
DA:49,0
DA:50,0
DA:57,0
DA:58,0
DA:62,0
DA:63,0
DA:70,0
DA:75,0
DA:76,0
DA:80,0
DA:81,0
DA:86,0
DA:87,0
DA:88,0
DA:89,0
DA:91,0
DA:97,0
DA:104,0
DA:108,0
DA:109,0
DA:110,0
DA:111,0
LF:41
LH:0
BRDA:26,0,0,0
BRDA:26,0,1,0
BRDA:31,1,0,0
BRDA:31,1,1,0
BRDA:88,2,0,0
BRDA:88,2,1,0
BRF:6
BRH:0
end_of_record
TN:
SF:src\modules\auth\auth.module.ts
FN:17,(anonymous_1)
FNF:1
FNH:0
FNDA:0,(anonymous_1)
DA:1,0
DA:2,0
DA:3,0
DA:4,0
DA:5,0
DA:6,0
DA:7,0
DA:8,0
DA:9,0
DA:17,0
DA:30,0
LF:11
LH:0
BRF:0
BRH:0
end_of_record
TN:
SF:src\modules\auth\auth.service.ts
FN:20,(anonymous_2)
FN:27,(anonymous_3)
FN:42,(anonymous_4)
FN:52,(anonymous_5)
FN:78,(anonymous_6)
FN:92,(anonymous_7)
FN:112,(anonymous_8)
FN:120,(anonymous_9)
FNF:8
FNH:8
FNDA:17,(anonymous_2)
FNDA:2,(anonymous_3)
FNDA:4,(anonymous_4)
FNDA:3,(anonymous_5)
FNDA:4,(anonymous_6)
FNDA:3,(anonymous_7)
FNDA:1,(anonymous_8)
FNDA:3,(anonymous_9)
DA:1,1
DA:6,1
DA:7,1
DA:8,1
DA:9,1
DA:10,1
DA:12,1
DA:13,1
DA:16,1
DA:19,1
DA:21,17
DA:22,17
DA:23,17
DA:24,17
DA:28,2
DA:29,2
DA:31,1
DA:32,1
DA:39,1
DA:43,4
DA:44,4
DA:46,2
DA:47,2
DA:49,1
DA:58,3
DA:59,3
DA:61,2
DA:62,2
DA:63,1
DA:69,1
DA:79,4
DA:80,4
DA:85,4
DA:86,3
DA:89,1
DA:93,3
DA:94,3
DA:99,3
DA:100,2
DA:104,1
DA:109,1
DA:113,1
DA:114,1
DA:121,3
DA:122,3
DA:124,3
DA:126,3
DA:130,3
DA:131,3
DA:133,3
DA:134,3
DA:136,3
DA:144,3
LF:53
LH:53
BRDA:29,0,0,1
BRDA:29,0,1,1
BRDA:44,1,0,2
BRDA:44,1,1,2
BRDA:44,2,0,4
BRDA:44,2,1,3
BRDA:47,3,0,1
BRDA:47,3,1,1
BRDA:59,4,0,1
BRDA:59,4,1,2
BRDA:62,5,0,1
BRDA:62,5,1,1
BRDA:85,6,0,3
BRDA:85,6,1,1
BRDA:85,7,0,4
BRDA:85,7,1,3
BRDA:85,7,2,2
BRDA:99,8,0,2
BRDA:99,8,1,1
BRDA:99,9,0,3
BRDA:99,9,1,2
BRDA:99,9,2,1
BRDA:99,9,3,1
BRF:23
BRH:23
end_of_record
TN:
SF:src\modules\auth\decorators\current-user.decorator.ts
FN:5,(anonymous_0)
FNF:1
FNH:0
FNDA:0,(anonymous_0)
DA:1,0
DA:4,0
DA:6,0
DA:7,0
LF:4
LH:0
BRF:0
BRH:0
end_of_record
TN:
SF:src\modules\auth\decorators\public.decorator.ts
FN:4,(anonymous_0)
FNF:1
FNH:0
FNDA:0,(anonymous_0)
DA:1,0
DA:3,0
DA:4,0
LF:3
LH:0
BRF:0
BRH:0
end_of_record
TN:
SF:src\modules\auth\decorators\roles.decorator.ts
FN:5,(anonymous_0)
FNF:1
FNH:0
FNDA:0,(anonymous_0)
DA:1,0
DA:4,0
DA:5,0
LF:3
LH:0
BRF:0
BRH:0
end_of_record
TN:
SF:src\modules\auth\dto\login.dto.ts
FNF:0
FNH:0
DA:1,0
DA:3,0
DA:5,0
DA:9,0
LF:4
LH:0
BRF:0
BRH:0
end_of_record
TN:
SF:src\modules\auth\dto\register.dto.ts
FNF:0
FNH:0
DA:1,0
DA:9,0
DA:11,0
DA:16,0
DA:21,0
DA:26,0
LF:6
LH:0
BRF:0
BRH:0
end_of_record
TN:
SF:src\modules\auth\guards\google-auth.guard.ts
FNF:0
FNH:0
DA:1,0
DA:2,0
DA:5,0
LF:3
LH:0
BRF:0
BRH:0
end_of_record
TN:
SF:src\modules\auth\guards\jwt-auth.guard.ts
FN:8,(anonymous_2)
FN:12,(anonymous_3)
FNF:2
FNH:0
FNDA:0,(anonymous_2)
FNDA:0,(anonymous_3)
DA:1,0
DA:2,0
DA:3,0
DA:4,0
DA:7,0
DA:8,0
DA:9,0
DA:13,0
DA:17,0
DA:18,0
LF:10
LH:0
BRDA:17,0,0,0
BRDA:17,0,1,0
BRF:2
BRH:0
end_of_record
TN:
SF:src\modules\auth\guards\jwt-refresh.guard.ts
FN:12,(anonymous_2)
FN:14,(anonymous_3)
FNF:2
FNH:0
FNDA:0,(anonymous_2)
FNDA:0,(anonymous_3)
DA:1,0
DA:8,0
DA:11,0
DA:12,0
DA:15,0
DA:17,0
DA:20,0
DA:22,0
DA:23,0
DA:25,0
DA:26,0
LF:11
LH:0
BRDA:17,0,0,0
BRDA:17,0,1,0
BRDA:20,1,0,0
BRDA:20,1,1,0
BRDA:23,2,0,0
BRDA:23,2,1,0
BRF:6
BRH:0
end_of_record
TN:
SF:src\modules\auth\guards\optional-jwt.guard.ts
FN:6,(anonymous_1)
FNF:1
FNH:0
FNDA:0,(anonymous_1)
DA:1,0
DA:2,0
DA:5,0
DA:7,0
LF:4
LH:0
BRF:0
BRH:0
end_of_record
TN:
SF:src\modules\auth\guards\roles.guard.ts
FN:8,(anonymous_2)
FN:10,(anonymous_3)
FNF:2
FNH:0
FNDA:0,(anonymous_2)
FNDA:0,(anonymous_3)
DA:1,0
DA:2,0
DA:4,0
DA:7,0
DA:8,0
DA:11,0
DA:15,0
DA:17,0
DA:18,0
LF:9
LH:0
BRDA:15,0,0,0
BRDA:15,0,1,0
BRF:2
BRH:0
end_of_record
TN:
SF:src\modules\auth\strategies\google.strategy.ts
FN:9,(anonymous_2)
FN:21,(anonymous_3)
FNF:2
FNH:0
FNDA:0,(anonymous_2)
FNDA:0,(anonymous_3)
DA:1,0
DA:2,0
DA:3,0
DA:4,0
DA:5,0
DA:8,0
DA:11,0
DA:13,0
DA:27,0
DA:28,0
DA:29,0
DA:31,0
DA:33,0
DA:40,0
LF:14
LH:0
BRDA:31,0,0,0
BRDA:31,0,1,0
BRF:2
BRH:0
end_of_record
TN:
SF:src\modules\auth\strategies\jwt.strategy.ts
FN:15,(anonymous_2)
FN:26,(anonymous_3)
FNF:2
FNH:0
FNDA:0,(anonymous_2)
FNDA:0,(anonymous_3)
DA:1,0
DA:2,0
DA:3,0
DA:4,0
DA:5,0
DA:14,0
DA:17,0
DA:19,0
DA:27,0
DA:28,0
DA:29,0
LF:11
LH:0
BRDA:28,0,0,0
BRDA:28,0,1,0
BRF:2
BRH:0
end_of_record
TN:
SF:src\modules\cart\cart.controller.ts
FN:23,(anonymous_4)
FN:27,(anonymous_5)
FN:36,(anonymous_6)
FN:51,(anonymous_7)
FN:62,(anonymous_8)
FN:71,(anonymous_9)
FNF:6
FNH:0
FNDA:0,(anonymous_4)
FNDA:0,(anonymous_5)
FNDA:0,(anonymous_6)
FNDA:0,(anonymous_7)
FNDA:0,(anonymous_8)
FNDA:0,(anonymous_9)
DA:1,0
DA:12,0
DA:13,0
DA:14,0
DA:15,0
DA:17,0
DA:18,0
DA:22,0
DA:23,0
DA:27,0
DA:31,0
DA:36,0
DA:41,0
DA:51,0
DA:57,0
DA:62,0
DA:67,0
DA:71,0
DA:75,0
LF:19
LH:0
BRF:0
BRH:0
end_of_record
TN:
SF:src\modules\cart\cart.module.ts
FNF:0
FNH:0
DA:1,0
DA:2,0
DA:3,0
DA:10,0
LF:4
LH:0
BRF:0
BRH:0
end_of_record
TN:
SF:src\modules\cart\cart.service.ts
FN:29,(anonymous_2)
FN:31,(anonymous_3)
FN:42,(anonymous_4)
FN:84,(anonymous_5)
FN:111,(anonymous_6)
FN:126,(anonymous_7)
FN:170,(anonymous_8)
FN:174,(anonymous_9)
FN:190,(anonymous_10)
FN:191,(anonymous_11)
FN:205,(anonymous_12)
FN:212,(anonymous_13)
FNF:12
FNH:11
FNDA:30,(anonymous_2)
FNDA:14,(anonymous_3)
FNDA:7,(anonymous_4)
FNDA:4,(anonymous_5)
FNDA:3,(anonymous_6)
FNDA:5,(anonymous_7)
FNDA:0,(anonymous_8)
FNDA:25,(anonymous_9)
FNDA:14,(anonymous_10)
FNDA:10,(anonymous_11)
FNDA:10,(anonymous_12)
FNDA:10,(anonymous_13)
DA:1,3
DA:6,3
DA:8,3
DA:28,3
DA:29,30
DA:32,14
DA:33,14
DA:34,1
DA:39,14
DA:48,7
DA:51,7
DA:52,5
DA:54,4
DA:55,4
DA:56,1
DA:60,1
DA:63,4
DA:67,4
DA:68,4
DA:70,3
DA:71,1
DA:76,2
DA:81,3
DA:90,4
DA:91,4
DA:93,3
DA:94,1
DA:97,2
DA:100,2
DA:101,2
DA:103,1
DA:108,1
DA:116,3
DA:117,3
DA:119,2
DA:123,2
DA:127,5
DA:131,5
DA:133,3
DA:134,3
DA:135,1
DA:139,1
DA:142,2
DA:143,2
DA:151,2
DA:152,1
DA:157,1
DA:167,2
DA:171,0
DA:175,25
DA:176,7
DA:181,18
DA:182,18
DA:187,0
DA:191,14
DA:204,14
DA:205,10
DA:209,14
DA:212,10
LF:59
LH:57
BRDA:33,0,0,1
BRDA:33,0,1,13
BRDA:51,1,0,2
BRDA:51,1,1,5
BRDA:51,2,0,7
BRDA:51,2,1,6
BRDA:52,3,0,1
BRDA:52,3,1,4
BRDA:55,4,0,1
BRDA:55,4,1,3
BRDA:67,5,0,4
BRDA:67,5,1,2
BRDA:68,6,0,1
BRDA:68,6,1,3
BRDA:70,7,0,1
BRDA:70,7,1,2
BRDA:91,8,0,1
BRDA:91,8,1,3
BRDA:93,9,0,1
BRDA:93,9,1,2
BRDA:100,10,0,0
BRDA:100,10,1,2
BRDA:101,11,0,1
BRDA:101,11,1,1
BRDA:117,12,0,1
BRDA:117,12,1,2
BRDA:131,13,0,2
BRDA:131,13,1,3
BRDA:131,14,0,5
BRDA:131,14,1,4
BRDA:134,15,0,1
BRDA:134,15,1,2
BRDA:151,16,0,1
BRDA:151,16,1,1
BRDA:175,17,0,7
BRDA:175,17,1,18
BRDA:181,18,0,18
BRDA:181,18,1,0
BRDA:198,19,0,10
BRDA:198,19,1,10
BRF:40
BRH:38
end_of_record
TN:
SF:src\modules\cart\dto\add-to-cart.dto.ts
FNF:0
FNH:0
DA:1,0
DA:3,0
DA:5,0
DA:9,0
LF:4
LH:0
BRF:0
BRH:0
end_of_record
TN:
SF:src\modules\cart\dto\update-cart-item.dto.ts
FNF:0
FNH:0
DA:1,0
DA:3,0
DA:6,0
LF:3
LH:0
BRF:0
BRH:0
end_of_record
TN:
SF:src\modules\categories\categories.controller.ts
FN:22,(anonymous_4)
FN:26,(anonymous_5)
FN:32,(anonymous_6)
FN:38,(anonymous_7)
FN:44,(anonymous_8)
FN:50,(anonymous_9)
FNF:6
FNH:0
FNDA:0,(anonymous_4)
FNDA:0,(anonymous_5)
FNDA:0,(anonymous_6)
FNDA:0,(anonymous_7)
FNDA:0,(anonymous_8)
FNDA:0,(anonymous_9)
DA:1,0
DA:11,0
DA:12,0
DA:13,0
DA:14,0
DA:15,0
DA:16,0
DA:17,0
DA:21,0
DA:22,0
DA:26,0
DA:27,0
DA:32,0
DA:33,0
DA:38,0
DA:39,0
DA:44,0
DA:45,0
DA:50,0
DA:51,0
LF:20
LH:0
BRF:0
BRH:0
end_of_record
TN:
SF:src\modules\categories\categories.module.ts
FNF:0
FNH:0
DA:1,0
DA:2,0
DA:3,0
DA:10,0
LF:4
LH:0
BRF:0
BRH:0
end_of_record
TN:
SF:src\modules\categories\categories.service.ts
FN:7,(anonymous_2)
FN:9,(anonymous_3)
FN:17,(anonymous_4)
FN:26,(anonymous_5)
FN:42,(anonymous_6)
FN:58,(anonymous_7)
FN:63,(anonymous_8)
FNF:7
FNH:0
FNDA:0,(anonymous_2)
FNDA:0,(anonymous_3)
FNDA:0,(anonymous_4)
FNDA:0,(anonymous_5)
FNDA:0,(anonymous_6)
FNDA:0,(anonymous_7)
FNDA:0,(anonymous_8)
DA:1,0
DA:2,0
DA:6,0
DA:7,0
DA:10,0
DA:18,0
DA:22,0
DA:23,0
DA:33,0
DA:34,0
DA:49,0
DA:50,0
DA:51,0
DA:52,0
DA:53,0
DA:55,0
DA:59,0
DA:60,0
DA:64,0
DA:65,0
DA:66,0
LF:21
LH:0
BRDA:22,0,0,0
BRDA:22,0,1,0
BRDA:37,1,0,0
BRDA:37,1,1,0
BRDA:52,2,0,0
BRDA:52,2,1,0
BRDA:53,3,0,0
BRDA:53,3,1,0
BRDA:65,4,0,0
BRDA:65,4,1,0
BRF:10
BRH:0
end_of_record
TN:
SF:src\modules\categories\dto\category.dto.ts
FNF:0
FNH:0
DA:1,0
DA:3,0
DA:7,0
DA:12,0
DA:16,0
DA:20,0
DA:24,0
DA:27,0
DA:31,0
DA:36,0
DA:40,0
DA:44,0
DA:48,0
LF:13
LH:0
BRF:0
BRH:0
end_of_record
TN:
SF:src\modules\email\email.module.ts
FNF:0
FNH:0
DA:1,0
DA:2,0
DA:8,0
LF:3
LH:0
BRF:0
BRH:0
end_of_record
TN:
SF:src\modules\email\email.service.ts
FN:20,(anonymous_2)
FN:29,(anonymous_3)
FN:42,(anonymous_4)
FN:54,(anonymous_5)
FN:69,(anonymous_6)
FN:99,(anonymous_7)
FNF:6
FNH:0
FNDA:0,(anonymous_2)
FNDA:0,(anonymous_3)
FNDA:0,(anonymous_4)
FNDA:0,(anonymous_5)
FNDA:0,(anonymous_6)
FNDA:0,(anonymous_7)
DA:1,3
DA:2,3
DA:3,3
DA:4,3
DA:5,3
DA:6,3
DA:7,3
DA:15,3
DA:18,0
DA:20,0
DA:21,0
DA:22,0
DA:23,0
DA:24,0
DA:25,0
DA:36,0
DA:37,0
DA:48,0
DA:49,0
DA:62,0
DA:63,0
DA:76,0
DA:77,0
DA:86,0
DA:87,0
DA:92,0
DA:93,0
DA:95,0
DA:99,0
DA:100,0
DA:101,0
DA:106,0
DA:108,0
LF:33
LH:8
BRDA:22,0,0,0
BRDA:22,0,1,0
BRDA:24,1,0,0
BRDA:24,1,1,0
BRDA:86,2,0,0
BRDA:86,2,1,0
BRF:6
BRH:0
end_of_record
TN:
SF:src\modules\email\templates\order-confirmation.template.ts
FN:14,formatPrice
FN:18,orderConfirmationTemplate
FN:21,(anonymous_2)
FNF:3
FNH:0
FNDA:0,formatPrice
FNDA:0,orderConfirmationTemplate
FNDA:0,(anonymous_2)
DA:15,0
DA:18,3
DA:19,0
DA:22,0
DA:30,0
LF:5
LH:1
BRF:0
BRH:0
end_of_record
TN:
SF:src\modules\email\templates\payment-confirmed.template.ts
FN:1,formatPrice
FN:11,paymentConfirmedTemplate
FNF:2
FNH:0
FNDA:0,formatPrice
FNDA:0,paymentConfirmedTemplate
DA:2,0
DA:11,3
DA:12,0
LF:3
LH:1
BRF:0
BRH:0
end_of_record
TN:
SF:src\modules\email\templates\shipping-notification.template.ts
FN:9,shippingNotificationTemplate
FNF:1
FNH:0
FNDA:0,shippingNotificationTemplate
DA:9,3
DA:10,0
DA:14,0
LF:3
LH:1
BRDA:10,0,0,0
BRDA:10,0,1,0
BRF:2
BRH:0
end_of_record
TN:
SF:src\modules\orders\orders.controller.ts
FN:25,(anonymous_4)
FN:29,(anonymous_5)
FN:40,(anonymous_6)
FN:46,(anonymous_7)
FN:55,(anonymous_8)
FN:62,(anonymous_9)
FNF:6
FNH:0
FNDA:0,(anonymous_4)
FNDA:0,(anonymous_5)
FNDA:0,(anonymous_6)
FNDA:0,(anonymous_7)
FNDA:0,(anonymous_8)
FNDA:0,(anonymous_9)
DA:1,0
DA:12,0
DA:13,0
DA:14,0
DA:15,0
DA:16,0
DA:17,0
DA:18,0
DA:19,0
DA:20,0
DA:21,0
DA:24,0
DA:25,0
DA:29,0
DA:34,0
DA:35,0
DA:40,0
DA:41,0
DA:46,0
DA:47,0
DA:55,0
DA:56,0
DA:62,0
DA:66,0
LF:24
LH:0
BRDA:34,0,0,0
BRDA:34,0,1,0
BRF:2
BRH:0
end_of_record
TN:
SF:src\modules\orders\orders.module.ts
FNF:0
FNH:0
DA:1,0
DA:2,0
DA:3,0
DA:4,0
DA:5,0
DA:6,0
DA:14,0
LF:7
LH:0
BRF:0
BRH:0
end_of_record
TN:
SF:src\modules\orders\orders.service.ts
FN:32,(anonymous_2)
FN:39,(anonymous_3)
FN:101,(anonymous_4)
FN:146,(anonymous_5)
FN:177,(anonymous_6)
FN:185,(anonymous_7)
FN:190,(anonymous_8)
FN:198,(anonymous_9)
FN:207,(anonymous_10)
FN:228,(anonymous_11)
FN:236,(anonymous_12)
FNF:11
FNH:9
FNDA:28,(anonymous_2)
FNDA:20,(anonymous_3)
FNDA:15,(anonymous_4)
FNDA:22,(anonymous_5)
FNDA:22,(anonymous_6)
FNDA:0,(anonymous_7)
FNDA:1,(anonymous_8)
FNDA:2,(anonymous_9)
FNDA:0,(anonymous_10)
FNDA:1,(anonymous_11)
FNDA:15,(anonymous_12)
DA:1,2
DA:6,2
DA:7,2
DA:8,2
DA:9,2
DA:10,2
DA:24,2
DA:31,2
DA:33,28
DA:34,28
DA:35,28
DA:36,28
DA:62,20
DA:64,20
DA:65,1
DA:66,1
DA:68,20
DA:70,18
DA:71,1
DA:83,17
DA:85,17
DA:86,2
DA:89,2
DA:90,15
DA:91,14
DA:93,1
DA:96,15
DA:97,15
DA:98,15
DA:101,15
DA:103,15
DA:106,15
DA:107,24
DA:110,24
DA:111,2
DA:115,22
DA:122,13
DA:146,22
DA:158,13
DA:161,13
DA:162,12
DA:165,13
DA:169,13
DA:172,13
DA:177,22
DA:185,0
DA:187,13
DA:191,1
DA:199,2
DA:203,2
DA:204,1
DA:208,0
DA:209,0
DA:210,0
DA:212,0
DA:214,0
DA:225,0
DA:229,1
DA:239,15
DA:242,15
DA:246,15
DA:250,15
DA:251,15
LF:63
LH:56
BRDA:64,0,0,1
BRDA:64,0,1,19
BRDA:64,1,0,20
BRDA:64,1,1,3
BRDA:64,1,2,3
BRDA:66,2,0,1
BRDA:66,2,1,0
BRDA:68,3,0,2
BRDA:68,3,1,18
BRDA:70,4,0,1
BRDA:70,4,1,17
BRDA:70,5,0,18
BRDA:70,5,1,5
BRDA:85,6,0,2
BRDA:85,6,1,15
BRDA:87,7,0,2
BRDA:87,7,1,0
BRDA:89,8,0,1
BRDA:89,8,1,1
BRDA:90,9,0,14
BRDA:90,9,1,1
BRDA:110,10,0,2
BRDA:110,10,1,22
BRDA:110,11,0,24
BRDA:110,11,1,24
BRDA:125,12,0,13
BRDA:125,12,1,13
BRDA:127,13,0,13
BRDA:127,13,1,1
BRDA:144,14,0,1
BRDA:144,14,1,12
BRDA:159,15,0,13
BRDA:159,15,1,0
BRDA:161,16,0,12
BRDA:161,16,1,1
BRDA:203,17,0,1
BRDA:203,17,1,1
BRDA:208,18,0,0
BRDA:208,18,1,0
BRDA:209,19,0,0
BRDA:209,19,1,0
BRDA:212,20,0,0
BRDA:212,20,1,0
BRF:43
BRH:34
end_of_record
TN:
SF:src\modules\orders\dto\admin-orders-query.dto.ts
FNF:0
FNH:0
DA:1,0
DA:2,0
DA:4,0
DA:7,0
DA:12,0
DA:18,0
LF:6
LH:0
BRF:0
BRH:0
end_of_record
TN:
SF:src\modules\orders\dto\create-order.dto.ts
FN:63,(anonymous_2)
FNF:1
FNH:0
FNDA:0,(anonymous_2)
DA:1,0
DA:12,0
DA:13,0
DA:19,0
DA:24,0
DA:29,0
DA:34,0
DA:39,0
DA:43,0
DA:48,0
DA:53,0
DA:56,0
DA:59,0
DA:63,0
DA:64,0
DA:67,0
DA:72,0
DA:77,0
DA:81,0
DA:86,0
DA:90,0
LF:21
LH:0
BRF:0
BRH:0
end_of_record
TN:
SF:src\modules\orders\dto\update-order-status.dto.ts
FNF:0
FNH:0
DA:1,0
DA:2,0
DA:4,0
DA:6,0
LF:4
LH:0
BRF:0
BRH:0
end_of_record
TN:
SF:src\modules\payments\payments.controller.ts
FN:27,(anonymous_4)
FN:45,(anonymous_5)
FN:71,(anonymous_6)
FN:77,(anonymous_7)
FNF:4
FNH:0
FNDA:0,(anonymous_4)
FNDA:0,(anonymous_5)
FNDA:0,(anonymous_6)
FNDA:0,(anonymous_7)
DA:1,0
DA:16,0
DA:17,0
DA:18,0
DA:19,0
DA:20,0
DA:24,0
DA:25,0
DA:28,0
DA:29,0
DA:45,0
DA:49,0
DA:50,0
DA:52,0
DA:53,0
DA:57,0
DA:58,0
DA:60,0
DA:63,0
DA:66,0
DA:67,0
DA:71,0
DA:72,0
DA:77,0
DA:78,0
DA:79,0
LF:26
LH:0
BRDA:49,0,0,0
BRDA:49,0,1,0
BRDA:52,1,0,0
BRDA:52,1,1,0
BRF:4
BRH:0
end_of_record
TN:
SF:src\modules\payments\payments.module.ts
FNF:0
FNH:0
DA:1,0
DA:2,0
DA:3,0
DA:4,0
DA:5,0
DA:13,0
LF:6
LH:0
BRF:0
BRH:0
end_of_record
TN:
SF:src\modules\payments\payments.service.ts
FN:14,(anonymous_2)
FN:21,(anonymous_3)
FN:31,(anonymous_4)
FN:83,(anonymous_5)
FN:107,(anonymous_6)
FN:159,(anonymous_7)
FN:162,(anonymous_8)
FN:189,(anonymous_9)
FN:202,(anonymous_10)
FN:245,(anonymous_11)
FN:268,(anonymous_12)
FN:296,(anonymous_13)
FN:302,(anonymous_14)
FNF:13
FNH:12
FNDA:31,(anonymous_2)
FNDA:7,(anonymous_3)
FNDA:7,(anonymous_4)
FNDA:11,(anonymous_5)
FNDA:6,(anonymous_6)
FNDA:0,(anonymous_7)
FNDA:5,(anonymous_8)
FNDA:1,(anonymous_9)
FNDA:5,(anonymous_10)
FNDA:5,(anonymous_11)
FNDA:1,(anonymous_12)
FNDA:4,(anonymous_13)
FNDA:4,(anonymous_14)
DA:1,3
DA:2,3
DA:3,3
DA:4,3
DA:6,3
DA:7,3
DA:8,3
DA:11,3
DA:12,31
DA:15,31
DA:16,31
DA:17,31
DA:18,31
DA:22,7
DA:27,7
DA:28,7
DA:29,7
DA:31,7
DA:38,7
DA:39,7
DA:47,7
DA:57,7
DA:71,7
DA:72,1
DA:75,6
DA:84,11
DA:86,11
DA:89,5
DA:90,5
DA:94,5
DA:98,5
DA:103,1
DA:108,6
DA:113,6
DA:114,1
DA:115,1
DA:119,5
DA:120,2
DA:123,2
DA:127,3
DA:131,3
DA:147,3
DA:151,3
DA:159,0
DA:166,5
DA:171,5
DA:172,0
DA:173,0
DA:176,5
DA:178,2
DA:181,3
DA:190,1
DA:202,3
DA:203,5
DA:204,5
DA:213,5
DA:214,4
DA:216,4
DA:217,4
DA:218,4
DA:222,3
DA:223,1
DA:224,2
DA:225,1
DA:234,1
DA:246,5
DA:251,5
DA:253,4
DA:254,1
DA:255,1
DA:258,3
DA:259,1
DA:262,2
DA:263,1
DA:266,1
DA:268,1
DA:269,1
DA:274,1
DA:279,1
DA:280,1
DA:287,1
DA:302,4
DA:303,4
DA:311,4
DA:316,4
DA:317,4
DA:324,4
LF:87
LH:84
BRDA:38,0,0,7
BRDA:38,0,1,0
BRDA:62,1,0,6
BRDA:62,1,1,1
BRDA:64,2,0,1
BRDA:64,2,1,0
BRDA:71,3,0,1
BRDA:71,3,1,6
BRDA:86,4,0,5
BRDA:86,4,1,5
BRDA:86,4,2,4
BRDA:86,4,3,5
BRDA:86,4,4,1
BRDA:113,5,0,1
BRDA:113,5,1,5
BRDA:119,6,0,2
BRDA:119,6,1,3
BRDA:127,7,0,3
BRDA:127,7,1,0
BRDA:129,8,0,0
BRDA:129,8,1,0
BRDA:171,9,0,0
BRDA:171,9,1,5
BRDA:176,10,0,2
BRDA:176,10,1,3
BRDA:213,11,0,1
BRDA:213,11,1,4
BRDA:222,12,0,1
BRDA:222,12,1,2
BRDA:224,13,0,1
BRDA:224,13,1,1
BRDA:251,14,0,1
BRDA:251,14,1,4
BRDA:253,15,0,1
BRDA:253,15,1,3
BRDA:258,16,0,1
BRDA:258,16,1,2
BRDA:262,17,0,1
BRDA:262,17,1,1
BRF:39
BRH:33
end_of_record
TN:
SF:src\modules\payments\stripe.client.ts
FN:27,(anonymous_2)
FN:48,(anonymous_3)
FN:55,(anonymous_4)
FN:94,(anonymous_5)
FN:98,(anonymous_6)
FN:102,(anonymous_7)
FNF:6
FNH:0
FNDA:0,(anonymous_2)
FNDA:0,(anonymous_3)
FNDA:0,(anonymous_4)
FNDA:0,(anonymous_5)
FNDA:0,(anonymous_6)
FNDA:0,(anonymous_7)
DA:1,3
DA:2,3
DA:3,3
DA:21,3
DA:22,0
DA:27,0
DA:28,0
DA:29,0
DA:36,0
DA:39,0
DA:41,0
DA:42,0
DA:51,0
DA:55,0
DA:81,0
DA:84,0
DA:95,0
DA:99,0
DA:103,0
DA:104,0
DA:108,0
LF:21
LH:4
BRDA:41,0,0,0
BRDA:41,0,1,0
BRDA:62,1,0,0
BRDA:62,1,1,0
BRDA:103,2,0,0
BRDA:103,2,1,0
BRF:6
BRH:0
end_of_record
TN:
SF:src\modules\prisma\prisma.module.ts
FNF:0
FNH:0
DA:1,0
DA:2,0
DA:9,0
LF:3
LH:0
BRF:0
BRH:0
end_of_record
TN:
SF:src\modules\prisma\prisma.service.ts
FN:9,(anonymous_1)
FN:13,(anonymous_2)
FNF:2
FNH:0
FNDA:0,(anonymous_1)
FNDA:0,(anonymous_2)
DA:1,5
DA:2,5
DA:5,5
DA:10,0
DA:14,0
LF:5
LH:3
BRF:0
BRH:0
end_of_record
TN:
SF:src\modules\products\products.controller.ts
FN:33,(anonymous_4)
FN:40,(anonymous_5)
FN:46,(anonymous_6)
FN:52,(anonymous_7)
FN:58,(anonymous_8)
FN:64,(anonymous_9)
FN:70,(anonymous_10)
FN:76,(anonymous_11)
FN:83,(anonymous_12)
FN:94,(anonymous_13)
FNF:10
FNH:0
FNDA:0,(anonymous_4)
FNDA:0,(anonymous_5)
FNDA:0,(anonymous_6)
FNDA:0,(anonymous_7)
FNDA:0,(anonymous_8)
FNDA:0,(anonymous_9)
FNDA:0,(anonymous_10)
FNDA:0,(anonymous_11)
FNDA:0,(anonymous_12)
FNDA:0,(anonymous_13)
DA:1,0
DA:14,0
DA:15,0
DA:16,0
DA:17,0
DA:18,0
DA:19,0
DA:20,0
DA:21,0
DA:22,0
DA:32,0
DA:34,0
DA:35,0
DA:40,0
DA:41,0
DA:46,0
DA:47,0
DA:52,0
DA:53,0
DA:58,0
DA:59,0
DA:64,0
DA:65,0
DA:70,0
DA:71,0
DA:76,0
DA:77,0
DA:83,0
DA:88,0
DA:89,0
DA:94,0
DA:95,0
DA:96,0
DA:97,0
LF:34
LH:0
BRF:0
BRH:0
end_of_record
TN:
SF:src\modules\products\products.module.ts
FNF:0
FNH:0
DA:1,0
DA:2,0
DA:3,0
DA:4,0
DA:12,0
LF:5
LH:0
BRF:0
BRH:0
end_of_record
TN:
SF:src\modules\products\products.service.ts
FN:13,(anonymous_2)
FN:15,(anonymous_3)
FN:77,(anonymous_4)
FN:86,(anonymous_5)
FN:106,(anonymous_6)
FN:128,(anonymous_7)
FN:136,(anonymous_8)
FN:151,(anonymous_9)
FN:164,(anonymous_10)
FN:178,(anonymous_11)
FN:185,(anonymous_12)
FNF:11
FNH:0
FNDA:0,(anonymous_2)
FNDA:0,(anonymous_3)
FNDA:0,(anonymous_4)
FNDA:0,(anonymous_5)
FNDA:0,(anonymous_6)
FNDA:0,(anonymous_7)
FNDA:0,(anonymous_8)
FNDA:0,(anonymous_9)
FNDA:0,(anonymous_10)
FNDA:0,(anonymous_11)
FNDA:0,(anonymous_12)
DA:1,0
DA:2,0
DA:5,0
DA:12,0
DA:13,0
DA:27,0
DA:28,0
DA:29,0
DA:31,0
DA:60,0
DA:71,0
DA:78,0
DA:82,0
DA:83,0
DA:99,0
DA:100,0
DA:119,0
DA:120,0
DA:121,0
DA:122,0
DA:123,0
DA:125,0
DA:129,0
DA:130,0
DA:146,0
DA:161,0
DA:165,0
DA:166,0
DA:179,0
DA:180,0
DA:181,0
DA:182,0
DA:186,0
DA:187,0
DA:188,0
LF:35
LH:0
BRDA:27,0,0,0
BRDA:27,0,1,0
BRDA:28,1,0,0
BRDA:28,1,1,0
BRDA:33,2,0,0
BRDA:33,2,1,0
BRDA:34,3,0,0
BRDA:34,3,1,0
BRDA:35,4,0,0
BRDA:35,4,1,0
BRDA:36,5,0,0
BRDA:36,5,1,0
BRDA:37,6,0,0
BRDA:37,6,1,0
BRDA:38,7,0,0
BRDA:38,7,1,0
BRDA:45,8,0,0
BRDA:45,8,1,0
BRDA:45,9,0,0
BRDA:45,9,1,0
BRDA:51,10,0,0
BRDA:51,10,1,0
BRDA:52,11,0,0
BRDA:52,11,1,0
BRDA:82,12,0,0
BRDA:82,12,1,0
BRDA:82,13,0,0
BRDA:82,13,1,0
BRDA:122,14,0,0
BRDA:122,14,1,0
BRDA:180,15,0,0
BRDA:180,15,1,0
BRDA:187,16,0,0
BRDA:187,16,1,0
BRF:34
BRH:0
end_of_record
TN:
SF:src\modules\products\dto\product.dto.ts
FNF:0
FNH:0
DA:1,0
DA:13,0
DA:17,0
DA:22,0
DA:26,0
DA:31,0
DA:34,0
DA:39,0
DA:43,0
DA:47,0
DA:52,0
DA:57,0
DA:62,0
DA:65,0
DA:69,0
DA:74,0
DA:78,0
DA:83,0
DA:87,0
DA:92,0
DA:96,0
DA:100,0
DA:105,0
DA:110,0
DA:115,0
DA:118,0
DA:122,0
DA:127,0
DA:131,0
DA:135,0
DA:139,0
DA:142,0
DA:145,0
DA:149,0
DA:153,0
DA:157,0
DA:161,0
DA:166,0
DA:171,0
DA:175,0
DA:178,0
DA:181,0
DA:185,0
DA:189,0
DA:193,0
DA:198,0
DA:203,0
DA:208,0
DA:212,0
LF:49
LH:0
BRF:0
BRH:0
end_of_record
TN:
SF:src\modules\shipping\shipping.controller.ts
FN:12,(anonymous_4)
FN:16,(anonymous_5)
FN:22,(anonymous_6)
FN:28,(anonymous_7)
FNF:4
FNH:0
FNDA:0,(anonymous_4)
FNDA:0,(anonymous_5)
FNDA:0,(anonymous_6)
FNDA:0,(anonymous_7)
DA:1,0
DA:2,0
DA:3,0
DA:4,0
DA:5,0
DA:6,0
DA:7,0
DA:11,0
DA:12,0
DA:16,0
DA:17,0
DA:22,0
DA:23,0
DA:28,0
DA:29,0
LF:15
LH:0
BRF:0
BRH:0
end_of_record
TN:
SF:src\modules\shipping\shipping.module.ts
FNF:0
FNH:0
DA:1,0
DA:2,0
DA:3,0
DA:4,0
DA:5,0
DA:6,0
DA:7,0
DA:8,0
DA:16,0
LF:9
LH:0
BRF:0
BRH:0
end_of_record
TN:
SF:src\modules\shipping\shipping.service.ts
FN:44,(anonymous_2)
FN:53,(anonymous_3)
FN:57,(anonymous_4)
FN:64,(anonymous_5)
FN:177,(anonymous_6)
FN:202,(anonymous_7)
FN:208,(anonymous_8)
FNF:7
FNH:0
FNDA:0,(anonymous_2)
FNDA:0,(anonymous_3)
FNDA:0,(anonymous_4)
FNDA:0,(anonymous_5)
FNDA:0,(anonymous_6)
FNDA:0,(anonymous_7)
FNDA:0,(anonymous_8)
DA:1,0
DA:2,0
DA:3,0
DA:4,0
DA:5,0
DA:6,0
DA:7,0
DA:8,0
DA:10,0
DA:16,0
DA:41,0
DA:42,0
DA:45,0
DA:46,0
DA:47,0
DA:48,0
DA:49,0
DA:50,0
DA:54,0
DA:58,0
DA:62,0
DA:64,0
DA:65,0
DA:66,0
DA:69,0
DA:71,0
DA:78,0
DA:80,0
DA:85,0
DA:86,0
DA:87,0
DA:88,0
DA:90,0
DA:91,0
DA:92,0
DA:96,0
DA:99,0
DA:101,0
DA:104,0
DA:117,0
DA:118,0
DA:119,0
DA:120,0
DA:123,0
DA:136,0
DA:137,0
DA:138,0
DA:139,0
DA:143,0
DA:166,0
DA:168,0
DA:177,0
DA:179,0
DA:181,0
DA:182,0
DA:184,0
DA:198,0
DA:203,0
DA:204,0
DA:205,0
DA:209,0
DA:211,0
DA:213,0
DA:215,0
LF:64
LH:0
BRDA:62,0,0,0
BRDA:62,0,1,0
BRDA:65,1,0,0
BRDA:65,1,1,0
BRDA:78,2,0,0
BRDA:78,2,1,0
BRDA:78,2,2,0
BRDA:87,3,0,0
BRDA:87,3,1,0
BRDA:91,4,0,0
BRDA:91,4,1,0
BRDA:204,5,0,0
BRDA:204,5,1,0
BRDA:209,6,0,0
BRDA:209,6,1,0
BRDA:209,6,2,0
BRF:16
BRH:0
end_of_record
TN:
SF:src\modules\shipping\carriers\dhl.client.ts
FN:30,(anonymous_2)
FN:48,(anonymous_3)
FN:100,(anonymous_4)
FNF:3
FNH:0
FNDA:0,(anonymous_2)
FNDA:0,(anonymous_3)
FNDA:0,(anonymous_4)
DA:1,0
DA:2,0
DA:3,0
DA:25,0
DA:28,0
DA:31,0
DA:32,0
DA:36,0
DA:38,0
DA:49,0
DA:50,0
DA:52,0
DA:90,0
DA:91,0
DA:93,0
DA:95,0
DA:97,0
DA:101,0
LF:18
LH:0
BRDA:32,0,0,0
BRDA:32,0,1,0
BRDA:95,1,0,0
BRDA:95,1,1,0
BRF:4
BRH:0
end_of_record
TN:
SF:src\modules\shipping\carriers\gls.client.ts
FN:31,(anonymous_2)
FN:49,(anonymous_3)
FN:80,(anonymous_4)
FNF:3
FNH:0
FNDA:0,(anonymous_2)
FNDA:0,(anonymous_3)
FNDA:0,(anonymous_4)
DA:1,0
DA:2,0
DA:3,0
DA:26,0
DA:29,0
DA:32,0
DA:33,0
DA:37,0
DA:39,0
DA:50,0
DA:68,0
DA:69,0
DA:71,0
DA:73,0
DA:81,0
LF:15
LH:0
BRDA:33,0,0,0
BRDA:33,0,1,0
BRDA:74,1,0,0
BRDA:74,1,1,0
BRDA:75,2,0,0
BRDA:75,2,1,0
BRF:6
BRH:0
end_of_record
TN:
SF:src\modules\shipping\carriers\inpost.client.ts
FN:32,(anonymous_2)
FN:59,(anonymous_3)
FN:104,(anonymous_4)
FN:118,(anonymous_5)
FN:123,(anonymous_6)
FNF:5
FNH:0
FNDA:0,(anonymous_2)
FNDA:0,(anonymous_3)
FNDA:0,(anonymous_4)
FNDA:0,(anonymous_5)
FNDA:0,(anonymous_6)
DA:1,0
DA:2,0
DA:3,0
DA:4,0
DA:25,0
DA:28,0
DA:30,0
DA:32,0
DA:33,0
DA:34,0
DA:35,0
DA:39,0
DA:41,0
DA:49,0
DA:50,0
DA:53,0
DA:60,0
DA:61,0
DA:64,0
DA:86,0
DA:91,0
DA:92,0
DA:94,0
DA:105,0
DA:106,0
DA:107,0
DA:110,0
DA:115,0
DA:119,0
DA:124,0
DA:125,0
DA:127,0
DA:134,0
DA:136,0
DA:140,0
LF:35
LH:0
BRDA:35,0,0,0
BRDA:35,0,1,0
BRDA:49,1,0,0
BRDA:49,1,1,0
BRDA:60,2,0,0
BRDA:60,2,1,0
BRDA:105,3,0,0
BRDA:105,3,1,0
BRF:8
BRH:0
end_of_record
TN:
SF:src\modules\storage\storage.controller.ts
FNF:0
FNH:0
DA:1,0
DA:7,0
LF:2
LH:0
BRF:0
BRH:0
end_of_record
TN:
SF:src\modules\storage\storage.module.ts
FNF:0
FNH:0
DA:1,0
DA:2,0
DA:3,0
DA:10,0
LF:4
LH:0
BRF:0
BRH:0
end_of_record
TN:
SF:src\modules\storage\storage.service.ts
FN:12,(anonymous_2)
FN:19,(anonymous_3)
FN:42,(anonymous_4)
FN:58,(anonymous_5)
FNF:4
FNH:0
FNDA:0,(anonymous_2)
FNDA:0,(anonymous_3)
FNDA:0,(anonymous_4)
FNDA:0,(anonymous_5)
DA:1,0
DA:2,0
DA:3,0
DA:5,0
DA:6,0
DA:9,0
DA:12,0
DA:13,0
DA:23,0
DA:24,0
DA:26,0
DA:33,0
DA:35,0
DA:39,0
DA:43,0
DA:45,0
DA:49,0
DA:51,0
DA:55,0
DA:59,0
DA:60,0
LF:21
LH:0
BRDA:33,0,0,0
BRDA:33,0,1,0
BRDA:49,1,0,0
BRDA:49,1,1,0
BRDA:60,2,0,0
BRDA:60,2,1,0
BRF:6
BRH:0
end_of_record
TN:
SF:src\modules\users\users.controller.ts
FN:21,(anonymous_4)
FN:24,(anonymous_5)
FN:30,(anonymous_6)
FN:40,(anonymous_7)
FN:45,(anonymous_8)
FN:50,(anonymous_9)
FN:59,(anonymous_10)
FNF:7
FNH:0
FNDA:0,(anonymous_4)
FNDA:0,(anonymous_5)
FNDA:0,(anonymous_6)
FNDA:0,(anonymous_7)
FNDA:0,(anonymous_8)
FNDA:0,(anonymous_9)
FNDA:0,(anonymous_10)
DA:1,0
DA:11,0
DA:12,0
DA:13,0
DA:15,0
DA:16,0
DA:20,0
DA:21,0
DA:24,0
DA:25,0
DA:26,0
DA:30,0
DA:34,0
DA:35,0
DA:36,0
DA:40,0
DA:41,0
DA:45,0
DA:46,0
DA:50,0
DA:55,0
DA:59,0
DA:60,0
LF:23
LH:0
BRF:0
BRH:0
end_of_record
TN:
SF:src\modules\users\users.module.ts
FNF:0
FNH:0
DA:1,0
DA:2,0
DA:3,0
DA:10,0
LF:4
LH:0
BRF:0
BRH:0
end_of_record
TN:
SF:src\modules\users\users.service.ts
FN:7,(anonymous_2)
FN:9,(anonymous_3)
FN:13,(anonymous_4)
FN:17,(anonymous_5)
FN:21,(anonymous_6)
FN:25,(anonymous_7)
FN:29,(anonymous_8)
FN:36,(anonymous_9)
FN:48,(anonymous_10)
FN:63,(anonymous_11)
FNF:10
FNH:0
FNDA:0,(anonymous_2)
FNDA:0,(anonymous_3)
FNDA:0,(anonymous_4)
FNDA:0,(anonymous_5)
FNDA:0,(anonymous_6)
FNDA:0,(anonymous_7)
FNDA:0,(anonymous_8)
FNDA:0,(anonymous_9)
FNDA:0,(anonymous_10)
FNDA:0,(anonymous_11)
DA:1,1
DA:2,1
DA:6,1
DA:7,0
DA:10,0
DA:14,0
DA:18,0
DA:22,0
DA:26,0
DA:30,0
DA:37,0
DA:38,0
DA:43,0
DA:49,0
DA:52,0
DA:54,0
DA:55,0
DA:60,0
DA:64,0
DA:67,0
DA:68,0
LF:21
LH:3
BRDA:37,0,0,0
BRDA:37,0,1,0
BRDA:52,1,0,0
BRDA:52,1,1,0
BRDA:54,2,0,0
BRDA:54,2,1,0
BRDA:67,3,0,0
BRDA:67,3,1,0
BRF:8
BRH:0
end_of_record
TN:
SF:src\modules\users\dto\address.dto.ts
FNF:0
FNH:0
DA:1,0
DA:10,0
DA:14,0
DA:19,0
DA:24,0
DA:29,0
DA:34,0
DA:38,0
DA:43,0
DA:48,0
DA:52,0
DA:55,0
DA:59,0
DA:64,0
DA:69,0
DA:74,0
DA:79,0
DA:84,0
DA:89,0
DA:94,0
DA:98,0
LF:21
LH:0
BRF:0
BRH:0
end_of_record
TN:
SF:src\modules\users\dto\update-profile.dto.ts
FNF:0
FNH:0
DA:1,0
DA:3,0
DA:7,0
DA:12,0
DA:17,0
LF:5
LH:0
BRF:0
BRH:0
end_of_record
